{"/home/edideaur/Documents/artistgrid/components/global-player.tsx": {"path":"/home/edideaur/Documents/artistgrid/components/global-player.tsx","statementMap":{"0":{"start":{"line":34,"column":2},"end":{"line":34,"column":null}},"1":{"start":{"line":34,"column":34},"end":{"line":34,"column":null}},"2":{"start":{"line":35,"column":15},"end":{"line":35,"column":null}},"3":{"start":{"line":36,"column":15},"end":{"line":36,"column":null}},"4":{"start":{"line":37,"column":2},"end":{"line":37,"column":null}},"5":{"start":{"line":39,"column":6},"end":{"line":187,"column":null}},"6":{"start":{"line":48,"column":23},"end":{"line":48,"column":null}},"7":{"start":{"line":49,"column":24},"end":{"line":49,"column":null}},"8":{"start":{"line":50,"column":8},"end":{"line":53,"column":null}},"9":{"start":{"line":51,"column":4},"end":{"line":51,"column":null}},"10":{"start":{"line":52,"column":4},"end":{"line":52,"column":null}},"11":{"start":{"line":54,"column":8},"end":{"line":57,"column":null}},"12":{"start":{"line":55,"column":4},"end":{"line":55,"column":null}},"13":{"start":{"line":56,"column":4},"end":{"line":56,"column":null}},"14":{"start":{"line":58,"column":8},"end":{"line":64,"column":null}},"15":{"start":{"line":59,"column":4},"end":{"line":61,"column":null}},"16":{"start":{"line":60,"column":6},"end":{"line":60,"column":null}},"17":{"start":{"line":62,"column":4},"end":{"line":62,"column":null}},"18":{"start":{"line":63,"column":4},"end":{"line":63,"column":null}},"19":{"start":{"line":65,"column":2},"end":{"line":65,"column":null}},"20":{"start":{"line":65,"column":15},"end":{"line":65,"column":null}},"21":{"start":{"line":66,"column":2},"end":{"line":185,"column":null}},"22":{"start":{"line":137,"column":16},"end":{"line":178,"column":null}},"23":{"start":{"line":140,"column":38},"end":{"line":140,"column":null}},"24":{"start":{"line":141,"column":37},"end":{"line":141,"column":null}},"25":{"start":{"line":165,"column":37},"end":{"line":165,"column":61}},"26":{"start":{"line":165,"column":61},"end":{"line":165,"column":72}},"27":{"start":{"line":173,"column":35},"end":{"line":173,"column":null}},"28":{"start":{"line":188,"column":13},"end":{"line":484,"column":null}},"29":{"start":{"line":201,"column":4},"end":{"line":202,"column":null}},"30":{"start":{"line":203,"column":25},"end":{"line":203,"column":null}},"31":{"start":{"line":204,"column":21},"end":{"line":204,"column":null}},"32":{"start":{"line":205,"column":18},"end":{"line":205,"column":null}},"33":{"start":{"line":206,"column":21},"end":{"line":206,"column":null}},"34":{"start":{"line":207,"column":22},"end":{"line":207,"column":null}},"35":{"start":{"line":208,"column":22},"end":{"line":208,"column":null}},"36":{"start":{"line":209,"column":19},"end":{"line":209,"column":null}},"37":{"start":{"line":210,"column":8},"end":{"line":220,"column":null}},"38":{"start":{"line":211,"column":4},"end":{"line":219,"column":null}},"39":{"start":{"line":212,"column":22},"end":{"line":212,"column":null}},"40":{"start":{"line":213,"column":6},"end":{"line":213,"column":null}},"41":{"start":{"line":214,"column":6},"end":{"line":214,"column":null}},"42":{"start":{"line":216,"column":6},"end":{"line":216,"column":null}},"43":{"start":{"line":217,"column":6},"end":{"line":217,"column":null}},"44":{"start":{"line":218,"column":6},"end":{"line":218,"column":null}},"45":{"start":{"line":221,"column":8},"end":{"line":224,"column":null}},"46":{"start":{"line":222,"column":44},"end":{"line":222,"column":null}},"47":{"start":{"line":225,"column":8},"end":{"line":228,"column":null}},"48":{"start":{"line":226,"column":23},"end":{"line":226,"column":null}},"49":{"start":{"line":229,"column":8},"end":{"line":232,"column":null}},"50":{"start":{"line":230,"column":23},"end":{"line":230,"column":null}},"51":{"start":{"line":233,"column":2},"end":{"line":233,"column":null}},"52":{"start":{"line":233,"column":27},"end":{"line":233,"column":null}},"53":{"start":{"line":234,"column":2},"end":{"line":482,"column":null}},"54":{"start":{"line":345,"column":37},"end":{"line":345,"column":null}},"55":{"start":{"line":346,"column":40},"end":{"line":346,"column":98}},"56":{"start":{"line":346,"column":98},"end":{"line":346,"column":120}},"57":{"start":{"line":347,"column":41},"end":{"line":347,"column":99}},"58":{"start":{"line":347,"column":99},"end":{"line":347,"column":121}},"59":{"start":{"line":376,"column":30},"end":{"line":376,"column":null}},"60":{"start":{"line":377,"column":20},"end":{"line":377,"column":null}},"61":{"start":{"line":378,"column":20},"end":{"line":378,"column":null}},"62":{"start":{"line":378,"column":31},"end":{"line":378,"column":null}},"63":{"start":{"line":388,"column":33},"end":{"line":388,"column":null}},"64":{"start":{"line":399,"column":33},"end":{"line":399,"column":null}},"65":{"start":{"line":434,"column":33},"end":{"line":434,"column":null}},"66":{"start":{"line":435,"column":36},"end":{"line":435,"column":94}},"67":{"start":{"line":435,"column":94},"end":{"line":435,"column":116}},"68":{"start":{"line":436,"column":37},"end":{"line":436,"column":95}},"69":{"start":{"line":436,"column":95},"end":{"line":436,"column":117}},"70":{"start":{"line":446,"column":23},"end":{"line":446,"column":null}},"71":{"start":{"line":471,"column":29},"end":{"line":471,"column":null}}},"fnMap":{"0":{"name":"formatTime","decl":{"start":{"line":33,"column":9},"end":{"line":33,"column":20}},"loc":{"start":{"line":33,"column":45},"end":{"line":38,"column":null}},"line":33},"1":{"name":"(anonymous_1)","decl":{"start":{"line":39,"column":6},"end":{"line":39,"column":20}},"loc":{"start":{"line":47,"column":23},"end":{"line":187,"column":null}},"line":47},"2":{"name":"(anonymous_2)","decl":{"start":{"line":50,"column":8},"end":{"line":50,"column":27}},"loc":{"start":{"line":50,"column":65},"end":{"line":53,"column":null}},"line":50},"3":{"name":"(anonymous_3)","decl":{"start":{"line":54,"column":8},"end":{"line":54,"column":26}},"loc":{"start":{"line":54,"column":64},"end":{"line":57,"column":null}},"line":54},"4":{"name":"(anonymous_4)","decl":{"start":{"line":58,"column":8},"end":{"line":58,"column":30}},"loc":{"start":{"line":58,"column":30},"end":{"line":64,"column":null}},"line":58},"5":{"name":"(anonymous_5)","decl":{"start":{"line":136,"column":21},"end":{"line":136,"column":26}},"loc":{"start":{"line":137,"column":16},"end":{"line":178,"column":null}},"line":137},"6":{"name":"(anonymous_6)","decl":{"start":{"line":140,"column":18},"end":{"line":140,"column":32}},"loc":{"start":{"line":140,"column":38},"end":{"line":140,"column":null}},"line":140},"7":{"name":"(anonymous_7)","decl":{"start":{"line":141,"column":18},"end":{"line":141,"column":31}},"loc":{"start":{"line":141,"column":37},"end":{"line":141,"column":null}},"line":141},"8":{"name":"(anonymous_8)","decl":{"start":{"line":165,"column":20},"end":{"line":165,"column":35}},"loc":{"start":{"line":165,"column":35},"end":{"line":165,"column":null}},"line":165},"9":{"name":"(anonymous_9)","decl":{"start":{"line":173,"column":20},"end":{"line":173,"column":35}},"loc":{"start":{"line":173,"column":35},"end":{"line":173,"column":null}},"line":173},"10":{"name":"GlobalPlayer","decl":{"start":{"line":188,"column":42},"end":{"line":188,"column":57}},"loc":{"start":{"line":188,"column":57},"end":{"line":484,"column":1}},"line":188},"11":{"name":"(anonymous_11)","decl":{"start":{"line":210,"column":29},"end":{"line":210,"column":47}},"loc":{"start":{"line":210,"column":47},"end":{"line":220,"column":5}},"line":210},"12":{"name":"(anonymous_12)","decl":{"start":{"line":221,"column":29},"end":{"line":221,"column":null}},"loc":{"start":{"line":222,"column":44},"end":{"line":222,"column":null}},"line":222},"13":{"name":"(anonymous_13)","decl":{"start":{"line":225,"column":28},"end":{"line":225,"column":null}},"loc":{"start":{"line":226,"column":23},"end":{"line":226,"column":null}},"line":226},"14":{"name":"(anonymous_14)","decl":{"start":{"line":229,"column":30},"end":{"line":229,"column":null}},"loc":{"start":{"line":230,"column":23},"end":{"line":230,"column":null}},"line":230},"15":{"name":"(anonymous_15)","decl":{"start":{"line":345,"column":20},"end":{"line":345,"column":31}},"loc":{"start":{"line":345,"column":37},"end":{"line":345,"column":null}},"line":345},"16":{"name":"(anonymous_16)","decl":{"start":{"line":346,"column":20},"end":{"line":346,"column":32}},"loc":{"start":{"line":346,"column":38},"end":{"line":346,"column":null}},"line":346},"17":{"name":"(anonymous_17)","decl":{"start":{"line":347,"column":20},"end":{"line":347,"column":33}},"loc":{"start":{"line":347,"column":39},"end":{"line":347,"column":null}},"line":347},"18":{"name":"(anonymous_18)","decl":{"start":{"line":375,"column":18},"end":{"line":375,"column":29}},"loc":{"start":{"line":375,"column":35},"end":{"line":379,"column":null}},"line":375},"19":{"name":"(anonymous_19)","decl":{"start":{"line":388,"column":18},"end":{"line":388,"column":33}},"loc":{"start":{"line":388,"column":33},"end":{"line":388,"column":null}},"line":388},"20":{"name":"(anonymous_20)","decl":{"start":{"line":399,"column":18},"end":{"line":399,"column":33}},"loc":{"start":{"line":399,"column":33},"end":{"line":399,"column":null}},"line":399},"21":{"name":"(anonymous_21)","decl":{"start":{"line":434,"column":16},"end":{"line":434,"column":27}},"loc":{"start":{"line":434,"column":33},"end":{"line":434,"column":null}},"line":434},"22":{"name":"(anonymous_22)","decl":{"start":{"line":435,"column":16},"end":{"line":435,"column":28}},"loc":{"start":{"line":435,"column":34},"end":{"line":435,"column":null}},"line":435},"23":{"name":"(anonymous_23)","decl":{"start":{"line":436,"column":16},"end":{"line":436,"column":29}},"loc":{"start":{"line":436,"column":35},"end":{"line":436,"column":null}},"line":436},"24":{"name":"(anonymous_24)","decl":{"start":{"line":446,"column":8},"end":{"line":446,"column":23}},"loc":{"start":{"line":446,"column":23},"end":{"line":446,"column":null}},"line":446},"25":{"name":"(anonymous_25)","decl":{"start":{"line":471,"column":14},"end":{"line":471,"column":29}},"loc":{"start":{"line":471,"column":29},"end":{"line":471,"column":null}},"line":471}},"branchMap":{"0":{"loc":{"start":{"line":34,"column":2},"end":{"line":34,"column":null}},"type":"if","locations":[{"start":{"line":34,"column":2},"end":{"line":34,"column":null}},{"start":{},"end":{}}],"line":34},"1":{"loc":{"start":{"line":34,"column":6},"end":{"line":34,"column":34}},"type":"binary-expr","locations":[{"start":{"line":34,"column":6},"end":{"line":34,"column":18}},{"start":{"line":34,"column":18},"end":{"line":34,"column":34}}],"line":34},"2":{"loc":{"start":{"line":59,"column":4},"end":{"line":61,"column":null}},"type":"if","locations":[{"start":{"line":59,"column":4},"end":{"line":61,"column":null}},{"start":{},"end":{}}],"line":59},"3":{"loc":{"start":{"line":59,"column":8},"end":{"line":59,"column":91}},"type":"binary-expr","locations":[{"start":{"line":59,"column":8},"end":{"line":59,"column":33}},{"start":{"line":59,"column":33},"end":{"line":59,"column":59}},{"start":{"line":59,"column":59},"end":{"line":59,"column":91}}],"line":59},"4":{"loc":{"start":{"line":65,"column":2},"end":{"line":65,"column":null}},"type":"if","locations":[{"start":{"line":65,"column":2},"end":{"line":65,"column":null}},{"start":{},"end":{}}],"line":65},"5":{"loc":{"start":{"line":106,"column":11},"end":{"line":128,"column":17}},"type":"binary-expr","locations":[{"start":{"line":106,"column":11},"end":{"line":106,"column":null}},{"start":{"line":107,"column":12},"end":{"line":128,"column":17}}],"line":106},"6":{"loc":{"start":{"line":110,"column":17},"end":{"line":121,"column":17}},"type":"cond-expr","locations":[{"start":{"line":111,"column":18},"end":{"line":119,"column":19}},{"start":{"line":119,"column":18},"end":{"line":121,"column":17}}],"line":110},"7":{"loc":{"start":{"line":128,"column":11},"end":{"line":182,"column":null}},"type":"cond-expr","locations":[{"start":{"line":129,"column":12},"end":{"line":134,"column":13}},{"start":{"line":134,"column":12},"end":{"line":182,"column":null}}],"line":128},"8":{"loc":{"start":{"line":143,"column":124},"end":{"line":143,"column":167}},"type":"cond-expr","locations":[{"start":{"line":143,"column":149},"end":{"line":143,"column":164}},{"start":{"line":143,"column":164},"end":{"line":143,"column":167}}],"line":143},"9":{"loc":{"start":{"line":143,"column":170},"end":{"line":143,"column":null}},"type":"cond-expr","locations":[{"start":{"line":143,"column":222},"end":{"line":143,"column":242}},{"start":{"line":143,"column":242},"end":{"line":143,"column":null}}],"line":143},"10":{"loc":{"start":{"line":143,"column":170},"end":{"line":143,"column":222}},"type":"binary-expr","locations":[{"start":{"line":143,"column":170},"end":{"line":143,"column":197}},{"start":{"line":143,"column":197},"end":{"line":143,"column":222}}],"line":143},"11":{"loc":{"start":{"line":147,"column":19},"end":{"line":156,"column":null}},"type":"cond-expr","locations":[{"start":{"line":148,"column":20},"end":{"line":156,"column":21}},{"start":{"line":156,"column":20},"end":{"line":156,"column":null}}],"line":147},"12":{"loc":{"start":{"line":138,"column":23},"end":{"line":138,"column":null}},"type":"binary-expr","locations":[{"start":{"line":138,"column":23},"end":{"line":138,"column":35}},{"start":{"line":138,"column":35},"end":{"line":138,"column":null}}],"line":138},"13":{"loc":{"start":{"line":208,"column":22},"end":{"line":208,"column":null}},"type":"binary-expr","locations":[{"start":{"line":208,"column":22},"end":{"line":208,"column":37}},{"start":{"line":208,"column":37},"end":{"line":208,"column":null}}],"line":208},"14":{"loc":{"start":{"line":209,"column":19},"end":{"line":209,"column":null}},"type":"cond-expr","locations":[{"start":{"line":209,"column":37},"end":{"line":209,"column":75}},{"start":{"line":209,"column":75},"end":{"line":209,"column":null}}],"line":209},"15":{"loc":{"start":{"line":211,"column":4},"end":{"line":219,"column":null}},"type":"if","locations":[{"start":{"line":211,"column":4},"end":{"line":219,"column":null}},{"start":{"line":215,"column":11},"end":{"line":219,"column":null}}],"line":211},"16":{"loc":{"start":{"line":211,"column":8},"end":{"line":211,"column":39}},"type":"binary-expr","locations":[{"start":{"line":211,"column":8},"end":{"line":211,"column":19}},{"start":{"line":211,"column":19},"end":{"line":211,"column":39}}],"line":211},"17":{"loc":{"start":{"line":212,"column":22},"end":{"line":212,"column":null}},"type":"binary-expr","locations":[{"start":{"line":212,"column":22},"end":{"line":212,"column":36}},{"start":{"line":212,"column":36},"end":{"line":212,"column":null}}],"line":212},"18":{"loc":{"start":{"line":233,"column":2},"end":{"line":233,"column":null}},"type":"if","locations":[{"start":{"line":233,"column":2},"end":{"line":233,"column":null}},{"start":{},"end":{}}],"line":233},"19":{"loc":{"start":{"line":250,"column":17},"end":{"line":261,"column":17}},"type":"cond-expr","locations":[{"start":{"line":251,"column":18},"end":{"line":259,"column":19}},{"start":{"line":259,"column":18},"end":{"line":261,"column":17}}],"line":250},"20":{"loc":{"start":{"line":266,"column":21},"end":{"line":266,"column":null}},"type":"binary-expr","locations":[{"start":{"line":266,"column":21},"end":{"line":266,"column":54}},{"start":{"line":266,"column":54},"end":{"line":266,"column":null}}],"line":266},"21":{"loc":{"start":{"line":275,"column":119},"end":{"line":275,"column":null}},"type":"cond-expr","locations":[{"start":{"line":275,"column":138},"end":{"line":275,"column":153}},{"start":{"line":275,"column":153},"end":{"line":275,"column":null}}],"line":275},"22":{"loc":{"start":{"line":285,"column":119},"end":{"line":285,"column":null}},"type":"cond-expr","locations":[{"start":{"line":285,"column":148},"end":{"line":285,"column":163}},{"start":{"line":285,"column":163},"end":{"line":285,"column":null}}],"line":285},"23":{"loc":{"start":{"line":289,"column":19},"end":{"line":292,"column":null}},"type":"cond-expr","locations":[{"start":{"line":290,"column":20},"end":{"line":292,"column":21}},{"start":{"line":292,"column":20},"end":{"line":292,"column":null}}],"line":289},"24":{"loc":{"start":{"line":309,"column":19},"end":{"line":312,"column":null}},"type":"cond-expr","locations":[{"start":{"line":310,"column":20},"end":{"line":312,"column":21}},{"start":{"line":312,"column":20},"end":{"line":312,"column":null}}],"line":309},"25":{"loc":{"start":{"line":342,"column":25},"end":{"line":342,"column":null}},"type":"binary-expr","locations":[{"start":{"line":342,"column":25},"end":{"line":342,"column":43}},{"start":{"line":342,"column":43},"end":{"line":342,"column":null}}],"line":342},"26":{"loc":{"start":{"line":363,"column":19},"end":{"line":366,"column":null}},"type":"cond-expr","locations":[{"start":{"line":364,"column":20},"end":{"line":366,"column":21}},{"start":{"line":366,"column":20},"end":{"line":366,"column":null}}],"line":363},"27":{"loc":{"start":{"line":363,"column":19},"end":{"line":363,"column":null}},"type":"binary-expr","locations":[{"start":{"line":363,"column":19},"end":{"line":363,"column":41}},{"start":{"line":363,"column":41},"end":{"line":363,"column":null}}],"line":363},"28":{"loc":{"start":{"line":374,"column":25},"end":{"line":374,"column":null}},"type":"cond-expr","locations":[{"start":{"line":374,"column":35},"end":{"line":374,"column":39}},{"start":{"line":374,"column":39},"end":{"line":374,"column":null}}],"line":374},"29":{"loc":{"start":{"line":378,"column":20},"end":{"line":378,"column":null}},"type":"if","locations":[{"start":{"line":378,"column":20},"end":{"line":378,"column":null}},{"start":{},"end":{}}],"line":378},"30":{"loc":{"start":{"line":390,"column":20},"end":{"line":390,"column":null}},"type":"cond-expr","locations":[{"start":{"line":390,"column":33},"end":{"line":390,"column":66}},{"start":{"line":390,"column":66},"end":{"line":390,"column":null}}],"line":390},"31":{"loc":{"start":{"line":401,"column":20},"end":{"line":401,"column":null}},"type":"cond-expr","locations":[{"start":{"line":401,"column":45},"end":{"line":401,"column":78}},{"start":{"line":401,"column":78},"end":{"line":401,"column":null}}],"line":401},"32":{"loc":{"start":{"line":406,"column":19},"end":{"line":411,"column":null}},"type":"binary-expr","locations":[{"start":{"line":406,"column":19},"end":{"line":406,"column":null}},{"start":{"line":407,"column":20},"end":{"line":411,"column":null}}],"line":406},"33":{"loc":{"start":{"line":431,"column":21},"end":{"line":431,"column":null}},"type":"binary-expr","locations":[{"start":{"line":431,"column":21},"end":{"line":431,"column":39}},{"start":{"line":431,"column":39},"end":{"line":431,"column":null}}],"line":431},"34":{"loc":{"start":{"line":454,"column":9},"end":{"line":478,"column":null}},"type":"binary-expr","locations":[{"start":{"line":454,"column":9},"end":{"line":454,"column":23}},{"start":{"line":454,"column":23},"end":{"line":454,"column":null}},{"start":{"line":455,"column":10},"end":{"line":478,"column":null}}],"line":454}},"s":{"0":0,"1":0,"2":0,"3":0,"4":0,"5":0,"6":0,"7":0,"8":0,"9":0,"10":0,"11":0,"12":0,"13":0,"14":0,"15":0,"16":0,"17":0,"18":0,"19":0,"20":0,"21":0,"22":0,"23":0,"24":0,"25":0,"26":0,"27":0,"28":0,"29":0,"30":0,"31":0,"32":0,"33":0,"34":0,"35":0,"36":0,"37":0,"38":0,"39":0,"40":0,"41":0,"42":0,"43":0,"44":0,"45":0,"46":0,"47":0,"48":0,"49":0,"50":0,"51":0,"52":0,"53":0,"54":0,"55":0,"56":0,"57":0,"58":0,"59":0,"60":0,"61":0,"62":0,"63":0,"64":0,"65":0,"66":0,"67":0,"68":0,"69":0,"70":0,"71":0},"f":{"0":0,"1":0,"2":0,"3":0,"4":0,"5":0,"6":0,"7":0,"8":0,"9":0,"10":0,"11":0,"12":0,"13":0,"14":0,"15":0,"16":0,"17":0,"18":0,"19":0,"20":0,"21":0,"22":0,"23":0,"24":0,"25":0},"b":{"0":[0,0],"1":[0,0],"2":[0,0],"3":[0,0,0],"4":[0,0],"5":[0,0],"6":[0,0],"7":[0,0],"8":[0,0],"9":[0,0],"10":[0,0],"11":[0,0],"12":[0,0],"13":[0,0],"14":[0,0],"15":[0,0],"16":[0,0],"17":[0,0],"18":[0,0],"19":[0,0],"20":[0,0],"21":[0,0],"22":[0,0],"23":[0,0],"24":[0,0],"25":[0,0],"26":[0,0],"27":[0,0],"28":[0,0],"29":[0,0],"30":[0,0],"31":[0,0],"32":[0,0],"33":[0,0],"34":[0,0,0]},"meta":{"lastBranch":35,"lastFunction":26,"lastStatement":72,"seen":{"f:33:9:33:20":0,"b:34:2:34:Infinity:undefined:undefined:undefined:undefined":0,"s:34:2:34:Infinity":0,"b:34:6:34:18:34:18:34:34":1,"s:34:34:34:Infinity":1,"s:35:15:35:Infinity":2,"s:36:15:36:Infinity":3,"s:37:2:37:Infinity":4,"s:39:6:187:Infinity":5,"f:39:6:39:20":1,"s:48:23:48:Infinity":6,"s:49:24:49:Infinity":7,"s:50:8:53:Infinity":8,"f:50:8:50:27":2,"s:51:4:51:Infinity":9,"s:52:4:52:Infinity":10,"s:54:8:57:Infinity":11,"f:54:8:54:26":3,"s:55:4:55:Infinity":12,"s:56:4:56:Infinity":13,"s:58:8:64:Infinity":14,"f:58:8:58:30":4,"b:59:4:61:Infinity:undefined:undefined:undefined:undefined":2,"s:59:4:61:Infinity":15,"b:59:8:59:33:59:33:59:59:59:59:59:91":3,"s:60:6:60:Infinity":16,"s:62:4:62:Infinity":17,"s:63:4:63:Infinity":18,"b:65:2:65:Infinity:undefined:undefined:undefined:undefined":4,"s:65:2:65:Infinity":19,"s:65:15:65:Infinity":20,"s:66:2:185:Infinity":21,"b:106:11:106:Infinity:107:12:128:17":5,"b:111:18:119:19:119:18:121:17":6,"b:129:12:134:13:134:12:182:Infinity":7,"f:136:21:136:26":5,"s:137:16:178:Infinity":22,"f:140:18:140:32":6,"s:140:38:140:Infinity":23,"f:141:18:141:31":7,"s:141:37:141:Infinity":24,"b:143:149:143:164:143:164:143:167":8,"b:143:222:143:242:143:242:143:Infinity":9,"b:143:170:143:197:143:197:143:222":10,"b:148:20:156:21:156:20:156:Infinity":11,"f:165:20:165:35":8,"s:165:37:165:61":25,"s:165:61:165:72":26,"f:173:20:173:35":9,"s:173:35:173:Infinity":27,"b:138:23:138:35:138:35:138:Infinity":12,"s:188:13:484:Infinity":28,"f:188:42:188:57":10,"s:201:4:202:Infinity":29,"s:203:25:203:Infinity":30,"s:204:21:204:Infinity":31,"s:205:18:205:Infinity":32,"s:206:21:206:Infinity":33,"s:207:22:207:Infinity":34,"s:208:22:208:Infinity":35,"b:208:22:208:37:208:37:208:Infinity":13,"s:209:19:209:Infinity":36,"b:209:37:209:75:209:75:209:Infinity":14,"s:210:8:220:Infinity":37,"f:210:29:210:47":11,"b:211:4:219:Infinity:215:11:219:Infinity":15,"s:211:4:219:Infinity":38,"b:211:8:211:19:211:19:211:39":16,"s:212:22:212:Infinity":39,"b:212:22:212:36:212:36:212:Infinity":17,"s:213:6:213:Infinity":40,"s:214:6:214:Infinity":41,"s:216:6:216:Infinity":42,"s:217:6:217:Infinity":43,"s:218:6:218:Infinity":44,"s:221:8:224:Infinity":45,"f:221:29:221:Infinity":12,"s:222:44:222:Infinity":46,"s:225:8:228:Infinity":47,"f:225:28:225:Infinity":13,"s:226:23:226:Infinity":48,"s:229:8:232:Infinity":49,"f:229:30:229:Infinity":14,"s:230:23:230:Infinity":50,"b:233:2:233:Infinity:undefined:undefined:undefined:undefined":18,"s:233:2:233:Infinity":51,"s:233:27:233:Infinity":52,"s:234:2:482:Infinity":53,"b:251:18:259:19:259:18:261:17":19,"b:266:21:266:54:266:54:266:Infinity":20,"b:275:138:275:153:275:153:275:Infinity":21,"b:285:148:285:163:285:163:285:Infinity":22,"b:290:20:292:21:292:20:292:Infinity":23,"b:310:20:312:21:312:20:312:Infinity":24,"b:342:25:342:43:342:43:342:Infinity":25,"f:345:20:345:31":15,"s:345:37:345:Infinity":54,"f:346:20:346:32":16,"s:346:40:346:98":55,"s:346:98:346:120":56,"f:347:20:347:33":17,"s:347:41:347:99":57,"s:347:99:347:121":58,"b:364:20:366:21:366:20:366:Infinity":26,"b:363:19:363:41:363:41:363:Infinity":27,"b:374:35:374:39:374:39:374:Infinity":28,"f:375:18:375:29":18,"s:376:30:376:Infinity":59,"s:377:20:377:Infinity":60,"b:378:20:378:Infinity:undefined:undefined:undefined:undefined":29,"s:378:20:378:Infinity":61,"s:378:31:378:Infinity":62,"f:388:18:388:33":19,"s:388:33:388:Infinity":63,"b:390:33:390:66:390:66:390:Infinity":30,"f:399:18:399:33":20,"s:399:33:399:Infinity":64,"b:401:45:401:78:401:78:401:Infinity":31,"b:406:19:406:Infinity:407:20:411:Infinity":32,"b:431:21:431:39:431:39:431:Infinity":33,"f:434:16:434:27":21,"s:434:33:434:Infinity":65,"f:435:16:435:28":22,"s:435:36:435:94":66,"s:435:94:435:116":67,"f:436:16:436:29":23,"s:436:37:436:95":68,"s:436:95:436:117":69,"f:446:8:446:23":24,"s:446:23:446:Infinity":70,"b:454:9:454:23:454:23:454:Infinity:455:10:478:Infinity":34,"f:471:14:471:29":25,"s:471:29:471:Infinity":71},"fnNames":{}}}
,"/home/edideaur/Documents/artistgrid/components/keyboard-shortcuts.tsx": {"path":"/home/edideaur/Documents/artistgrid/components/keyboard-shortcuts.tsx","statementMap":{"0":{"start":{"line":4,"column":18},"end":{"line":4,"column":null}},"1":{"start":{"line":5,"column":20},"end":{"line":5,"column":null}},"2":{"start":{"line":8,"column":63},"end":{"line":8,"column":null}},"3":{"start":{"line":10,"column":2},"end":{"line":53,"column":null}},"4":{"start":{"line":11,"column":10},"end":{"line":49,"column":null}},"5":{"start":{"line":12,"column":19},"end":{"line":12,"column":null}},"6":{"start":{"line":13,"column":6},"end":{"line":13,"column":null}},"7":{"start":{"line":13,"column":96},"end":{"line":13,"column":null}},"8":{"start":{"line":15,"column":6},"end":{"line":48,"column":null}},"9":{"start":{"line":17,"column":10},"end":{"line":17,"column":null}},"10":{"start":{"line":18,"column":10},"end":{"line":18,"column":null}},"11":{"start":{"line":19,"column":10},"end":{"line":19,"column":null}},"12":{"start":{"line":21,"column":10},"end":{"line":21,"column":null}},"13":{"start":{"line":22,"column":10},"end":{"line":22,"column":null}},"14":{"start":{"line":22,"column":34},"end":{"line":22,"column":null}},"15":{"start":{"line":23,"column":10},"end":{"line":23,"column":null}},"16":{"start":{"line":25,"column":10},"end":{"line":25,"column":null}},"17":{"start":{"line":26,"column":10},"end":{"line":26,"column":null}},"18":{"start":{"line":26,"column":34},"end":{"line":26,"column":null}},"19":{"start":{"line":27,"column":10},"end":{"line":27,"column":null}},"20":{"start":{"line":29,"column":10},"end":{"line":29,"column":null}},"21":{"start":{"line":30,"column":10},"end":{"line":30,"column":null}},"22":{"start":{"line":31,"column":10},"end":{"line":31,"column":null}},"23":{"start":{"line":33,"column":10},"end":{"line":33,"column":null}},"24":{"start":{"line":34,"column":10},"end":{"line":34,"column":null}},"25":{"start":{"line":35,"column":10},"end":{"line":35,"column":null}},"26":{"start":{"line":38,"column":10},"end":{"line":38,"column":null}},"27":{"start":{"line":39,"column":10},"end":{"line":39,"column":null}},"28":{"start":{"line":42,"column":10},"end":{"line":42,"column":null}},"29":{"start":{"line":43,"column":10},"end":{"line":43,"column":null}},"30":{"start":{"line":46,"column":10},"end":{"line":46,"column":null}},"31":{"start":{"line":47,"column":10},"end":{"line":47,"column":null}},"32":{"start":{"line":51,"column":4},"end":{"line":51,"column":null}},"33":{"start":{"line":52,"column":4},"end":{"line":52,"column":null}},"34":{"start":{"line":52,"column":17},"end":{"line":52,"column":null}},"35":{"start":{"line":55,"column":2},"end":{"line":55,"column":null}}},"fnMap":{"0":{"name":"KeyboardShortcuts","decl":{"start":{"line":7,"column":16},"end":{"line":7,"column":36}},"loc":{"start":{"line":7,"column":36},"end":{"line":56,"column":null}},"line":7},"1":{"name":"(anonymous_1)","decl":{"start":{"line":10,"column":2},"end":{"line":10,"column":18}},"loc":{"start":{"line":10,"column":18},"end":{"line":53,"column":5}},"line":10},"2":{"name":"(anonymous_2)","decl":{"start":{"line":11,"column":10},"end":{"line":11,"column":21}},"loc":{"start":{"line":11,"column":42},"end":{"line":49,"column":null}},"line":11},"3":{"name":"(anonymous_3)","decl":{"start":{"line":52,"column":4},"end":{"line":52,"column":17}},"loc":{"start":{"line":52,"column":17},"end":{"line":52,"column":null}},"line":52}},"branchMap":{"0":{"loc":{"start":{"line":13,"column":6},"end":{"line":13,"column":null}},"type":"if","locations":[{"start":{"line":13,"column":6},"end":{"line":13,"column":null}},{"start":{},"end":{}}],"line":13},"1":{"loc":{"start":{"line":13,"column":10},"end":{"line":13,"column":96}},"type":"binary-expr","locations":[{"start":{"line":13,"column":10},"end":{"line":13,"column":29}},{"start":{"line":13,"column":29},"end":{"line":13,"column":52}},{"start":{"line":13,"column":52},"end":{"line":13,"column":96}}],"line":13},"2":{"loc":{"start":{"line":15,"column":6},"end":{"line":48,"column":null}},"type":"switch","locations":[{"start":{"line":16,"column":8},"end":{"line":19,"column":null}},{"start":{"line":20,"column":8},"end":{"line":23,"column":null}},{"start":{"line":24,"column":8},"end":{"line":27,"column":null}},{"start":{"line":28,"column":8},"end":{"line":31,"column":null}},{"start":{"line":32,"column":8},"end":{"line":35,"column":null}},{"start":{"line":36,"column":8},"end":{"line":36,"column":null}},{"start":{"line":37,"column":8},"end":{"line":39,"column":null}},{"start":{"line":40,"column":8},"end":{"line":40,"column":null}},{"start":{"line":41,"column":8},"end":{"line":43,"column":null}},{"start":{"line":44,"column":8},"end":{"line":44,"column":null}},{"start":{"line":45,"column":8},"end":{"line":47,"column":null}}],"line":15},"3":{"loc":{"start":{"line":22,"column":10},"end":{"line":22,"column":null}},"type":"if","locations":[{"start":{"line":22,"column":10},"end":{"line":22,"column":null}},{"start":{},"end":{}}],"line":22},"4":{"loc":{"start":{"line":26,"column":10},"end":{"line":26,"column":null}},"type":"if","locations":[{"start":{"line":26,"column":10},"end":{"line":26,"column":null}},{"start":{},"end":{}}],"line":26},"5":{"loc":{"start":{"line":46,"column":20},"end":{"line":46,"column":44}},"type":"cond-expr","locations":[{"start":{"line":46,"column":39},"end":{"line":46,"column":43}},{"start":{"line":46,"column":43},"end":{"line":46,"column":44}}],"line":46}},"s":{"0":0,"1":0,"2":0,"3":0,"4":0,"5":0,"6":0,"7":0,"8":0,"9":0,"10":0,"11":0,"12":0,"13":0,"14":0,"15":0,"16":0,"17":0,"18":0,"19":0,"20":0,"21":0,"22":0,"23":0,"24":0,"25":0,"26":0,"27":0,"28":0,"29":0,"30":0,"31":0,"32":0,"33":0,"34":0,"35":0},"f":{"0":0,"1":0,"2":0,"3":0},"b":{"0":[0,0],"1":[0,0,0],"2":[0,0,0,0,0,0,0,0,0,0,0],"3":[0,0],"4":[0,0],"5":[0,0]},"meta":{"lastBranch":6,"lastFunction":4,"lastStatement":36,"seen":{"s:4:18:4:Infinity":0,"s:5:20:5:Infinity":1,"f:7:16:7:36":0,"s:8:63:8:Infinity":2,"s:10:2:53:Infinity":3,"f:10:2:10:18":1,"s:11:10:49:Infinity":4,"f:11:10:11:21":2,"s:12:19:12:Infinity":5,"b:13:6:13:Infinity:undefined:undefined:undefined:undefined":0,"s:13:6:13:Infinity":6,"b:13:10:13:29:13:29:13:52:13:52:13:96":1,"s:13:96:13:Infinity":7,"b:16:8:19:Infinity:20:8:23:Infinity:24:8:27:Infinity:28:8:31:Infinity:32:8:35:Infinity:36:8:36:Infinity:37:8:39:Infinity:40:8:40:Infinity:41:8:43:Infinity:44:8:44:Infinity:45:8:47:Infinity":2,"s:15:6:48:Infinity":8,"s:17:10:17:Infinity":9,"s:18:10:18:Infinity":10,"s:19:10:19:Infinity":11,"s:21:10:21:Infinity":12,"b:22:10:22:Infinity:undefined:undefined:undefined:undefined":3,"s:22:10:22:Infinity":13,"s:22:34:22:Infinity":14,"s:23:10:23:Infinity":15,"s:25:10:25:Infinity":16,"b:26:10:26:Infinity:undefined:undefined:undefined:undefined":4,"s:26:10:26:Infinity":17,"s:26:34:26:Infinity":18,"s:27:10:27:Infinity":19,"s:29:10:29:Infinity":20,"s:30:10:30:Infinity":21,"s:31:10:31:Infinity":22,"s:33:10:33:Infinity":23,"s:34:10:34:Infinity":24,"s:35:10:35:Infinity":25,"s:38:10:38:Infinity":26,"s:39:10:39:Infinity":27,"s:42:10:42:Infinity":28,"s:43:10:43:Infinity":29,"s:46:10:46:Infinity":30,"b:46:39:46:43:46:43:46:44":5,"s:47:10:47:Infinity":31,"s:51:4:51:Infinity":32,"s:52:4:52:Infinity":33,"f:52:4:52:17":3,"s:52:17:52:Infinity":34,"s:55:2:55:Infinity":35},"fnNames":{}}}
,"/home/edideaur/Documents/artistgrid/components/ui/button-variants.ts": {"path":"/home/edideaur/Documents/artistgrid/components/ui/button-variants.ts","statementMap":{"0":{"start":{"line":2,"column":13},"end":{"line":26,"column":null}}},"fnMap":{},"branchMap":{},"s":{"0":0},"f":{},"b":{},"meta":{"lastBranch":0,"lastFunction":0,"lastStatement":1,"seen":{"s:2:13:26:Infinity":0},"fnNames":{}}}
,"/home/edideaur/Documents/artistgrid/components/ui/button.tsx": {"path":"/home/edideaur/Documents/artistgrid/components/ui/button.tsx","statementMap":{"0":{"start":{"line":11,"column":6},"end":{"line":14,"column":null}},"1":{"start":{"line":12,"column":15},"end":{"line":12,"column":null}},"2":{"start":{"line":13,"column":2},"end":{"line":13,"column":null}},"3":{"start":{"line":15,"column":0},"end":{"line":15,"column":null}}},"fnMap":{"0":{"name":"(anonymous_0)","decl":{"start":{"line":11,"column":6},"end":{"line":11,"column":16}},"loc":{"start":{"line":11,"column":94},"end":{"line":14,"column":null}},"line":11}},"branchMap":{"0":{"loc":{"start":{"line":11,"column":44},"end":{"line":11,"column":61}},"type":"default-arg","locations":[{"start":{"line":11,"column":54},"end":{"line":11,"column":61}}],"line":11},"1":{"loc":{"start":{"line":12,"column":15},"end":{"line":12,"column":null}},"type":"cond-expr","locations":[{"start":{"line":12,"column":25},"end":{"line":12,"column":32}},{"start":{"line":12,"column":32},"end":{"line":12,"column":null}}],"line":12}},"s":{"0":0,"1":0,"2":0,"3":0},"f":{"0":0},"b":{"0":[0],"1":[0,0]},"meta":{"lastBranch":2,"lastFunction":1,"lastStatement":4,"seen":{"s:11:6:14:Infinity":0,"f:11:6:11:16":0,"b:11:54:11:61":0,"s:12:15:12:Infinity":1,"b:12:25:12:32:12:32:12:Infinity":1,"s:13:2:13:Infinity":2,"s:15:0:15:Infinity":3},"fnNames":{}}}
,"/home/edideaur/Documents/artistgrid/components/ui/dropdown-menu.tsx": {"path":"/home/edideaur/Documents/artistgrid/components/ui/dropdown-menu.tsx","statementMap":{"0":{"start":{"line":1,"column":0},"end":{"line":1,"column":null}},"1":{"start":{"line":6,"column":21},"end":{"line":6,"column":null}},"2":{"start":{"line":7,"column":28},"end":{"line":7,"column":null}},"3":{"start":{"line":9,"column":2},"end":{"line":20,"column":null}},"4":{"start":{"line":23,"column":0},"end":{"line":23,"column":null}},"5":{"start":{"line":25,"column":2},"end":{"line":34,"column":null}},"6":{"start":{"line":37,"column":0},"end":{"line":37,"column":null}},"7":{"start":{"line":39,"column":2},"end":{"line":55,"column":null}},"8":{"start":{"line":58,"column":0},"end":{"line":58,"column":null}},"9":{"start":{"line":60,"column":2},"end":{"line":65,"column":null}},"10":{"start":{"line":68,"column":0},"end":{"line":68,"column":null}},"11":{"start":{"line":70,"column":2},"end":{"line":70,"column":null}},"12":{"start":{"line":72,"column":0},"end":{"line":72,"column":null}}},"fnMap":{"0":{"name":"DropdownMenuContent","decl":{"start":{"line":8,"column":9},"end":{"line":8,"column":29}},"loc":{"start":{"line":8,"column":142},"end":{"line":22,"column":null}},"line":8},"1":{"name":"DropdownMenuItem","decl":{"start":{"line":24,"column":9},"end":{"line":24,"column":26}},"loc":{"start":{"line":24,"column":149},"end":{"line":36,"column":null}},"line":24},"2":{"name":"DropdownMenuCheckboxItem","decl":{"start":{"line":38,"column":9},"end":{"line":38,"column":34}},"loc":{"start":{"line":38,"column":155},"end":{"line":57,"column":null}},"line":38},"3":{"name":"DropdownMenuLabel","decl":{"start":{"line":59,"column":9},"end":{"line":59,"column":27}},"loc":{"start":{"line":59,"column":151},"end":{"line":67,"column":null}},"line":59},"4":{"name":"DropdownMenuSeparator","decl":{"start":{"line":69,"column":9},"end":{"line":69,"column":31}},"loc":{"start":{"line":69,"column":130},"end":{"line":71,"column":null}},"line":69}},"branchMap":{"0":{"loc":{"start":{"line":8,"column":42},"end":{"line":8,"column":58}},"type":"default-arg","locations":[{"start":{"line":8,"column":55},"end":{"line":8,"column":58}}],"line":8},"1":{"loc":{"start":{"line":30,"column":8},"end":{"line":30,"column":null}},"type":"binary-expr","locations":[{"start":{"line":30,"column":8},"end":{"line":30,"column":17}},{"start":{"line":30,"column":17},"end":{"line":30,"column":null}}],"line":30},"2":{"loc":{"start":{"line":63,"column":57},"end":{"line":63,"column":74}},"type":"binary-expr","locations":[{"start":{"line":63,"column":57},"end":{"line":63,"column":66}},{"start":{"line":63,"column":66},"end":{"line":63,"column":74}}],"line":63}},"s":{"0":0,"1":0,"2":0,"3":0,"4":0,"5":0,"6":0,"7":0,"8":0,"9":0,"10":0,"11":0,"12":0},"f":{"0":0,"1":0,"2":0,"3":0,"4":0},"b":{"0":[0],"1":[0,0],"2":[0,0]},"meta":{"lastBranch":3,"lastFunction":5,"lastStatement":13,"seen":{"s:1:0:1:Infinity":0,"s:6:21:6:Infinity":1,"s:7:28:7:Infinity":2,"f:8:9:8:29":0,"b:8:55:8:58":0,"s:9:2:20:Infinity":3,"s:23:0:23:Infinity":4,"f:24:9:24:26":1,"s:25:2:34:Infinity":5,"b:30:8:30:17:30:17:30:Infinity":1,"s:37:0:37:Infinity":6,"f:38:9:38:34":2,"s:39:2:55:Infinity":7,"s:58:0:58:Infinity":8,"f:59:9:59:27":3,"s:60:2:65:Infinity":9,"b:63:57:63:66:63:66:63:74":2,"s:68:0:68:Infinity":10,"f:69:9:69:31":4,"s:70:2:70:Infinity":11,"s:72:0:72:Infinity":12},"fnNames":{}}}
,"/home/edideaur/Documents/artistgrid/components/ui/input.tsx": {"path":"/home/edideaur/Documents/artistgrid/components/ui/input.tsx","statementMap":{"0":{"start":{"line":4,"column":2},"end":{"line":13,"column":null}},"1":{"start":{"line":16,"column":0},"end":{"line":16,"column":null}}},"fnMap":{"0":{"name":"Input","decl":{"start":{"line":3,"column":9},"end":{"line":3,"column":15}},"loc":{"start":{"line":3,"column":82},"end":{"line":15,"column":null}},"line":3}},"branchMap":{},"s":{"0":0,"1":0},"f":{"0":0},"b":{},"meta":{"lastBranch":0,"lastFunction":1,"lastStatement":2,"seen":{"f:3:9:3:15":0,"s:4:2:13:Infinity":0,"s:16:0:16:Infinity":1},"fnNames":{}}}
,"/home/edideaur/Documents/artistgrid/components/ui/progress.tsx": {"path":"/home/edideaur/Documents/artistgrid/components/ui/progress.tsx","statementMap":{"0":{"start":{"line":1,"column":0},"end":{"line":1,"column":null}},"1":{"start":{"line":6,"column":2},"end":{"line":16,"column":null}},"2":{"start":{"line":19,"column":0},"end":{"line":19,"column":null}}},"fnMap":{"0":{"name":"Progress","decl":{"start":{"line":5,"column":9},"end":{"line":5,"column":18}},"loc":{"start":{"line":5,"column":115},"end":{"line":18,"column":null}},"line":5}},"branchMap":{"0":{"loc":{"start":{"line":14,"column":50},"end":{"line":14,"column":62}},"type":"binary-expr","locations":[{"start":{"line":14,"column":50},"end":{"line":14,"column":59}},{"start":{"line":14,"column":59},"end":{"line":14,"column":62}}],"line":14}},"s":{"0":0,"1":0,"2":0},"f":{"0":0},"b":{"0":[0,0]},"meta":{"lastBranch":1,"lastFunction":1,"lastStatement":3,"seen":{"s:1:0:1:Infinity":0,"f:5:9:5:18":0,"s:6:2:16:Infinity":1,"b:14:50:14:59:14:59:14:62":0,"s:19:0:19:Infinity":2},"fnNames":{}}}
,"/home/edideaur/Documents/artistgrid/components/ui/select.tsx": {"path":"/home/edideaur/Documents/artistgrid/components/ui/select.tsx","statementMap":{"0":{"start":{"line":9,"column":15},"end":{"line":29,"column":null}},"1":{"start":{"line":11,"column":4},"end":{"line":29,"column":null}},"2":{"start":{"line":21,"column":10},"end":{"line":23,"column":null}},"3":{"start":{"line":30,"column":0},"end":{"line":30,"column":null}}},"fnMap":{"0":{"name":"(anonymous_0)","decl":{"start":{"line":9,"column":21},"end":{"line":9,"column":null}},"loc":{"start":{"line":11,"column":4},"end":{"line":29,"column":null}},"line":11},"1":{"name":"(anonymous_1)","decl":{"start":{"line":20,"column":17},"end":{"line":20,"column":22}},"loc":{"start":{"line":21,"column":10},"end":{"line":23,"column":null}},"line":21}},"branchMap":{},"s":{"0":0,"1":0,"2":0,"3":0},"f":{"0":0,"1":0},"b":{},"meta":{"lastBranch":0,"lastFunction":2,"lastStatement":4,"seen":{"s:9:15:29:Infinity":0,"f:9:21:9:Infinity":0,"s:11:4:29:Infinity":1,"f:20:17:20:22":1,"s:21:10:23:Infinity":2,"s:30:0:30:Infinity":3},"fnNames":{}}}
,"/home/edideaur/Documents/artistgrid/components/ui/skeleton.tsx": {"path":"/home/edideaur/Documents/artistgrid/components/ui/skeleton.tsx","statementMap":{"0":{"start":{"line":3,"column":2},"end":{"line":3,"column":null}}},"fnMap":{"0":{"name":"Skeleton","decl":{"start":{"line":2,"column":9},"end":{"line":2,"column":18}},"loc":{"start":{"line":2,"column":81},"end":{"line":4,"column":null}},"line":2}},"branchMap":{},"s":{"0":0},"f":{"0":0},"b":{},"meta":{"lastBranch":0,"lastFunction":1,"lastStatement":1,"seen":{"f:2:9:2:18":0,"s:3:2:3:Infinity":0},"fnNames":{}}}
,"/home/edideaur/Documents/artistgrid/components/ui/switch.tsx": {"path":"/home/edideaur/Documents/artistgrid/components/ui/switch.tsx","statementMap":{"0":{"start":{"line":5,"column":15},"end":{"line":23,"column":null}},"1":{"start":{"line":9,"column":2},"end":{"line":23,"column":null}},"2":{"start":{"line":24,"column":0},"end":{"line":24,"column":null}}},"fnMap":{"0":{"name":"(anonymous_0)","decl":{"start":{"line":5,"column":21},"end":{"line":5,"column":null}},"loc":{"start":{"line":9,"column":2},"end":{"line":23,"column":null}},"line":9}},"branchMap":{},"s":{"0":0,"1":0,"2":0},"f":{"0":0},"b":{},"meta":{"lastBranch":0,"lastFunction":1,"lastStatement":3,"seen":{"s:5:15:23:Infinity":0,"f:5:21:5:Infinity":0,"s:9:2:23:Infinity":1,"s:24:0:24:Infinity":2},"fnNames":{}}}
,"/home/edideaur/Documents/artistgrid/components/ui/tabs.tsx": {"path":"/home/edideaur/Documents/artistgrid/components/ui/tabs.tsx","statementMap":{"0":{"start":{"line":5,"column":13},"end":{"line":5,"column":null}},"1":{"start":{"line":7,"column":17},"end":{"line":19,"column":null}},"2":{"start":{"line":11,"column":2},"end":{"line":19,"column":null}},"3":{"start":{"line":20,"column":0},"end":{"line":20,"column":null}},"4":{"start":{"line":22,"column":20},"end":{"line":34,"column":null}},"5":{"start":{"line":26,"column":2},"end":{"line":34,"column":null}},"6":{"start":{"line":35,"column":0},"end":{"line":35,"column":null}},"7":{"start":{"line":37,"column":20},"end":{"line":49,"column":null}},"8":{"start":{"line":41,"column":2},"end":{"line":49,"column":null}},"9":{"start":{"line":50,"column":0},"end":{"line":50,"column":null}}},"fnMap":{"0":{"name":"(anonymous_0)","decl":{"start":{"line":7,"column":23},"end":{"line":7,"column":null}},"loc":{"start":{"line":11,"column":2},"end":{"line":19,"column":null}},"line":11},"1":{"name":"(anonymous_1)","decl":{"start":{"line":22,"column":26},"end":{"line":22,"column":null}},"loc":{"start":{"line":26,"column":2},"end":{"line":34,"column":null}},"line":26},"2":{"name":"(anonymous_2)","decl":{"start":{"line":37,"column":26},"end":{"line":37,"column":null}},"loc":{"start":{"line":41,"column":2},"end":{"line":49,"column":null}},"line":41}},"branchMap":{},"s":{"0":0,"1":0,"2":0,"3":0,"4":0,"5":0,"6":0,"7":0,"8":0,"9":0},"f":{"0":0,"1":0,"2":0},"b":{},"meta":{"lastBranch":0,"lastFunction":3,"lastStatement":10,"seen":{"s:5:13:5:Infinity":0,"s:7:17:19:Infinity":1,"f:7:23:7:Infinity":0,"s:11:2:19:Infinity":2,"s:20:0:20:Infinity":3,"s:22:20:34:Infinity":4,"f:22:26:22:Infinity":1,"s:26:2:34:Infinity":5,"s:35:0:35:Infinity":6,"s:37:20:49:Infinity":7,"f:37:26:37:Infinity":2,"s:41:2:49:Infinity":8,"s:50:0:50:Infinity":9},"fnNames":{}}}
,"/home/edideaur/Documents/artistgrid/components/ui/toast.tsx": {"path":"/home/edideaur/Documents/artistgrid/components/ui/toast.tsx","statementMap":{"0":{"start":{"line":1,"column":0},"end":{"line":1,"column":null}},"1":{"start":{"line":7,"column":22},"end":{"line":7,"column":null}},"2":{"start":{"line":9,"column":2},"end":{"line":17,"column":null}},"3":{"start":{"line":20,"column":0},"end":{"line":20,"column":null}},"4":{"start":{"line":21,"column":6},"end":{"line":34,"column":null}},"5":{"start":{"line":36,"column":2},"end":{"line":36,"column":null}},"6":{"start":{"line":38,"column":0},"end":{"line":38,"column":null}},"7":{"start":{"line":40,"column":2},"end":{"line":48,"column":null}},"8":{"start":{"line":51,"column":0},"end":{"line":51,"column":null}},"9":{"start":{"line":53,"column":2},"end":{"line":64,"column":null}},"10":{"start":{"line":67,"column":0},"end":{"line":67,"column":null}},"11":{"start":{"line":69,"column":2},"end":{"line":69,"column":null}},"12":{"start":{"line":71,"column":0},"end":{"line":71,"column":null}},"13":{"start":{"line":73,"column":2},"end":{"line":73,"column":null}},"14":{"start":{"line":75,"column":0},"end":{"line":75,"column":null}}},"fnMap":{"0":{"name":"ToastViewport","decl":{"start":{"line":8,"column":9},"end":{"line":8,"column":23}},"loc":{"start":{"line":8,"column":115},"end":{"line":19,"column":null}},"line":8},"1":{"name":"Toast","decl":{"start":{"line":35,"column":9},"end":{"line":35,"column":15}},"loc":{"start":{"line":35,"column":149},"end":{"line":37,"column":null}},"line":35},"2":{"name":"ToastAction","decl":{"start":{"line":39,"column":9},"end":{"line":39,"column":21}},"loc":{"start":{"line":39,"column":111},"end":{"line":50,"column":null}},"line":39},"3":{"name":"ToastClose","decl":{"start":{"line":52,"column":9},"end":{"line":52,"column":20}},"loc":{"start":{"line":52,"column":109},"end":{"line":66,"column":null}},"line":52},"4":{"name":"ToastTitle","decl":{"start":{"line":68,"column":9},"end":{"line":68,"column":20}},"loc":{"start":{"line":68,"column":109},"end":{"line":70,"column":null}},"line":68},"5":{"name":"ToastDescription","decl":{"start":{"line":72,"column":9},"end":{"line":72,"column":26}},"loc":{"start":{"line":72,"column":121},"end":{"line":74,"column":null}},"line":72}},"branchMap":{},"s":{"0":0,"1":0,"2":0,"3":0,"4":0,"5":0,"6":0,"7":0,"8":0,"9":0,"10":0,"11":0,"12":0,"13":0,"14":0},"f":{"0":0,"1":0,"2":0,"3":0,"4":0,"5":0},"b":{},"meta":{"lastBranch":0,"lastFunction":6,"lastStatement":15,"seen":{"s:1:0:1:Infinity":0,"s:7:22:7:Infinity":1,"f:8:9:8:23":0,"s:9:2:17:Infinity":2,"s:20:0:20:Infinity":3,"s:21:6:34:Infinity":4,"f:35:9:35:15":1,"s:36:2:36:Infinity":5,"s:38:0:38:Infinity":6,"f:39:9:39:21":2,"s:40:2:48:Infinity":7,"s:51:0:51:Infinity":8,"f:52:9:52:20":3,"s:53:2:64:Infinity":9,"s:67:0:67:Infinity":10,"f:68:9:68:20":4,"s:69:2:69:Infinity":11,"s:71:0:71:Infinity":12,"f:72:9:72:26":5,"s:73:2:73:Infinity":13,"s:75:0:75:Infinity":14},"fnNames":{}}}
,"/home/edideaur/Documents/artistgrid/components/ui/toaster.tsx": {"path":"/home/edideaur/Documents/artistgrid/components/ui/toaster.tsx","statementMap":{"0":{"start":{"line":1,"column":0},"end":{"line":1,"column":null}},"1":{"start":{"line":5,"column":10},"end":{"line":5,"column":null}},"2":{"start":{"line":6,"column":2},"end":{"line":21,"column":null}},"3":{"start":{"line":9,"column":8},"end":{"line":17,"column":null}}},"fnMap":{"0":{"name":"Toaster","decl":{"start":{"line":4,"column":16},"end":{"line":4,"column":26}},"loc":{"start":{"line":4,"column":26},"end":{"line":23,"column":null}},"line":4},"1":{"name":"(anonymous_1)","decl":{"start":{"line":8,"column":18},"end":{"line":8,"column":28}},"loc":{"start":{"line":8,"column":74},"end":{"line":19,"column":7}},"line":8}},"branchMap":{"0":{"loc":{"start":{"line":12,"column":15},"end":{"line":13,"column":30}},"type":"binary-expr","locations":[{"start":{"line":12,"column":15},"end":{"line":12,"column":24}},{"start":{"line":12,"column":24},"end":{"line":13,"column":30}}],"line":12},"1":{"loc":{"start":{"line":13,"column":15},"end":{"line":14,"column":null}},"type":"binary-expr","locations":[{"start":{"line":13,"column":15},"end":{"line":13,"column":30}},{"start":{"line":13,"column":30},"end":{"line":14,"column":null}}],"line":13}},"s":{"0":0,"1":0,"2":0,"3":0},"f":{"0":0,"1":0},"b":{"0":[0,0],"1":[0,0]},"meta":{"lastBranch":2,"lastFunction":2,"lastStatement":4,"seen":{"s:1:0:1:Infinity":0,"f:4:16:4:26":0,"s:5:10:5:Infinity":1,"s:6:2:21:Infinity":2,"f:8:18:8:28":1,"s:9:8:17:Infinity":3,"b:12:15:12:24:12:24:13:30":0,"b:13:15:13:30:13:30:14:Infinity":1},"fnNames":{}}}
,"/home/edideaur/Documents/artistgrid/components/ui/use-toast.ts": {"path":"/home/edideaur/Documents/artistgrid/components/ui/use-toast.ts","statementMap":{},"fnMap":{},"branchMap":{},"s":{},"f":{},"b":{},"meta":{"lastBranch":0,"lastFunction":0,"lastStatement":0,"seen":{},"fnNames":{}}}
,"/home/edideaur/Documents/artistgrid/hooks/use-toast.ts": {"path":"/home/edideaur/Documents/artistgrid/hooks/use-toast.ts","statementMap":{"0":{"start":{"line":8,"column":20},"end":{"line":8,"column":null}},"1":{"start":{"line":9,"column":27},"end":{"line":9,"column":null}},"2":{"start":{"line":18,"column":20},"end":{"line":23,"column":null}},"3":{"start":{"line":25,"column":12},"end":{"line":25,"column":null}},"4":{"start":{"line":28,"column":2},"end":{"line":28,"column":null}},"5":{"start":{"line":29,"column":2},"end":{"line":29,"column":null}},"6":{"start":{"line":56,"column":22},"end":{"line":56,"column":null}},"7":{"start":{"line":58,"column":6},"end":{"line":72,"column":null}},"8":{"start":{"line":59,"column":2},"end":{"line":61,"column":null}},"9":{"start":{"line":60,"column":4},"end":{"line":60,"column":null}},"10":{"start":{"line":63,"column":18},"end":{"line":69,"column":null}},"11":{"start":{"line":64,"column":4},"end":{"line":64,"column":null}},"12":{"start":{"line":65,"column":4},"end":{"line":68,"column":null}},"13":{"start":{"line":71,"column":2},"end":{"line":71,"column":null}},"14":{"start":{"line":74,"column":6},"end":{"line":125,"column":null}},"15":{"start":{"line":75,"column":2},"end":{"line":124,"column":null}},"16":{"start":{"line":77,"column":6},"end":{"line":80,"column":null}},"17":{"start":{"line":83,"column":6},"end":{"line":88,"column":null}},"18":{"start":{"line":86,"column":10},"end":{"line":86,"column":null}},"19":{"start":{"line":91,"column":26},"end":{"line":91,"column":null}},"20":{"start":{"line":93,"column":6},"end":{"line":99,"column":null}},"21":{"start":{"line":94,"column":8},"end":{"line":94,"column":null}},"22":{"start":{"line":96,"column":8},"end":{"line":98,"column":null}},"23":{"start":{"line":97,"column":10},"end":{"line":97,"column":null}},"24":{"start":{"line":101,"column":6},"end":{"line":111,"column":null}},"25":{"start":{"line":104,"column":10},"end":{"line":109,"column":null}},"26":{"start":{"line":114,"column":6},"end":{"line":119,"column":null}},"27":{"start":{"line":115,"column":8},"end":{"line":118,"column":null}},"28":{"start":{"line":120,"column":6},"end":{"line":123,"column":null}},"29":{"start":{"line":122,"column":43},"end":{"line":122,"column":66}},"30":{"start":{"line":127,"column":49},"end":{"line":127,"column":null}},"31":{"start":{"line":129,"column":25},"end":{"line":129,"column":null}},"32":{"start":{"line":132,"column":2},"end":{"line":132,"column":null}},"33":{"start":{"line":133,"column":2},"end":{"line":135,"column":null}},"34":{"start":{"line":134,"column":4},"end":{"line":134,"column":null}},"35":{"start":{"line":141,"column":13},"end":{"line":141,"column":null}},"36":{"start":{"line":143,"column":8},"end":{"line":147,"column":null}},"37":{"start":{"line":144,"column":4},"end":{"line":147,"column":null}},"38":{"start":{"line":148,"column":8},"end":{"line":148,"column":null}},"39":{"start":{"line":148,"column":24},"end":{"line":148,"column":null}},"40":{"start":{"line":150,"column":2},"end":{"line":160,"column":null}},"41":{"start":{"line":157,"column":8},"end":{"line":157,"column":null}},"42":{"start":{"line":157,"column":19},"end":{"line":157,"column":null}},"43":{"start":{"line":162,"column":2},"end":{"line":166,"column":null}},"44":{"start":{"line":170,"column":28},"end":{"line":170,"column":null}},"45":{"start":{"line":172,"column":2},"end":{"line":180,"column":null}},"46":{"start":{"line":173,"column":4},"end":{"line":173,"column":null}},"47":{"start":{"line":174,"column":4},"end":{"line":179,"column":null}},"48":{"start":{"line":175,"column":20},"end":{"line":175,"column":null}},"49":{"start":{"line":176,"column":6},"end":{"line":178,"column":null}},"50":{"start":{"line":177,"column":8},"end":{"line":177,"column":null}},"51":{"start":{"line":182,"column":2},"end":{"line":186,"column":null}},"52":{"start":{"line":185,"column":35},"end":{"line":185,"column":null}}},"fnMap":{"0":{"name":"genId","decl":{"start":{"line":27,"column":9},"end":{"line":27,"column":17}},"loc":{"start":{"line":27,"column":17},"end":{"line":30,"column":null}},"line":27},"1":{"name":"(anonymous_1)","decl":{"start":{"line":58,"column":6},"end":{"line":58,"column":26}},"loc":{"start":{"line":58,"column":46},"end":{"line":72,"column":null}},"line":58},"2":{"name":"(anonymous_2)","decl":{"start":{"line":63,"column":18},"end":{"line":63,"column":35}},"loc":{"start":{"line":63,"column":35},"end":{"line":69,"column":5}},"line":63},"3":{"name":"(anonymous_3)","decl":{"start":{"line":74,"column":6},"end":{"line":74,"column":17}},"loc":{"start":{"line":74,"column":57},"end":{"line":125,"column":null}},"line":74},"4":{"name":"(anonymous_4)","decl":{"start":{"line":85,"column":29},"end":{"line":85,"column":34}},"loc":{"start":{"line":86,"column":10},"end":{"line":86,"column":null}},"line":86},"5":{"name":"(anonymous_5)","decl":{"start":{"line":96,"column":21},"end":{"line":96,"column":30}},"loc":{"start":{"line":96,"column":40},"end":{"line":98,"column":9}},"line":96},"6":{"name":"(anonymous_6)","decl":{"start":{"line":103,"column":29},"end":{"line":103,"column":34}},"loc":{"start":{"line":104,"column":10},"end":{"line":109,"column":null}},"line":104},"7":{"name":"(anonymous_7)","decl":{"start":{"line":122,"column":29},"end":{"line":122,"column":37}},"loc":{"start":{"line":122,"column":43},"end":{"line":122,"column":66}},"line":122},"8":{"name":"dispatch","decl":{"start":{"line":131,"column":9},"end":{"line":131,"column":18}},"loc":{"start":{"line":131,"column":34},"end":{"line":136,"column":null}},"line":131},"9":{"name":"(anonymous_9)","decl":{"start":{"line":133,"column":12},"end":{"line":133,"column":21}},"loc":{"start":{"line":133,"column":34},"end":{"line":135,"column":3}},"line":133},"10":{"name":"toast","decl":{"start":{"line":140,"column":9},"end":{"line":140,"column":15}},"loc":{"start":{"line":140,"column":36},"end":{"line":167,"column":null}},"line":140},"11":{"name":"(anonymous_11)","decl":{"start":{"line":143,"column":8},"end":{"line":143,"column":18}},"loc":{"start":{"line":144,"column":4},"end":{"line":147,"column":null}},"line":144},"12":{"name":"(anonymous_12)","decl":{"start":{"line":148,"column":8},"end":{"line":148,"column":24}},"loc":{"start":{"line":148,"column":24},"end":{"line":148,"column":null}},"line":148},"13":{"name":"(anonymous_13)","decl":{"start":{"line":156,"column":6},"end":{"line":156,"column":21}},"loc":{"start":{"line":156,"column":30},"end":{"line":158,"column":null}},"line":156},"14":{"name":"useToast","decl":{"start":{"line":169,"column":9},"end":{"line":169,"column":20}},"loc":{"start":{"line":169,"column":20},"end":{"line":187,"column":null}},"line":169},"15":{"name":"(anonymous_15)","decl":{"start":{"line":172,"column":8},"end":{"line":172,"column":24}},"loc":{"start":{"line":172,"column":24},"end":{"line":180,"column":5}},"line":172},"16":{"name":"(anonymous_16)","decl":{"start":{"line":174,"column":4},"end":{"line":174,"column":17}},"loc":{"start":{"line":174,"column":17},"end":{"line":179,"column":null}},"line":174},"17":{"name":"(anonymous_17)","decl":{"start":{"line":185,"column":4},"end":{"line":185,"column":14}},"loc":{"start":{"line":185,"column":35},"end":{"line":185,"column":null}},"line":185}},"branchMap":{"0":{"loc":{"start":{"line":59,"column":2},"end":{"line":61,"column":null}},"type":"if","locations":[{"start":{"line":59,"column":2},"end":{"line":61,"column":null}},{"start":{},"end":{}}],"line":59},"1":{"loc":{"start":{"line":75,"column":2},"end":{"line":124,"column":null}},"type":"switch","locations":[{"start":{"line":76,"column":4},"end":{"line":80,"column":null}},{"start":{"line":82,"column":4},"end":{"line":88,"column":null}},{"start":{"line":90,"column":4},"end":{"line":112,"column":null}},{"start":{"line":113,"column":4},"end":{"line":123,"column":null}}],"line":75},"2":{"loc":{"start":{"line":86,"column":10},"end":{"line":86,"column":null}},"type":"cond-expr","locations":[{"start":{"line":86,"column":37},"end":{"line":86,"column":65}},{"start":{"line":86,"column":65},"end":{"line":86,"column":null}}],"line":86},"3":{"loc":{"start":{"line":93,"column":6},"end":{"line":99,"column":null}},"type":"if","locations":[{"start":{"line":93,"column":6},"end":{"line":99,"column":null}},{"start":{"line":95,"column":13},"end":{"line":99,"column":null}}],"line":93},"4":{"loc":{"start":{"line":104,"column":10},"end":{"line":109,"column":null}},"type":"cond-expr","locations":[{"start":{"line":105,"column":14},"end":{"line":108,"column":null}},{"start":{"line":109,"column":14},"end":{"line":109,"column":null}}],"line":104},"5":{"loc":{"start":{"line":104,"column":10},"end":{"line":104,"column":null}},"type":"binary-expr","locations":[{"start":{"line":104,"column":10},"end":{"line":104,"column":30}},{"start":{"line":104,"column":30},"end":{"line":104,"column":null}}],"line":104},"6":{"loc":{"start":{"line":114,"column":6},"end":{"line":119,"column":null}},"type":"if","locations":[{"start":{"line":114,"column":6},"end":{"line":119,"column":null}},{"start":{},"end":{}}],"line":114},"7":{"loc":{"start":{"line":157,"column":8},"end":{"line":157,"column":null}},"type":"if","locations":[{"start":{"line":157,"column":8},"end":{"line":157,"column":null}},{"start":{},"end":{}}],"line":157},"8":{"loc":{"start":{"line":176,"column":6},"end":{"line":178,"column":null}},"type":"if","locations":[{"start":{"line":176,"column":6},"end":{"line":178,"column":null}},{"start":{},"end":{}}],"line":176}},"s":{"0":0,"1":0,"2":0,"3":0,"4":0,"5":0,"6":0,"7":0,"8":0,"9":0,"10":0,"11":0,"12":0,"13":0,"14":0,"15":0,"16":0,"17":0,"18":0,"19":0,"20":0,"21":0,"22":0,"23":0,"24":0,"25":0,"26":0,"27":0,"28":0,"29":0,"30":0,"31":0,"32":0,"33":0,"34":0,"35":0,"36":0,"37":0,"38":0,"39":0,"40":0,"41":0,"42":0,"43":0,"44":0,"45":0,"46":0,"47":0,"48":0,"49":0,"50":0,"51":0,"52":0},"f":{"0":0,"1":0,"2":0,"3":0,"4":0,"5":0,"6":0,"7":0,"8":0,"9":0,"10":0,"11":0,"12":0,"13":0,"14":0,"15":0,"16":0,"17":0},"b":{"0":[0,0],"1":[0,0,0,0],"2":[0,0],"3":[0,0],"4":[0,0],"5":[0,0],"6":[0,0],"7":[0,0],"8":[0,0]},"meta":{"lastBranch":9,"lastFunction":18,"lastStatement":53,"seen":{"s:8:20:8:Infinity":0,"s:9:27:9:Infinity":1,"s:18:20:23:Infinity":2,"s:25:12:25:Infinity":3,"f:27:9:27:17":0,"s:28:2:28:Infinity":4,"s:29:2:29:Infinity":5,"s:56:22:56:Infinity":6,"s:58:6:72:Infinity":7,"f:58:6:58:26":1,"b:59:2:61:Infinity:undefined:undefined:undefined:undefined":0,"s:59:2:61:Infinity":8,"s:60:4:60:Infinity":9,"s:63:18:69:Infinity":10,"f:63:18:63:35":2,"s:64:4:64:Infinity":11,"s:65:4:68:Infinity":12,"s:71:2:71:Infinity":13,"s:74:6:125:Infinity":14,"f:74:6:74:17":3,"b:76:4:80:Infinity:82:4:88:Infinity:90:4:112:Infinity:113:4:123:Infinity":1,"s:75:2:124:Infinity":15,"s:77:6:80:Infinity":16,"s:83:6:88:Infinity":17,"f:85:29:85:34":4,"s:86:10:86:Infinity":18,"b:86:37:86:65:86:65:86:Infinity":2,"s:91:26:91:Infinity":19,"b:93:6:99:Infinity:95:13:99:Infinity":3,"s:93:6:99:Infinity":20,"s:94:8:94:Infinity":21,"s:96:8:98:Infinity":22,"f:96:21:96:30":5,"s:97:10:97:Infinity":23,"s:101:6:111:Infinity":24,"f:103:29:103:34":6,"s:104:10:109:Infinity":25,"b:105:14:108:Infinity:109:14:109:Infinity":4,"b:104:10:104:30:104:30:104:Infinity":5,"b:114:6:119:Infinity:undefined:undefined:undefined:undefined":6,"s:114:6:119:Infinity":26,"s:115:8:118:Infinity":27,"s:120:6:123:Infinity":28,"f:122:29:122:37":7,"s:122:43:122:66":29,"s:127:49:127:Infinity":30,"s:129:25:129:Infinity":31,"f:131:9:131:18":8,"s:132:2:132:Infinity":32,"s:133:2:135:Infinity":33,"f:133:12:133:21":9,"s:134:4:134:Infinity":34,"f:140:9:140:15":10,"s:141:13:141:Infinity":35,"s:143:8:147:Infinity":36,"f:143:8:143:18":11,"s:144:4:147:Infinity":37,"s:148:8:148:Infinity":38,"f:148:8:148:24":12,"s:148:24:148:Infinity":39,"s:150:2:160:Infinity":40,"f:156:6:156:21":13,"b:157:8:157:Infinity:undefined:undefined:undefined:undefined":7,"s:157:8:157:Infinity":41,"s:157:19:157:Infinity":42,"s:162:2:166:Infinity":43,"f:169:9:169:20":14,"s:170:28:170:Infinity":44,"s:172:2:180:Infinity":45,"f:172:8:172:24":15,"s:173:4:173:Infinity":46,"s:174:4:179:Infinity":47,"f:174:4:174:17":16,"s:175:20:175:Infinity":48,"b:176:6:178:Infinity:undefined:undefined:undefined:undefined":8,"s:176:6:178:Infinity":49,"s:177:8:177:Infinity":50,"s:182:2:186:Infinity":51,"f:185:4:185:14":17,"s:185:35:185:Infinity":52},"fnNames":{}}}
,"/home/edideaur/Documents/artistgrid/lib/utils.ts": {"path":"/home/edideaur/Documents/artistgrid/lib/utils.ts","statementMap":{"0":{"start":{"line":4,"column":2},"end":{"line":4,"column":null}},"1":{"start":{"line":6,"column":31},"end":{"line":6,"column":null}}},"fnMap":{"0":{"name":"cn","decl":{"start":{"line":3,"column":16},"end":{"line":3,"column":19}},"loc":{"start":{"line":3,"column":44},"end":{"line":5,"column":null}},"line":3}},"branchMap":{},"s":{"0":4,"1":1},"f":{"0":4},"b":{},"meta":{"lastBranch":0,"lastFunction":1,"lastStatement":2,"seen":{"f:3:16:3:19":0,"s:4:2:4:Infinity":0,"s:6:31:6:Infinity":1},"fnNames":{}}}
,"/home/edideaur/Documents/artistgrid/src/App.tsx": {"path":"/home/edideaur/Documents/artistgrid/src/App.tsx","statementMap":{"0":{"start":{"line":13,"column":6},"end":{"line":13,"column":null}},"1":{"start":{"line":13,"column":24},"end":{"line":13,"column":null}},"2":{"start":{"line":14,"column":6},"end":{"line":14,"column":null}},"3":{"start":{"line":14,"column":26},"end":{"line":14,"column":null}},"4":{"start":{"line":15,"column":6},"end":{"line":15,"column":null}},"5":{"start":{"line":15,"column":33},"end":{"line":15,"column":null}},"6":{"start":{"line":20,"column":21},"end":{"line":20,"column":null}},"7":{"start":{"line":22,"column":2},"end":{"line":27,"column":null}},"8":{"start":{"line":32,"column":23},"end":{"line":32,"column":null}},"9":{"start":{"line":33,"column":8},"end":{"line":33,"column":null}},"10":{"start":{"line":33,"column":42},"end":{"line":33,"column":66}},"11":{"start":{"line":34,"column":8},"end":{"line":34,"column":null}},"12":{"start":{"line":34,"column":34},"end":{"line":34,"column":70}},"13":{"start":{"line":36,"column":2},"end":{"line":83,"column":null}}},"fnMap":{"0":{"name":"(anonymous_0)","decl":{"start":{"line":13,"column":13},"end":{"line":13,"column":24}},"loc":{"start":{"line":13,"column":24},"end":{"line":13,"column":null}},"line":13},"1":{"name":"(anonymous_1)","decl":{"start":{"line":14,"column":15},"end":{"line":14,"column":26}},"loc":{"start":{"line":14,"column":26},"end":{"line":14,"column":null}},"line":14},"2":{"name":"(anonymous_2)","decl":{"start":{"line":15,"column":22},"end":{"line":15,"column":33}},"loc":{"start":{"line":15,"column":33},"end":{"line":15,"column":null}},"line":15},"3":{"name":"ShTrackerView","decl":{"start":{"line":19,"column":9},"end":{"line":19,"column":25}},"loc":{"start":{"line":19,"column":25},"end":{"line":29,"column":null}},"line":19},"4":{"name":"App","decl":{"start":{"line":31,"column":24},"end":{"line":31,"column":30}},"loc":{"start":{"line":31,"column":30},"end":{"line":85,"column":null}},"line":31},"5":{"name":"(anonymous_5)","decl":{"start":{"line":33,"column":24},"end":{"line":33,"column":42}},"loc":{"start":{"line":33,"column":42},"end":{"line":33,"column":66}},"line":33},"6":{"name":"(anonymous_6)","decl":{"start":{"line":34,"column":19},"end":{"line":34,"column":34}},"loc":{"start":{"line":34,"column":34},"end":{"line":34,"column":70}},"line":34}},"branchMap":{"0":{"loc":{"start":{"line":25,"column":25},"end":{"line":25,"column":42}},"type":"binary-expr","locations":[{"start":{"line":25,"column":25},"end":{"line":25,"column":38}},{"start":{"line":25,"column":38},"end":{"line":25,"column":42}}],"line":25},"1":{"loc":{"start":{"line":25,"column":54},"end":{"line":25,"column":106}},"type":"cond-expr","locations":[{"start":{"line":25,"column":64},"end":{"line":25,"column":94}},{"start":{"line":25,"column":94},"end":{"line":25,"column":106}}],"line":25},"2":{"loc":{"start":{"line":73,"column":15},"end":{"line":78,"column":null}},"type":"binary-expr","locations":[{"start":{"line":73,"column":15},"end":{"line":73,"column":null}},{"start":{"line":74,"column":16},"end":{"line":78,"column":null}}],"line":73}},"s":{"0":0,"1":0,"2":0,"3":0,"4":0,"5":0,"6":0,"7":0,"8":0,"9":0,"10":0,"11":0,"12":0,"13":0},"f":{"0":0,"1":0,"2":0,"3":0,"4":0,"5":0,"6":0},"b":{"0":[0,0],"1":[0,0],"2":[0,0]},"meta":{"lastBranch":3,"lastFunction":7,"lastStatement":14,"seen":{"s:13:6:13:Infinity":0,"f:13:13:13:24":0,"s:13:24:13:Infinity":1,"s:14:6:14:Infinity":2,"f:14:15:14:26":1,"s:14:26:14:Infinity":3,"s:15:6:15:Infinity":4,"f:15:22:15:33":2,"s:15:33:15:Infinity":5,"f:19:9:19:25":3,"s:20:21:20:Infinity":6,"s:22:2:27:Infinity":7,"b:25:25:25:38:25:38:25:42":0,"b:25:64:25:94:25:94:25:106":1,"f:31:24:31:30":4,"s:32:23:32:Infinity":8,"s:33:8:33:Infinity":9,"f:33:24:33:42":5,"s:33:42:33:66":10,"s:34:8:34:Infinity":11,"f:34:19:34:34":6,"s:34:34:34:70":12,"s:36:2:83:Infinity":13,"b:73:15:73:Infinity:74:16:78:Infinity":2},"fnNames":{}}}
,"/home/edideaur/Documents/artistgrid/src/types.ts": {"path":"/home/edideaur/Documents/artistgrid/src/types.ts","statementMap":{},"fnMap":{},"branchMap":{},"s":{},"f":{},"b":{},"meta":{"lastBranch":0,"lastFunction":0,"lastStatement":0,"seen":{},"fnNames":{}}}
,"/home/edideaur/Documents/artistgrid/src/components/art-gallery.tsx": {"path":"/home/edideaur/Documents/artistgrid/src/components/art-gallery.tsx","statementMap":{"0":{"start":{"line":9,"column":2},"end":{"line":12,"column":null}},"1":{"start":{"line":10,"column":18},"end":{"line":10,"column":null}},"2":{"start":{"line":11,"column":4},"end":{"line":11,"column":null}},"3":{"start":{"line":11,"column":15},"end":{"line":11,"column":null}},"4":{"start":{"line":13,"column":2},"end":{"line":16,"column":null}},"5":{"start":{"line":14,"column":18},"end":{"line":14,"column":null}},"6":{"start":{"line":15,"column":4},"end":{"line":15,"column":null}},"7":{"start":{"line":15,"column":15},"end":{"line":15,"column":null}},"8":{"start":{"line":17,"column":2},"end":{"line":17,"column":null}},"9":{"start":{"line":17,"column":48},"end":{"line":17,"column":null}},"10":{"start":{"line":18,"column":2},"end":{"line":18,"column":null}},"11":{"start":{"line":18,"column":97},"end":{"line":18,"column":null}},"12":{"start":{"line":19,"column":2},"end":{"line":19,"column":null}},"13":{"start":{"line":29,"column":23},"end":{"line":29,"column":null}},"14":{"start":{"line":30,"column":8},"end":{"line":37,"column":null}},"15":{"start":{"line":31,"column":4},"end":{"line":36,"column":null}},"16":{"start":{"line":32,"column":19},"end":{"line":32,"column":null}},"17":{"start":{"line":33,"column":6},"end":{"line":34,"column":null}},"18":{"start":{"line":33,"column":28},"end":{"line":33,"column":null}},"19":{"start":{"line":34,"column":11},"end":{"line":34,"column":null}},"20":{"start":{"line":35,"column":6},"end":{"line":35,"column":null}},"21":{"start":{"line":38,"column":2},"end":{"line":148,"column":null}},"22":{"start":{"line":41,"column":8},"end":{"line":146,"column":null}},"23":{"start":{"line":45,"column":27},"end":{"line":45,"column":null}},"24":{"start":{"line":62,"column":71},"end":{"line":62,"column":87}},"25":{"start":{"line":80,"column":16},"end":{"line":140,"column":null}},"26":{"start":{"line":88,"column":34},"end":{"line":88,"column":null}},"27":{"start":{"line":89,"column":41},"end":{"line":89,"column":null}},"28":{"start":{"line":90,"column":42},"end":{"line":90,"column":null}},"29":{"start":{"line":91,"column":42},"end":{"line":91,"column":null}},"30":{"start":{"line":92,"column":42},"end":{"line":92,"column":null}},"31":{"start":{"line":93,"column":40},"end":{"line":93,"column":null}},"32":{"start":{"line":95,"column":24},"end":{"line":119,"column":null}},"33":{"start":{"line":121,"column":22},"end":{"line":136,"column":null}},"34":{"start":{"line":126,"column":41},"end":{"line":126,"column":null}},"35":{"start":{"line":165,"column":2},"end":{"line":165,"column":null}},"36":{"start":{"line":166,"column":2},"end":{"line":208,"column":null}},"37":{"start":{"line":175,"column":8},"end":{"line":175,"column":null}},"38":{"start":{"line":175,"column":32},"end":{"line":175,"column":null}},"39":{"start":{"line":178,"column":132},"end":{"line":178,"column":null}},"40":{"start":{"line":182,"column":25},"end":{"line":182,"column":null}}},"fnMap":{"0":{"name":"getImageUrl","decl":{"start":{"line":8,"column":9},"end":{"line":8,"column":21}},"loc":{"start":{"line":8,"column":49},"end":{"line":20,"column":null}},"line":8},"1":{"name":"ArtGallery","decl":{"start":{"line":22,"column":16},"end":{"line":22,"column":27}},"loc":{"start":{"line":28,"column":3},"end":{"line":150,"column":null}},"line":28},"2":{"name":"(anonymous_2)","decl":{"start":{"line":30,"column":8},"end":{"line":30,"column":21}},"loc":{"start":{"line":30,"column":40},"end":{"line":37,"column":null}},"line":30},"3":{"name":"(anonymous_3)","decl":{"start":{"line":31,"column":4},"end":{"line":31,"column":21}},"loc":{"start":{"line":31,"column":30},"end":{"line":36,"column":5}},"line":31},"4":{"name":"(anonymous_4)","decl":{"start":{"line":40,"column":28},"end":{"line":40,"column":33}},"loc":{"start":{"line":41,"column":8},"end":{"line":146,"column":null}},"line":41},"5":{"name":"(anonymous_5)","decl":{"start":{"line":45,"column":12},"end":{"line":45,"column":27}},"loc":{"start":{"line":45,"column":27},"end":{"line":45,"column":null}},"line":45},"6":{"name":"(anonymous_6)","decl":{"start":{"line":62,"column":52},"end":{"line":62,"column":60}},"loc":{"start":{"line":62,"column":71},"end":{"line":62,"column":87}},"line":62},"7":{"name":"(anonymous_7)","decl":{"start":{"line":79,"column":40},"end":{"line":79,"column":45}},"loc":{"start":{"line":80,"column":16},"end":{"line":140,"column":null}},"line":80},"8":{"name":"(anonymous_8)","decl":{"start":{"line":87,"column":41},"end":{"line":87,"column":46}},"loc":{"start":{"line":87,"column":58},"end":{"line":138,"column":21}},"line":87},"9":{"name":"(anonymous_9)","decl":{"start":{"line":126,"column":26},"end":{"line":126,"column":41}},"loc":{"start":{"line":126,"column":41},"end":{"line":126,"column":null}},"line":126},"10":{"name":"ImageLightbox","decl":{"start":{"line":152,"column":16},"end":{"line":152,"column":30}},"loc":{"start":{"line":164,"column":3},"end":{"line":210,"column":null}},"line":164},"11":{"name":"(anonymous_11)","decl":{"start":{"line":174,"column":6},"end":{"line":174,"column":18}},"loc":{"start":{"line":174,"column":24},"end":{"line":176,"column":null}},"line":174},"12":{"name":"(anonymous_12)","decl":{"start":{"line":178,"column":116},"end":{"line":178,"column":126}},"loc":{"start":{"line":178,"column":132},"end":{"line":178,"column":null}},"line":178},"13":{"name":"(anonymous_13)","decl":{"start":{"line":182,"column":10},"end":{"line":182,"column":25}},"loc":{"start":{"line":182,"column":25},"end":{"line":182,"column":null}},"line":182}},"branchMap":{"0":{"loc":{"start":{"line":9,"column":2},"end":{"line":12,"column":null}},"type":"if","locations":[{"start":{"line":9,"column":2},"end":{"line":12,"column":null}},{"start":{},"end":{}}],"line":9},"1":{"loc":{"start":{"line":11,"column":4},"end":{"line":11,"column":null}},"type":"if","locations":[{"start":{"line":11,"column":4},"end":{"line":11,"column":null}},{"start":{},"end":{}}],"line":11},"2":{"loc":{"start":{"line":13,"column":2},"end":{"line":16,"column":null}},"type":"if","locations":[{"start":{"line":13,"column":2},"end":{"line":16,"column":null}},{"start":{},"end":{}}],"line":13},"3":{"loc":{"start":{"line":13,"column":6},"end":{"line":13,"column":64}},"type":"binary-expr","locations":[{"start":{"line":13,"column":6},"end":{"line":13,"column":35}},{"start":{"line":13,"column":35},"end":{"line":13,"column":64}}],"line":13},"4":{"loc":{"start":{"line":15,"column":4},"end":{"line":15,"column":null}},"type":"if","locations":[{"start":{"line":15,"column":4},"end":{"line":15,"column":null}},{"start":{},"end":{}}],"line":15},"5":{"loc":{"start":{"line":17,"column":2},"end":{"line":17,"column":null}},"type":"if","locations":[{"start":{"line":17,"column":2},"end":{"line":17,"column":null}},{"start":{},"end":{}}],"line":17},"6":{"loc":{"start":{"line":18,"column":2},"end":{"line":18,"column":null}},"type":"if","locations":[{"start":{"line":18,"column":2},"end":{"line":18,"column":null}},{"start":{},"end":{}}],"line":18},"7":{"loc":{"start":{"line":18,"column":6},"end":{"line":18,"column":97}},"type":"binary-expr","locations":[{"start":{"line":18,"column":6},"end":{"line":18,"column":58}},{"start":{"line":18,"column":58},"end":{"line":18,"column":97}}],"line":18},"8":{"loc":{"start":{"line":29,"column":73},"end":{"line":29,"column":99}},"type":"binary-expr","locations":[{"start":{"line":29,"column":73},"end":{"line":29,"column":97}},{"start":{"line":29,"column":97},"end":{"line":29,"column":99}}],"line":29},"9":{"loc":{"start":{"line":33,"column":6},"end":{"line":34,"column":null}},"type":"if","locations":[{"start":{"line":33,"column":6},"end":{"line":34,"column":null}},{"start":{"line":34,"column":11},"end":{"line":34,"column":null}}],"line":33},"10":{"loc":{"start":{"line":47,"column":13},"end":{"line":56,"column":null}},"type":"cond-expr","locations":[{"start":{"line":48,"column":14},"end":{"line":56,"column":15}},{"start":{"line":56,"column":14},"end":{"line":56,"column":null}}],"line":47},"11":{"loc":{"start":{"line":59,"column":82},"end":{"line":59,"column":102}},"type":"binary-expr","locations":[{"start":{"line":59,"column":82},"end":{"line":59,"column":94}},{"start":{"line":59,"column":94},"end":{"line":59,"column":102}}],"line":59},"12":{"loc":{"start":{"line":61,"column":17},"end":{"line":61,"column":null}},"type":"binary-expr","locations":[{"start":{"line":61,"column":17},"end":{"line":61,"column":30}},{"start":{"line":61,"column":30},"end":{"line":61,"column":null}}],"line":61},"13":{"loc":{"start":{"line":62,"column":17},"end":{"line":62,"column":94}},"type":"cond-expr","locations":[{"start":{"line":62,"column":28},"end":{"line":62,"column":92}},{"start":{"line":62,"column":92},"end":{"line":62,"column":94}}],"line":62},"14":{"loc":{"start":{"line":66,"column":85},"end":{"line":66,"column":null}},"type":"cond-expr","locations":[{"start":{"line":66,"column":109},"end":{"line":66,"column":124}},{"start":{"line":66,"column":124},"end":{"line":66,"column":null}}],"line":66},"15":{"loc":{"start":{"line":70,"column":13},"end":{"line":143,"column":null}},"type":"binary-expr","locations":[{"start":{"line":70,"column":13},"end":{"line":70,"column":38}},{"start":{"line":70,"column":38},"end":{"line":70,"column":null}},{"start":{"line":71,"column":14},"end":{"line":143,"column":null}}],"line":70},"16":{"loc":{"start":{"line":81,"column":19},"end":{"line":86,"column":19}},"type":"binary-expr","locations":[{"start":{"line":81,"column":19},"end":{"line":81,"column":null}},{"start":{"line":82,"column":20},"end":{"line":86,"column":19}}],"line":81},"17":{"loc":{"start":{"line":88,"column":34},"end":{"line":88,"column":null}},"type":"binary-expr","locations":[{"start":{"line":88,"column":34},"end":{"line":88,"column":47}},{"start":{"line":88,"column":47},"end":{"line":88,"column":60}},{"start":{"line":88,"column":60},"end":{"line":88,"column":null}}],"line":88},"18":{"loc":{"start":{"line":89,"column":41},"end":{"line":89,"column":null}},"type":"cond-expr","locations":[{"start":{"line":89,"column":47},"end":{"line":89,"column":66}},{"start":{"line":89,"column":66},"end":{"line":89,"column":null}}],"line":89},"19":{"loc":{"start":{"line":90,"column":42},"end":{"line":90,"column":null}},"type":"binary-expr","locations":[{"start":{"line":90,"column":42},"end":{"line":90,"column":56}},{"start":{"line":90,"column":56},"end":{"line":90,"column":null}}],"line":90},"20":{"loc":{"start":{"line":91,"column":42},"end":{"line":91,"column":null}},"type":"binary-expr","locations":[{"start":{"line":91,"column":42},"end":{"line":91,"column":57}},{"start":{"line":91,"column":57},"end":{"line":91,"column":70}},{"start":{"line":91,"column":70},"end":{"line":91,"column":null}}],"line":91},"21":{"loc":{"start":{"line":92,"column":42},"end":{"line":92,"column":null}},"type":"binary-expr","locations":[{"start":{"line":92,"column":42},"end":{"line":92,"column":57}},{"start":{"line":92,"column":57},"end":{"line":92,"column":null}}],"line":92},"22":{"loc":{"start":{"line":93,"column":40},"end":{"line":93,"column":null}},"type":"cond-expr","locations":[{"start":{"line":93,"column":52},"end":{"line":93,"column":76}},{"start":{"line":93,"column":76},"end":{"line":93,"column":null}}],"line":93},"23":{"loc":{"start":{"line":97,"column":29},"end":{"line":108,"column":null}},"type":"cond-expr","locations":[{"start":{"line":98,"column":30},"end":{"line":108,"column":31}},{"start":{"line":108,"column":30},"end":{"line":108,"column":null}}],"line":97},"24":{"loc":{"start":{"line":102,"column":34},"end":{"line":102,"column":null}},"type":"cond-expr","locations":[{"start":{"line":102,"column":48},"end":{"line":102,"column":74}},{"start":{"line":102,"column":74},"end":{"line":102,"column":null}}],"line":102},"25":{"loc":{"start":{"line":113,"column":29},"end":{"line":118,"column":null}},"type":"binary-expr","locations":[{"start":{"line":113,"column":29},"end":{"line":113,"column":null}},{"start":{"line":114,"column":30},"end":{"line":118,"column":null}}],"line":113},"26":{"loc":{"start":{"line":121,"column":29},"end":{"line":136,"column":null}},"type":"cond-expr","locations":[{"start":{"line":122,"column":24},"end":{"line":129,"column":null}},{"start":{"line":131,"column":24},"end":{"line":136,"column":null}}],"line":121},"27":{"loc":{"start":{"line":126,"column":54},"end":{"line":126,"column":86}},"type":"binary-expr","locations":[{"start":{"line":126,"column":54},"end":{"line":126,"column":69}},{"start":{"line":126,"column":69},"end":{"line":126,"column":82}},{"start":{"line":126,"column":82},"end":{"line":126,"column":86}}],"line":126},"28":{"loc":{"start":{"line":175,"column":8},"end":{"line":175,"column":null}},"type":"if","locations":[{"start":{"line":175,"column":8},"end":{"line":175,"column":null}},{"start":{},"end":{}}],"line":175},"29":{"loc":{"start":{"line":193,"column":9},"end":{"line":194,"column":null}},"type":"binary-expr","locations":[{"start":{"line":193,"column":9},"end":{"line":193,"column":null}},{"start":{"line":194,"column":10},"end":{"line":194,"column":null}}],"line":193}},"s":{"0":0,"1":0,"2":0,"3":0,"4":0,"5":0,"6":0,"7":0,"8":0,"9":0,"10":0,"11":0,"12":0,"13":0,"14":0,"15":0,"16":0,"17":0,"18":0,"19":0,"20":0,"21":0,"22":0,"23":0,"24":0,"25":0,"26":0,"27":0,"28":0,"29":0,"30":0,"31":0,"32":0,"33":0,"34":0,"35":0,"36":0,"37":0,"38":0,"39":0,"40":0},"f":{"0":0,"1":0,"2":0,"3":0,"4":0,"5":0,"6":0,"7":0,"8":0,"9":0,"10":0,"11":0,"12":0,"13":0},"b":{"0":[0,0],"1":[0,0],"2":[0,0],"3":[0,0],"4":[0,0],"5":[0,0],"6":[0,0],"7":[0,0],"8":[0,0],"9":[0,0],"10":[0,0],"11":[0,0],"12":[0,0],"13":[0,0],"14":[0,0],"15":[0,0,0],"16":[0,0],"17":[0,0,0],"18":[0,0],"19":[0,0],"20":[0,0,0],"21":[0,0],"22":[0,0],"23":[0,0],"24":[0,0],"25":[0,0],"26":[0,0],"27":[0,0,0],"28":[0,0],"29":[0,0]},"meta":{"lastBranch":30,"lastFunction":14,"lastStatement":41,"seen":{"f:8:9:8:21":0,"b:9:2:12:Infinity:undefined:undefined:undefined:undefined":0,"s:9:2:12:Infinity":0,"s:10:18:10:Infinity":1,"b:11:4:11:Infinity:undefined:undefined:undefined:undefined":1,"s:11:4:11:Infinity":2,"s:11:15:11:Infinity":3,"b:13:2:16:Infinity:undefined:undefined:undefined:undefined":2,"s:13:2:16:Infinity":4,"b:13:6:13:35:13:35:13:64":3,"s:14:18:14:Infinity":5,"b:15:4:15:Infinity:undefined:undefined:undefined:undefined":4,"s:15:4:15:Infinity":6,"s:15:15:15:Infinity":7,"b:17:2:17:Infinity:undefined:undefined:undefined:undefined":5,"s:17:2:17:Infinity":8,"s:17:48:17:Infinity":9,"b:18:2:18:Infinity:undefined:undefined:undefined:undefined":6,"s:18:2:18:Infinity":10,"b:18:6:18:58:18:58:18:97":7,"s:18:97:18:Infinity":11,"s:19:2:19:Infinity":12,"f:22:16:22:27":1,"s:29:23:29:Infinity":13,"b:29:73:29:97:29:97:29:99":8,"s:30:8:37:Infinity":14,"f:30:8:30:21":2,"s:31:4:36:Infinity":15,"f:31:4:31:21":3,"s:32:19:32:Infinity":16,"b:33:6:34:Infinity:34:11:34:Infinity":9,"s:33:6:34:Infinity":17,"s:33:28:33:Infinity":18,"s:34:11:34:Infinity":19,"s:35:6:35:Infinity":20,"s:38:2:148:Infinity":21,"f:40:28:40:33":4,"s:41:8:146:Infinity":22,"f:45:12:45:27":5,"s:45:27:45:Infinity":23,"b:48:14:56:15:56:14:56:Infinity":10,"b:59:82:59:94:59:94:59:102":11,"b:61:17:61:30:61:30:61:Infinity":12,"b:62:28:62:92:62:92:62:94":13,"f:62:52:62:60":6,"s:62:71:62:87":24,"b:66:109
[...]
30:Infinity":537,"b:730:21:730:33:730:33:730:Infinity":185,"b:730:36:730:53:730:53:730:61":186,"s:732:10:732:Infinity":538,"b:732:24:732:41:732:41:732:49":187,"s:735:8:735:Infinity":539,"b:735:22:735:39:735:39:735:47":188,"b:737:6:763:Infinity:undefined:undefined:undefined:undefined":189,"s:737:6:763:Infinity":540,"s:738:8:762:Infinity":541,"s:739:10:739:Infinity":542,"s:740:36:740:Infinity":543,"s:741:22:741:Infinity":544,"s:742:23:742:Infinity":545,"s:743:60:746:Infinity":546,"b:744:19:744:36:744:36:744:Infinity":190,"b:745:20:745:41:745:41:745:Infinity":191,"s:747:27:747:Infinity":547,"s:748:26:748:Infinity":548,"s:749:23:749:Infinity":549,"s:750:10:750:Infinity":550,"s:751:10:751:Infinity":551,"s:752:10:752:Infinity":552,"s:753:10:753:Infinity":553,"s:754:10:754:Infinity":554,"s:755:10:755:Infinity":555,"s:756:10:756:Infinity":556,"s:757:10:757:Infinity":557,"f:757:10:757:27":56,"s:757:27:757:57":558,"s:758:10:758:Infinity":559,"s:760:10:760:Infinity":560,"s:761:10:761:Infinity":561,"s:764:19:764:Infinity":562,"s:765:6:765:Infinity":563,"s:766:6:766:Infinity":564,"s:767:6:767:Infinity":565,"s:768:6:768:Infinity":566,"s:769:6:769:Infinity":567,"s:770:6:770:Infinity":568,"s:771:6:771:Infinity":569,"s:775:8:781:Infinity":570,"f:775:29:775:Infinity":57,"s:777:12:777:Infinity":571,"b:778:6:778:Infinity:undefined:undefined:undefined:undefined":192,"s:778:6:778:Infinity":572,"s:778:15:778:Infinity":573,"s:782:8:784:Infinity":574,"f:782:30:782:43":58,"s:783:4:783:Infinity":575,"b:783:62:783:73:783:73:783:83":193,"s:785:8:856:Infinity":576,"f:786:4:786:11":59,"b:787:6:787:Infinity:undefined:undefined:undefined:undefined":194,"s:787:6:787:Infinity":577,"s:787:23:787:Infinity":578,"s:788:25:807:Infinity":579,"b:788:25:788:54:788:25:807:Infinity":195,"f:788:25:788:54":60,"s:789:67:789:Infinity":580,"b:790:8:805:Infinity:799:15:805:Infinity":196,"s:790:8:805:Infinity":581,"b:790:12:790:22:790:22:790:30":197,"s:791:22:791:Infinity":582,"s:792:28:792:Infinity":583,"b:793:10:798:Infinity:undefined:undefined:undefined:undefined":198,"s:793:10:798:Infinity":584,"s:794:12:797:Infinity":585,"s:795:20:795:Infinity":586,"b:796:14:796:Infinity:undefined:undefined:undefined:undefined":199,"s:796:14:796:Infinity":587,"s:796:23:796:Infinity":588,"s:800:33:800:Infinity":589,"b:800:42:800:76:800:76:800:Infinity":200,"s:801:10:804:Infinity":590,"f:801:26:801:43":61,"s:802:18:802:Infinity":591,"b:803:12:803:Infinity:undefined:undefined:undefined:undefined":201,"s:803:12:803:Infinity":592,"s:803:21:803:Infinity":593,"s:806:8:806:Infinity":594,"b:808:6:811:Infinity:undefined:undefined:undefined:undefined":202,"s:808:6:811:Infinity":595,"s:809:8:809:Infinity":596,"s:810:8:810:Infinity":597,"s:812:12:822:Infinity":598,"f:812:12:812:30":62,"s:813:21:813:Infinity":599,"s:814:20:814:Infinity":600,"s:815:18:815:Infinity":601,"s:816:8:816:Infinity":602,"s:817:8:817:Infinity":603,"s:818:8:818:Infinity":604,"s:819:8:819:Infinity":605,"s:820:8:820:Infinity":606,"s:821:8:821:Infinity":607,"f:821:8:821:25":63,"s:821:27:821:57":608,"s:821:57:821:83":609,"s:823:6:823:Infinity":610,"s:824:6:824:Infinity":611,"s:825:29:831:Infinity":612,"f:825:40:825:48":64,"s:826:20:826:Infinity":613,"b:827:8:829:Infinity:undefined:undefined:undefined:undefined":203,"s:827:8:829:Infinity":614,"b:827:12:827:51:827:38:827:89":204,"s:828:10:828:Infinity":615,"s:830:8:830:Infinity":616,"s:832:19:832:Infinity":617,"b:833:6:837:Infinity:undefined:undefined:undefined:undefined":205,"s:833:6:837:Infinity":618,"s:834:32:834:Infinity":619,"s:835:8:835:Infinity":620,"b:835:33:835:67:835:67:835:79":206,"s:836:8:836:Infinity":621,"s:838:28:840:Infinity":622,"f:839:9:839:14":65,"s:839:39:839:84":623,"f:840:9:840:17":66,"s:840:84:840:102":624,"b:841:6:844:Infinity:undefined:undefined:undefined:undefined":207,"s:841:6:844:Infinity":625,"s:842:8:842:Infinity":626,"s:843:8:843:Infinity":627,"s:845:29:845:Infinity":628,"b:845:38:845:64:845:64:845:Infinity":208,"s:846:29:846:Infinity":629,"b:846:76:846:85:846:85:846:Infinity":209,"b:846:29:846:39:846:39:846:76":210,"s:847:6:853:Infinity":630,"b:850:12:850:Infinity:851:12:851:Infinity":211,"b:850:29:850:71:850:71:850:Infinity":212,"s:857:8:870:Infinity":631,"f:857:28:857:41":67,"s:858:10:858:Infinity":632,"s:859:19:859:Infinity":633,"b:859:19:859:47:859:47:859:Infinity":213,"s:860:24:860:Infinity":634,"s:861:26:861:Infinity":635,"b:861:32:861:56:861:56:861:Infinity":214,"s:862:24:862:Infinity":636,"b:862:24:862:41:862:41:862:Infinity":215,"s:863:23:863:Infinity":637,"b:863:23:863:41:863:41:863:56:863:56:863:Infinity":216,"s:864:31:864:Infinity":638,"b:864:31:864:72:864:72:864:Infinity":217,"s:865:27:865:Infinity":639,"s:866:26:866:Infinity":640,"s:867:10:867:Infinity":641,"b:867:10:867:54:867:54:867:Infinity":218,"s:868:29:868:Infinity":642,"b:868:29:868:53:868:53:868:Infinity":219,"s:869:4:869:Infinity":643,"s:871:8:876:Infinity":644,"f:871:26:871:44":68,"b:872:4:872:Infinity:undefined:undefined:undefined:undefined":220,"s:872:4:872:Infinity":645,"s:872:26:872:Infinity":646,"s:873:4:873:Infinity":647,"s:874:4:874:Infinity":648,"s:875:4:875:Infinity":649,"s:877:8:882:Infinity":650,"f:877:20:877:34":69,"b:878:4:878:Infinity:undefined:undefined:undefined:undefined":221,"s:878:4:878:Infinity":651,"s:878:21:878:Infinity":652,"s:879:16:879:Infinity":653,"s:880:4:880:Infinity":654,"f:880:25:880:32":70,"b:880:40:880:96:undefined:undefined:undefined:undefined":222,"s:880:40:880:96":655,"b:880:44:880:57:880:57:880:76":223,"s:880:76:880:96":656,"s:881:4:881:Infinity":657,"s:883:8:888:Infinity":658,"f:883:18:883:32":71,"b:884:4:884:Infinity:undefined:undefined:undefined:undefined":224,"s:884:4:884:Infinity":659,"s:884:21:884:Infinity":660,"s:885:16:885:Infinity":661,"s:886:4:886:Infinity":662,"f:886:25:886:32":72,"s:886:46:886:68":663,"b:886:68:886:107:undefined:undefined:undefined:undefined":225,"s:886:68:886:107":664,"s:886:77:886:107":665,"s:887:4:887:Infinity":666,"s:889:8:907:Infinity":667,"f:889:16:889:30":73,"s:890:16:890:Infinity":668,"s:891:17:891:Infinity":669,"b:892:4:905:Infinity:undefined:undefined:undefined:undefined":226,"s:892:4:905:Infinity":670,"s:893:6:904:Infinity":671,"b:894:8:894:Infinity:undefined:undefined:undefined:undefined":227,"s:894:8:894:Infinity":672,"s:894:23:894:Infinity":673,"s:895:8:903:Infinity":674,"b:896:10:902:Infinity:undefined:undefined:undefined:undefined":228,"s:896:10:902:Infinity":675,"s:897:12:897:Infinity":676,"s:898:12:901:Infinity":677,"s:899:20:899:Infinity":678,"b:900:14:900:Infinity:undefined:undefined:undefined:undefined":229,"s:900:14:900:Infinity":679,"b:900:18:900:25:900:25:900:48":230,"s:900:48:900:Infinity":680,"s:906:4:906:Infinity":681,"s:908:8:977:Infinity":682,"f:915:8:915:19":74,"s:915:25:915:Infinity":683,"f:916:8:916:20":75,"s:916:26:916:Infinity":684,"b:916:26:916:47:916:47:916:Infinity":231,"b:919:7:919:Infinity:920:8:927:Infinity":232,"f:924:10:924:25":76,"s:924:25:924:Infinity":685,"b:931:7:931:Infinity:932:8:939:Infinity":233,"b:941:7:941:Infinity:942:8:950:Infinity":234,"f:945:10:945:25":77,"s:945:25:945:Infinity":686,"f:955:8:955:23":78,"s:955:23:955:Infinity":687,"b:957:93:957:112:957:112:957:Infinity":235,"f:970:8:970:23":79,"s:970:23:970:Infinity":688,"b:978:2:978:Infinity:undefined:undefined:undefined:undefined":236,"s:978:2:978:Infinity":689,"s:978:29:978:Infinity":690,"s:980:2:1627:Infinity":691,"b:988:7:988:21:988:21:988:Infinity":237,"f:988:53:988:68":80,"s:988:68:988:90":692,"f:991:8:991:23":81,"s:991:23:991:Infinity":693,"b:996:7:996:Infinity:997:8:1003:Infinity":238,"f:1002:10:1002:25":82,"s:1002:25:1002:Infinity":694,"b:1005:7:1005:Infinity:1006:8:1059:Infinity":239,"f:1010:12:1010:27":83,"s:1010:27:1010:Infinity":695,"b:1022:103:1022:109:1022:109:1022:Infinity":240,"b:1025:21:1025:48:1025:48:1025:Infinity":241,"f:1046:18:1046:33":84,"s:1046:33:1046:Infinity":696,"b:1062:9:1062:Infinity:1063:10:1068:Infinity":242,"b:1070:9:1070:Infinity:1071:10:1099:Infinity":243,"f:1083:39:1083:44":85,"s:1084:14:1097:Infinity":697,"f:1093:45:1093:50":86,"s:1094:20:1094:Infinity":698,"b:1101:9:1101:Infinity:1102:10:1106:Infinity":244,"b:1108:11:1108:35:1108:35:1108:65:1108:65:1108:73:1108:73:1108:85:1108:85:1108:98:1108:98:1108:Infinity:1109:10:1612:Infinity":245,"b:1113:17:1113:Infinity:1114:18:1130:Infinity":246,"b:1116:21:1116:Infinity:1117:22:1128:Infinity":247,"b:1132:17:1132:35:1132:35:1132:Infinity:1133:18:1145:Infinity":248,"b:1148:15:1148:28:1148:28:1148:Infinity:1149:16:1160:Infinity":249,"f:1152:18:1152:33":87,"s:1152:33:1152:Infinity":699,"b:1161:13:1161:Infinity:1162:14:1179:Infinity":250,"f:1163:29:1163:34":88,"s:1164:18:1177:Infinity":700,"f:1167:20:1167:35":89,"s:1167:35:1167:Infinity":701,"b:1170:26:1170:Infinity:1171:26:1171:Infinity":251,"b:1174:21:1174:45:1174:45:1174:Infinity":252,"b:1174:98:1174:115:1174:115:1174:122":253,"b:1175:21:1175:41:1175:41:1175:Infinity":254,"b:1181:13:1181:Infinity:1182:14:1287:Infinity":255,"f:1189:20:1189:31":90,"s:1189:37:1189:Infinity":702,"b:1196:22:1202:37:1202:24:1207:Infinity":256,"b:1203:22:1207:Infinity:1207:24:1207:Infinity":257,"b:1205:25:1205:49:1205:49:1205:Infinity":258,"f:1227:25:1227:43":91,"s:1227:70:1227:Infinity":703,"f:1227:70:1227:82":92,"s:1227:104:1227:136":704,"f:1236:25:1236:48":93,"s:1236:48:1236:Infinity":705,"f:1236:48:1236:60":94,"s:1236:82:1236:110":706,"f:1241:33:1241:38":95,"s:1242:24:1256:Infinity":707,"f:1245:26:1245:Infinity":96,"s:1246:28:1251:Infinity":708,"f:1246:28:1246:40":97,"s:1246:62:1251:30":709,"b:1249:34:1249:Infinity:1250:34:1250:Infinity":259,"f:1249:50:1249:58":98,"s:1249:72:1249:79":710,"f:1262:25:1262:48":99,"s:1262:48:1262:Infinity":711,"f:1262:48:1262:60":100,"s:1262:82:1262:109":712,"f:1267:31:1267:36":101,"s:1268:24:1282:Infinity":713,"f:1271:26:1271:Infinity":102,"s:1272:28:1277:Infinity":714,"f:1272:28:1272:40":103,"s:1272:62:1277:30":715,"b:1275:34:1275:Infinity:1276:34:1276:Infinity":260,"f:1275:49:1275:57":104,"s:1275:80:1275:87":716,"b:1291:16:1300:Infinity:1301:18:1609:Infinity":261,"b:1302:16:1313:Infinity:1314:16:1609:Infinity":262,"b:1315:14:1326:Infinity:1327:16:1609:Infinity":263,"b:1328:14:1411:Infinity:1412:16:1609:Infinity":264,"b:1335:17:1335:Infinity:1336:18:1354:33":265,"b:1337:116:1337:122:1337:122:1337:131":266,"f:1339:56:1339:71":105,"b:1340:24:1340:Infinity:undefined:undefined:undefined:undefined":267,"s:1340:24:1340:Infinity":717,"s:1340:58:1340:Infinity":718,"s:1341:43:1341:Infinity":719,"f:1341:59:1341:64":106,"s:1341:89:1341:109":720,"s:1342:24:1342:Infinity":721,"b:1343:35:1343:51:1343:51:1343:81":268,"b:1355:18:1403:19:1403:18:1411:Infinity":269,"f:1356:37:1356:42":107,"s:1357:153:1357:Infinity":722,"s:1358:22:1398:Infinity":723,"b:1361:47:1361:69:1361:69:1361:Infinity":270,"b:1362:82:1362:157:1362:157:1362:Infinity":271,"b:1362:174:1362:221:1362:221:1362:Infinity":272,"b:1366:32:1369:33:1369:32:1369:Infinity":273,"b:1367:34:1368:35:1368:34:1369:33":274,"f:1367:47:1367:61":108,"s:1367:61:1367:95":724,"f:1368:46:1368:60":109,"s:1368:60:1368:94":725,"f:1369:48:1369:66":110,"s:1369:66:1369:94":726,"b:1369:66:1369:73:1369:73:1369:94":275,"b:1373:33:1373:49:1373:49:1373:Infinity":276,"b:1376:33:1376:Infinity:1377:34:1381:35":277,"b:1381:33:1381:50:1381:50:1382:Infinity":278,"b:1384:135:1384:174:1384:164:1384:178":279,"f:1384:135:1384:147":111,"s:1384:147:1384:174":727,"f:1384:164:1384:174":112,"b:1384:217:1384:258:1384:258:1384:Infinity":280,"f:1384:217:1384:229":113,"s:1384:229:1384:258":728,"b:1385:31:1385:Infinity:1386:32:1394:31":281,"f:1387:52:1387:67":114,"s:1387:67:1387:100":729,"f:1388:52:1388:67":115,"s:1388:67:1388:101":730,"f:1389:52:1389:67":116,"s:1389:67:1389:101":731,"f:1391:52:1391:67":117,"s:1391:67:1391:92":732,"f:1394:48:1394:63":118,"s:1394:63:1394:92":733,"b:1360:38:1360:54:1360:54:1360:Infinity":282,"b:1413:14:1459:Infinity:1460:16:1609:Infinity":283,"b:1430:17:1430:37:1430:37:1430:53:1430:53:1430:Infinity:1431:18:1459:Infinity":284,"f:1432:50:1432:55":119,"s:1433:22:1455:Infinity":734,"b:1461:14:1469:Infinity:1470:16:1609:Infinity":285,"b:1460:16:1460:28:1460:28:1460:Infinity":286,"b:1471:14:1559:Infinity:1560:16:1609:Infinity":287,"b:1470:16:1470:26:1470:26:1470:Infinity":288,"b:1479:16:1495:17:1495:16:1557:Infinity":289,"f:1496:30:1496:35":120,"s:1497:36:1497:Infinity":735,"b:1497:44:1497:54:1497:54:1497:Infinity":290,"s:1498:151:1498:Infinity":736,"s:1499:41:1499:Infinity":737,"b:1499:49:1499:62:1499:62:1499:66":291,"s:1500:20:1554:Infinity":738,"b:1503:45:1503:67:1503:67:1503:Infinity":292,"b:1504:80:1504:155:1504:155:1504:Infinity":293,"b:1504:172:1504:219:1504:219:1504:Infinity":294,"b:1508:30:1511:31:1511:30:1511:Infinity":295,"b:1509:32:1510:33:1510:32:1511:31":296,"f:1509:45:1509:59":121,"s:1509:59:1509:89":739,"f:1510:44:1510:58":122,"s:1510:58:1510:88":740,"f:1511:46:1511:64":123,"s:1511:64:1511:92":741,"b:1511:64:1511:71:1511:71:1511:92":297,"b:1515:102:1515:112:1515:112:1515:128":298,"b:1518:31:1518:Infinity:1519:32:1529:33":299,"b:1522:61:1522:121:1522:121:1522:Infinity":300,"b:1523:60:1523:124:1523:124:1523:Infinity":301,"b:1529:31:1529:42:1529:42:1530:Infinity":302,"b:1532:127:1532:166:1532:156:1532:170":303,"f:1532:127:1532:139":124,"s:1532:139:1532:166":742,"f:1532:156:1532:166":125,"b:1532:190:1532:217:1532:217:1532:224":304,"b:1532:243:1532:284:1532:284:1532:Infinity":305,"f:1532:243:1532:255":126,"s:1532:255:1532:284":743,"b:1533:31:1533:Infinity:1534:32:1541:Infinity":306,"f:1535:52:1535:67":127,"s:1535:67:1535:96":744,"f:1536:52:1536:67":128,"s:1536:80:1536:131":745,"s:1536:131:1536:145":746,"s:1536:145:1536:160":747,"f:1537:52:1537:67":129,"s:1537:67:1537:97":748,"f:1538:52:1538:67":130,"s:1538:67:1538:97":749,"f:1540:52:1540:67":131,"s:1540:67:1540:86":750,"b:1544:31:1544:Infinity:1545:32:1548:Infinity":307,"f:1545:50:1545:65":132,"s:1545:65:1545:93":751,"b:1546:95:1546:125:1546:125:1546:132":308,"b:1547:62:1547:78:1547:78:1547:Infinity":309,"f:1550:48:1550:63":133,"s:1550:63:1550:86":752,"b:1561:14:1594:Infinity:1596:14:1609:Infinity":310,"b:1560:16:1560:32:1560:32:1560:Infinity":311,"f:1569:46:1569:51":134,"s:1570:18:1592:Infinity":753,"b:1607:33:1607:69:1607:69:1607:Infinity":312,"f:1645:9:1645:23":135,"s:1646:8:1646:Infinity":754,"s:1647:8:1652:Infinity":755,"f:1649:4:1649:28":136,"s:1649:28:1649:Infinity":756,"f:1650:4:1650:24":137,"s:1650:24:1650:Infinity":757,"s:1653:2:1723:Infinity":758,"f:1656:39:1656:44":138,"s:1657:20:1657:Infinity":759,"s:1658:141:1658:Infinity":760,"s:1659:31:1659:Infinity":761,"b:1659:39:1659:52:1659:52:1659:56":313,"s:1660:10:1719:Infinity":762,"f:1663:14:1663:20":139,"s:1664:16:1664:Infinity":763,"b:1665:16:1665:Infinity:undefined:undefined:undefined:undefined":314,"s:1665:16:1665:Infinity":764,"s:1665:35:1665:Infinity":765,"b:1669:70:1669:145:1669:145:1669:Infinity":315,"b:1669:162:1669:209:1669:209:1669:Infinity":316,"b:1673:20:1676:21:1676:20:1676:Infinity":317,"b:1674:22:1675:23:1675:22:1676:21":318,"f:1674:35:1674:49":140,"s:1674:49:1674:79":766,"f:1675:34:1675:48":141,"s:1675:48:1675:78":767,"f:1676:36:1676:54":142,"s:1676:54:1676:82":768,"b:1676:54:1676:61:1676:61:1676:82":319,"b:1680:92:1680:102:1680:102:1680:118":320,"b:1683:21:1683:Infinity:1684:22:1694:23":321,"b:1687:51:1687:111:1687:111:1687:Infinity":322,"b:1688:50:1688:114:1688:114:1688:Infinity":323,"b:1694:21:1694:32:1694:32:1695:Infinity":324,"b:1697:117:1697:156:1697:146:1697:160":325,"f:1697:117:1697:129":143,"s:1697:129:1697:156":769,"f:1697:146:1697:156":144,"b:1697:180:1697:207:1697:207:1697:214":326,"b:1697:233:1697:274:1697:274:1697:Infinity":327,"f:1697:233:1697:245":145,"s:1697:245:1697:274":770,"b:1698:21:1698:Infinity:1699:22:1706:Infinity":328,"f:1700:42:1700:57":146,"s:1700:57:1700:86":771,"f:1701:42:1701:57":147,"s:1701:70:1701:121":772,"s:1701:121:1701:135":773,"s:1701:135:1701:150":774,"f:1702:42:1702:57":148,"s:1702:57:1702:87":775,"f:1703:42:1703:57":149,"s:1703:57:1703:87":776,"f:1705:42:1705:57":150,"s:1705:57:1705:76":777,"b:1709:21:1709:Infinity:1710:22:1713:Infinity":329,"f:1710:40:1710:55":151,"s:1710:55:1710:83":778,"b:1711:85:1711:115:1711:115:1711:122":330,"b:1712:52:1712:68:1712:68:1712:Infinity":331,"f:1715:38:1715:53":152,"s:1715:53:1715:76":779,"f:1741:9:1741:18":153,"s:1765:6:1765:Infinity":780,"s:1766:2:1854:Infinity":781,"b:1768:27:1768:49:1768:49:1768:Infinity":332,"b:1771:12:1771:Infinity:1772:12:1774:Infinity":333,"b:1773:14:1773:Infinity:1774:14:1774:Infinity":334,"b:1779:10:1785:11:1785:10:1785:Infinity":335,"b:1780:12:1782:13:1782:12:1785:11":336,"f:1780:25:1780:39":154,"s:1780:39:1780:69":782,"f:1782:24:1782:38":155,"s:1782:38:1782:68":783,"f:1785:26:1785:44":156,"s:1785:44:1785:72":784,"b:1785:44:1785:51:1785:51:1785:72":337,"b:1788:81:1788:95:1788:95:1788:110":338,"b:1790:13:1790:Infinity:1791:14:1793:13":339,"b:1794:15:1794:29:1794:29:1794:57:1794:57:1794:Infinity:1795:16:1795:Infinity":340,"b:1797:15:1797:37:1797:37:1797:69:1797:69:1797:Infinity:1798:16:1798:Infinity":341,"b:1800:15:1800:Infinity:1801:16:1803:Infinity":342,"b:1813:21:1813:60:1813:50:1813:Infinity":343,"f:1813:21:1813:33":157,"s:1813:33:1813:60":785,"f:1813:50:1813:60":158,"b:1814:30:1814:57:1814:57:1814:Infinity":344,"b:1815:29:1815:70:1815:70:1815:Infinity":345,"f:1815:29:1815:41":159,"s:1815:41:1815:70":786,"b:1817:11:1817:Infinity:1818:12:1821:Infinity":346,"f:1818:30:1818:45":160,"s:1818:45:1818:91":787,"b:1818:67:1818:81:1818:81:1818:88":347,"b:1823:11:1823:Infinity:1824:12:1838:Infinity":348,"f:1825:32:1825:47":161,"s:1825:47:1825:75":788,"f:1829:32:1829:47":162,"s:1829:47:1829:77":789,"f:1834:32:1834:47":163,"s:1834:47:1834:70":790,"b:1841:11:1841:Infinity:1842:12:1845:Infinity":349,"f:1842:30:1842:45":164,"s:1842:45:1842:73":791,"b:1843:75:1843:105:1843:105:1843:112":350,"b:1844:42:1844:58:1844:58:1844:Infinity":351,"f:1847:28:1847:43":165,"s:1847:43:1847:70":792,"f:1858:9:1858:27":166,"b:1869:2:1869:Infinity:undefined:undefined:undefined:undefined":352,"s:1869:2:1869:Infinity":793,"s:1869:39:1869:Infinity":794,"s:1870:22:1873:Infinity":795,"f:1870:29:1870:35":167,"s:1871:10:1871:Infinity":796,"s:1872:4:1872:Infinity":797,"b:1872:15:1872:39:1872:39:1872:Infinity":353,"s:1874:2:1888:Infinity":798,"b:1877:7:1877:Infinity:1878:8:1888:Infinity":354,"f:1927:9:1927:17":168,"s:1949:27:1956:Infinity":799,"b:1950:6:1955:Infinity:1956:6:1956:Infinity":355,"f:1952:9:1952:17":169,"s:1953:16:1953:Infinity":800,"s:1954:10:1954:Infinity":801,"b:1954:17:1954:24:1954:24:1954:Infinity":356,"s:1957:2:2107:Infinity":802,"b:1963:12:1963:Infinity:1964:12:1964:Infinity":357,"f:1974:10:1974:25":170,"s:1974:25:1974:Infinity":803,"b:1977:12:1990:13:1990:12:1997:Infinity":358,"b:1983:20:1983:Infinity:1984:20:1984:Infinity":359,"b:1994:20:1994:Infinity:1995:20:1995:Infinity":360,"b:2003:20:2003:Infinity:2004:20:2004:Infinity":361,"b:2008:15:2008:27:2008:27:2008:Infinity":362,"b:2011:15:2011:28:2011:28:2011:Infinity":363,"b:2012:26:2012:90:2012:90:2012:92":364,"f:2012:50:2012:58":171,"s:2012:69:2012:85":804,"b:2013:15:2013:39:2013:39:2013:Infinity":365,"b:2017:110:2017:125:2017:125:2017:Infinity":366,"b:2020:9:2020:Infinity:2021:10:2047:Infinity":367,"f:2035:32:2035:47":172,"s:2035:47:2035:78":805,"b:2036:84:2036:114:2036:114:2036:121":368,"b:2037:51:2037:71:2037:71:2037:Infinity":369,"f:2040:32:2040:47":173,"s:2040:47:2040:72":806,"b:2049:9:2049:Infinity:2050:10:2104:Infinity":370,"b:2058:15:2058:Infinity:2059:16:2061:Infinity":371,"b:2063:15:2063:32:2063:32:2063:Infinity:2064:16:2070:Infinity":372,"f:2065:33:2065:38":174,"s:2066:20:2068:Infinity":807,"b:2067:43:2067:62:2067:62:2067:Infinity":373,"b:2072:15:2072:Infinity:2073:16:2102:Infinity":374,"f:2073:41:2073:46":175,"s:2074:18:2101:Infinity":808,"f:2079:22:2079:40":176,"s:2079:40:2079:Infinity":809,"f:2082:44:2082:49":177,"s:2083:24:2098:Infinity":810,"b:2084:51:2084:65:2084:65:2084:Infinity":375,"f:2111:9:2111:33":178,"b:2111:106:2111:110":376,"s:2112:2:2115:Infinity":811,"f:2118:24:2118:40":179,"b:2118:113:2118:117":377,"s:2119:2:2128:Infinity":812},"fnNames":{}}}
}
