TN:
SF:components/global-player.tsx
FN:33,formatTime
FN:39,(anonymous_1)
FN:50,(anonymous_2)
FN:54,(anonymous_3)
FN:58,(anonymous_4)
FN:136,(anonymous_5)
FN:140,(anonymous_6)
FN:141,(anonymous_7)
FN:165,(anonymous_8)
FN:173,(anonymous_9)
FN:188,GlobalPlayer
FN:210,(anonymous_11)
FN:221,(anonymous_12)
FN:225,(anonymous_13)
FN:229,(anonymous_14)
FN:345,(anonymous_15)
FN:346,(anonymous_16)
FN:347,(anonymous_17)
FN:375,(anonymous_18)
FN:388,(anonymous_19)
FN:399,(anonymous_20)
FN:434,(anonymous_21)
FN:435,(anonymous_22)
FN:436,(anonymous_23)
FN:446,(anonymous_24)
FN:471,(anonymous_25)
FNF:26
FNH:0
FNDA:0,formatTime
FNDA:0,(anonymous_1)
FNDA:0,(anonymous_2)
FNDA:0,(anonymous_3)
FNDA:0,(anonymous_4)
FNDA:0,(anonymous_5)
FNDA:0,(anonymous_6)
FNDA:0,(anonymous_7)
FNDA:0,(anonymous_8)
FNDA:0,(anonymous_9)
FNDA:0,GlobalPlayer
FNDA:0,(anonymous_11)
FNDA:0,(anonymous_12)
FNDA:0,(anonymous_13)
FNDA:0,(anonymous_14)
FNDA:0,(anonymous_15)
FNDA:0,(anonymous_16)
FNDA:0,(anonymous_17)
FNDA:0,(anonymous_18)
FNDA:0,(anonymous_19)
FNDA:0,(anonymous_20)
FNDA:0,(anonymous_21)
FNDA:0,(anonymous_22)
FNDA:0,(anonymous_23)
FNDA:0,(anonymous_24)
FNDA:0,(anonymous_25)
DA:34,0
DA:35,0
DA:36,0
DA:37,0
DA:39,0
DA:48,0
DA:49,0
DA:50,0
DA:51,0
DA:52,0
DA:54,0
DA:55,0
DA:56,0
DA:58,0
DA:59,0
DA:60,0
DA:62,0
DA:63,0
DA:65,0
DA:66,0
DA:137,0
DA:140,0
DA:141,0
DA:165,0
DA:173,0
DA:188,0
DA:201,0
DA:203,0
DA:204,0
DA:205,0
DA:206,0
DA:207,0
DA:208,0
DA:209,0
DA:210,0
DA:211,0
DA:212,0
DA:213,0
DA:214,0
DA:216,0
DA:217,0
DA:218,0
DA:221,0
DA:222,0
DA:225,0
DA:226,0
DA:229,0
DA:230,0
DA:233,0
DA:234,0
DA:345,0
DA:346,0
DA:347,0
DA:376,0
DA:377,0
DA:378,0
DA:388,0
DA:399,0
DA:434,0
DA:435,0
DA:436,0
DA:446,0
DA:471,0
LF:63
LH:0
BRDA:34,0,0,0
BRDA:34,0,1,0
BRDA:34,1,0,0
BRDA:34,1,1,0
BRDA:59,2,0,0
BRDA:59,2,1,0
BRDA:59,3,0,0
BRDA:59,3,1,0
BRDA:59,3,2,0
BRDA:65,4,0,0
BRDA:65,4,1,0
BRDA:106,5,0,0
BRDA:106,5,1,0
BRDA:110,6,0,0
BRDA:110,6,1,0
BRDA:128,7,0,0
BRDA:128,7,1,0
BRDA:143,8,0,0
BRDA:143,8,1,0
BRDA:143,9,0,0
BRDA:143,9,1,0
BRDA:143,10,0,0
BRDA:143,10,1,0
BRDA:147,11,0,0
BRDA:147,11,1,0
BRDA:138,12,0,0
BRDA:138,12,1,0
BRDA:208,13,0,0
BRDA:208,13,1,0
BRDA:209,14,0,0
BRDA:209,14,1,0
BRDA:211,15,0,0
BRDA:211,15,1,0
BRDA:211,16,0,0
BRDA:211,16,1,0
BRDA:212,17,0,0
BRDA:212,17,1,0
BRDA:233,18,0,0
BRDA:233,18,1,0
BRDA:250,19,0,0
BRDA:250,19,1,0
BRDA:266,20,0,0
BRDA:266,20,1,0
BRDA:275,21,0,0
BRDA:275,21,1,0
BRDA:285,22,0,0
BRDA:285,22,1,0
BRDA:289,23,0,0
BRDA:289,23,1,0
BRDA:309,24,0,0
BRDA:309,24,1,0
BRDA:342,25,0,0
BRDA:342,25,1,0
BRDA:363,26,0,0
BRDA:363,26,1,0
BRDA:363,27,0,0
BRDA:363,27,1,0
BRDA:374,28,0,0
BRDA:374,28,1,0
BRDA:378,29,0,0
BRDA:378,29,1,0
BRDA:390,30,0,0
BRDA:390,30,1,0
BRDA:401,31,0,0
BRDA:401,31,1,0
BRDA:406,32,0,0
BRDA:406,32,1,0
BRDA:431,33,0,0
BRDA:431,33,1,0
BRDA:454,34,0,0
BRDA:454,34,1,0
BRDA:454,34,2,0
BRF:72
BRH:0
end_of_record
TN:
SF:components/keyboard-shortcuts.tsx
FN:7,KeyboardShortcuts
FN:10,(anonymous_1)
FN:11,(anonymous_2)
FN:52,(anonymous_3)
FNF:4
FNH:0
FNDA:0,KeyboardShortcuts
FNDA:0,(anonymous_1)
FNDA:0,(anonymous_2)
FNDA:0,(anonymous_3)
DA:4,0
DA:5,0
DA:8,0
DA:10,0
DA:11,0
DA:12,0
DA:13,0
DA:15,0
DA:17,0
DA:18,0
DA:19,0
DA:21,0
DA:22,0
DA:23,0
DA:25,0
DA:26,0
DA:27,0
DA:29,0
DA:30,0
DA:31,0
DA:33,0
DA:34,0
DA:35,0
DA:38,0
DA:39,0
DA:42,0
DA:43,0
DA:46,0
DA:47,0
DA:51,0
DA:52,0
DA:55,0
LF:32
LH:0
BRDA:13,0,0,0
BRDA:13,0,1,0
BRDA:13,1,0,0
BRDA:13,1,1,0
BRDA:13,1,2,0
BRDA:15,2,0,0
BRDA:15,2,1,0
BRDA:15,2,2,0
BRDA:15,2,3,0
BRDA:15,2,4,0
BRDA:15,2,5,0
BRDA:15,2,6,0
BRDA:15,2,7,0
BRDA:15,2,8,0
BRDA:15,2,9,0
BRDA:15,2,10,0
BRDA:22,3,0,0
BRDA:22,3,1,0
BRDA:26,4,0,0
BRDA:26,4,1,0
BRDA:46,5,0,0
BRDA:46,5,1,0
BRF:22
BRH:0
end_of_record
TN:
SF:components/ui/button-variants.ts
FNF:0
FNH:0
DA:2,0
LF:1
LH:0
BRF:0
BRH:0
end_of_record
TN:
SF:components/ui/button.tsx
FN:11,(anonymous_0)
FNF:1
FNH:0
FNDA:0,(anonymous_0)
DA:11,0
DA:12,0
DA:13,0
DA:15,0
LF:4
LH:0
BRDA:11,0,0,0
BRDA:12,1,0,0
BRDA:12,1,1,0
BRF:3
BRH:0
end_of_record
TN:
SF:components/ui/dropdown-menu.tsx
FN:8,DropdownMenuContent
FN:24,DropdownMenuItem
FN:38,DropdownMenuCheckboxItem
FN:59,DropdownMenuLabel
FN:69,DropdownMenuSeparator
FNF:5
FNH:0
FNDA:0,DropdownMenuContent
FNDA:0,DropdownMenuItem
FNDA:0,DropdownMenuCheckboxItem
FNDA:0,DropdownMenuLabel
FNDA:0,DropdownMenuSeparator
DA:1,0
DA:6,0
DA:7,0
DA:9,0
DA:23,0
DA:25,0
DA:37,0
DA:39,0
DA:58,0
DA:60,0
DA:68,0
DA:70,0
DA:72,0
LF:13
LH:0
BRDA:8,0,0,0
BRDA:30,1,0,0
BRDA:30,1,1,0
BRDA:63,2,0,0
BRDA:63,2,1,0
BRF:5
BRH:0
end_of_record
TN:
SF:components/ui/input.tsx
FN:3,Input
FNF:1
FNH:0
FNDA:0,Input
DA:4,0
DA:16,0
LF:2
LH:0
BRF:0
BRH:0
end_of_record
TN:
SF:components/ui/progress.tsx
FN:5,Progress
FNF:1
FNH:0
FNDA:0,Progress
DA:1,0
DA:6,0
DA:19,0
LF:3
LH:0
BRDA:14,0,0,0
BRDA:14,0,1,0
BRF:2
BRH:0
end_of_record
TN:
SF:components/ui/select.tsx
FN:9,(anonymous_0)
FN:20,(anonymous_1)
FNF:2
FNH:0
FNDA:0,(anonymous_0)
FNDA:0,(anonymous_1)
DA:9,0
DA:11,0
DA:21,0
DA:30,0
LF:4
LH:0
BRF:0
BRH:0
end_of_record
TN:
SF:components/ui/skeleton.tsx
FN:2,Skeleton
FNF:1
FNH:0
FNDA:0,Skeleton
DA:3,0
LF:1
LH:0
BRF:0
BRH:0
end_of_record
TN:
SF:components/ui/switch.tsx
FN:5,(anonymous_0)
FNF:1
FNH:0
FNDA:0,(anonymous_0)
DA:5,0
DA:9,0
DA:24,0
LF:3
LH:0
BRF:0
BRH:0
end_of_record
TN:
SF:components/ui/tabs.tsx
FN:7,(anonymous_0)
FN:22,(anonymous_1)
FN:37,(anonymous_2)
FNF:3
FNH:0
FNDA:0,(anonymous_0)
FNDA:0,(anonymous_1)
FNDA:0,(anonymous_2)
DA:5,0
DA:7,0
DA:11,0
DA:20,0
DA:22,0
DA:26,0
DA:35,0
DA:37,0
DA:41,0
DA:50,0
LF:10
LH:0
BRF:0
BRH:0
end_of_record
TN:
SF:components/ui/toast.tsx
FN:8,ToastViewport
FN:35,Toast
FN:39,ToastAction
FN:52,ToastClose
FN:68,ToastTitle
FN:72,ToastDescription
FNF:6
FNH:0
FNDA:0,ToastViewport
FNDA:0,Toast
FNDA:0,ToastAction
FNDA:0,ToastClose
FNDA:0,ToastTitle
FNDA:0,ToastDescription
DA:1,0
DA:7,0
DA:9,0
DA:20,0
DA:21,0
DA:36,0
DA:38,0
DA:40,0
DA:51,0
DA:53,0
DA:67,0
DA:69,0
DA:71,0
DA:73,0
DA:75,0
LF:15
LH:0
BRF:0
BRH:0
end_of_record
TN:
SF:components/ui/toaster.tsx
FN:4,Toaster
FN:8,(anonymous_1)
FNF:2
FNH:0
FNDA:0,Toaster
FNDA:0,(anonymous_1)
DA:1,0
DA:5,0
DA:6,0
DA:9,0
LF:4
LH:0
BRDA:12,0,0,0
BRDA:12,0,1,0
BRDA:13,1,0,0
BRDA:13,1,1,0
BRF:4
BRH:0
end_of_record
TN:
SF:components/ui/use-toast.ts
FNF:0
FNH:0
LF:0
LH:0
BRF:0
BRH:0
end_of_record
TN:
SF:hooks/use-toast.ts
FN:27,genId
FN:58,(anonymous_1)
FN:63,(anonymous_2)
FN:74,(anonymous_3)
FN:85,(anonymous_4)
FN:96,(anonymous_5)
FN:103,(anonymous_6)
FN:122,(anonymous_7)
FN:131,dispatch
FN:133,(anonymous_9)
FN:140,toast
FN:143,(anonymous_11)
FN:148,(anonymous_12)
FN:156,(anonymous_13)
FN:169,useToast
FN:172,(anonymous_15)
FN:174,(anonymous_16)
FN:185,(anonymous_17)
FNF:18
FNH:0
FNDA:0,genId
FNDA:0,(anonymous_1)
FNDA:0,(anonymous_2)
FNDA:0,(anonymous_3)
FNDA:0,(anonymous_4)
FNDA:0,(anonymous_5)
FNDA:0,(anonymous_6)
FNDA:0,(anonymous_7)
FNDA:0,dispatch
FNDA:0,(anonymous_9)
FNDA:0,toast
FNDA:0,(anonymous_11)
FNDA:0,(anonymous_12)
FNDA:0,(anonymous_13)
FNDA:0,useToast
FNDA:0,(anonymous_15)
FNDA:0,(anonymous_16)
FNDA:0,(anonymous_17)
DA:8,0
DA:9,0
DA:18,0
DA:25,0
DA:28,0
DA:29,0
DA:56,0
DA:58,0
DA:59,0
DA:60,0
DA:63,0
DA:64,0
DA:65,0
DA:71,0
DA:74,0
DA:75,0
DA:77,0
DA:83,0
DA:86,0
DA:91,0
DA:93,0
DA:94,0
DA:96,0
DA:97,0
DA:101,0
DA:104,0
DA:114,0
DA:115,0
DA:120,0
DA:122,0
DA:127,0
DA:129,0
DA:132,0
DA:133,0
DA:134,0
DA:141,0
DA:143,0
DA:144,0
DA:148,0
DA:150,0
DA:157,0
DA:162,0
DA:170,0
DA:172,0
DA:173,0
DA:174,0
DA:175,0
DA:176,0
DA:177,0
DA:182,0
DA:185,0
LF:51
LH:0
BRDA:59,0,0,0
BRDA:59,0,1,0
BRDA:75,1,0,0
BRDA:75,1,1,0
BRDA:75,1,2,0
BRDA:75,1,3,0
BRDA:86,2,0,0
BRDA:86,2,1,0
BRDA:93,3,0,0
BRDA:93,3,1,0
BRDA:104,4,0,0
BRDA:104,4,1,0
BRDA:104,5,0,0
BRDA:104,5,1,0
BRDA:114,6,0,0
BRDA:114,6,1,0
BRDA:157,7,0,0
BRDA:157,7,1,0
BRDA:176,8,0,0
BRDA:176,8,1,0
BRF:20
BRH:0
end_of_record
TN:
SF:lib/utils.ts
FN:3,cn
FNF:1
FNH:1
FNDA:4,cn
DA:4,4
DA:6,1
LF:2
LH:2
BRF:0
BRH:0
end_of_record
TN:
SF:src/App.tsx
FN:13,(anonymous_0)
FN:14,(anonymous_1)
FN:15,(anonymous_2)
FN:19,ShTrackerView
FN:31,App
FN:33,(anonymous_5)
FN:34,(anonymous_6)
FNF:7
FNH:0
FNDA:0,(anonymous_0)
FNDA:0,(anonymous_1)
FNDA:0,(anonymous_2)
FNDA:0,ShTrackerView
FNDA:0,App
FNDA:0,(anonymous_5)
FNDA:0,(anonymous_6)
DA:13,0
DA:14,0
DA:15,0
DA:20,0
DA:22,0
DA:32,0
DA:33,0
DA:34,0
DA:36,0
LF:9
LH:0
BRDA:25,0,0,0
BRDA:25,0,1,0
BRDA:25,1,0,0
BRDA:25,1,1,0
BRDA:73,2,0,0
BRDA:73,2,1,0
BRF:6
BRH:0
end_of_record
TN:
SF:src/types.ts
FNF:0
FNH:0
LF:0
LH:0
BRF:0
BRH:0
end_of_record
TN:
SF:src/components/art-gallery.tsx
FN:8,getImageUrl
FN:22,ArtGallery
FN:30,(anonymous_2)
FN:31,(anonymous_3)
FN:40,(anonymous_4)
FN:45,(anonymous_5)
FN:62,(anonymous_6)
FN:79,(anonymous_7)
FN:87,(anonymous_8)
FN:126,(anonymous_9)
FN:152,ImageLightbox
FN:174,(anonymous_11)
FN:178,(anonymous_12)
FN:182,(anonymous_13)
FNF:14
FNH:0
FNDA:0,getImageUrl
FNDA:0,ArtGallery
FNDA:0,(anonymous_2)
FNDA:0,(anonymous_3)
FNDA:0,(anonymous_4)
FNDA:0,(anonymous_5)
FNDA:0,(anonymous_6)
FNDA:0,(anonymous_7)
FNDA:0,(anonymous_8)
FNDA:0,(anonymous_9)
FNDA:0,ImageLightbox
FNDA:0,(anonymous_11)
FNDA:0,(anonymous_12)
FNDA:0,(anonymous_13)
DA:9,0
DA:10,0
DA:11,0
DA:13,0
DA:14,0
DA:15,0
DA:17,0
DA:18,0
DA:19,0
DA:29,0
DA:30,0
DA:31,0
DA:32,0
DA:33,0
DA:34,0
DA:35,0
DA:38,0
DA:41,0
DA:45,0
DA:62,0
DA:80,0
DA:88,0
DA:89,0
DA:90,0
DA:91,0
DA:92,0
DA:93,0
DA:95,0
DA:121,0
DA:126,0
DA:165,0
DA:166,0
DA:175,0
DA:178,0
DA:182,0
LF:35
LH:0
BRDA:9,0,0,0
BRDA:9,0,1,0
BRDA:11,1,0,0
BRDA:11,1,1,0
BRDA:13,2,0,0
BRDA:13,2,1,0
BRDA:13,3,0,0
BRDA:13,3,1,0
BRDA:15,4,0,0
BRDA:15,4,1,0
BRDA:17,5,0,0
BRDA:17,5,1,0
BRDA:18,6,0,0
BRDA:18,6,1,0
BRDA:18,7,0,0
BRDA:18,7,1,0
BRDA:29,8,0,0
BRDA:29,8,1,0
BRDA:33,9,0,0
BRDA:33,9,1,0
BRDA:47,10,0,0
BRDA:47,10,1,0
BRDA:59,11,0,0
BRDA:59,11,1,0
BRDA:61,12,0,0
BRDA:61,12,1,0
BRDA:62,13,0,0
BRDA:62,13,1,0
BRDA:66,14,0,0
BRDA:66,14,1,0
BRDA:70,15,0,0
BRDA:70,15,1,0
BRDA:70,15,2,0
BRDA:81,16,0,0
BRDA:81,16,1,0
BRDA:88,17,0,0
BRDA:88,17,1,0
BRDA:88,17,2,0
BRDA:89,18,0,0
BRDA:89,18,1,0
BRDA:90,19,0,0
BRDA:90,19,1,0
BRDA:91,20,0,0
BRDA:91,20,1,0
BRDA:91,20,2,0
BRDA:92,21,0,0
BRDA:92,21,1,0
BRDA:93,22,0,0
BRDA:93,22,1,0
BRDA:97,23,0,0
BRDA:97,23,1,0
BRDA:102,24,0,0
BRDA:102,24,1,0
BRDA:113,25,0,0
BRDA:113,25,1,0
BRDA:121,26,0,0
BRDA:121,26,1,0
BRDA:126,27,0,0
BRDA:126,27,1,0
BRDA:126,27,2,0
BRDA:175,28,0,0
BRDA:175,28,1,0
BRDA:193,29,0,0
BRDA:193,29,1,0
BRF:64
BRH:0
end_of_record
TN:
SF:src/components/crypto-donation-section.tsx
FN:8,(anonymous_0)
FN:8,(anonymous_1)
FN:22,DonationContent
FN:26,(anonymous_3)
FN:43,CryptoDonationSection
FN:45,(anonymous_5)
FN:48,(anonymous_6)
FN:54,(anonymous_7)
FN:63,(anonymous_8)
FN:78,(anonymous_9)
FN:87,(anonymous_10)
FN:99,QrOverlay
FNF:12
FNH:0
FNDA:0,(anonymous_0)
FNDA:0,(anonymous_1)
FNDA:0,DonationContent
FNDA:0,(anonymous_3)
FNDA:0,CryptoDonationSection
FNDA:0,(anonymous_5)
FNDA:0,(anonymous_6)
FNDA:0,(anonymous_7)
FNDA:0,(anonymous_8)
FNDA:0,(anonymous_9)
FNDA:0,(anonymous_10)
FNDA:0,QrOverlay
DA:8,0
DA:23,0
DA:27,0
DA:44,0
DA:45,0
DA:47,0
DA:48,0
DA:49,0
DA:54,0
DA:56,0
DA:57,0
DA:61,0
DA:64,0
DA:78,0
DA:87,0
DA:100,0
LF:16
LH:0
BRDA:103,0,0,0
BRDA:103,0,1,0
BRF:2
BRH:0
end_of_record
TN:
SF:src/components/download-manager.tsx
FN:57,useDownloadManager
FN:62,patchJobItem
FN:63,(anonymous_2)
FN:65,(anonymous_3)
FN:68,sanitizeFilename
FN:76,getFileExtension
FN:92,downloadFileAsBlob
FN:127,DownloadFloatingUI
FN:129,(anonymous_8)
FN:130,(anonymous_9)
FN:132,(anonymous_10)
FN:133,(anonymous_11)
FN:135,(anonymous_12)
FN:135,(anonymous_13)
FN:159,(anonymous_14)
FN:168,(anonymous_15)
FN:172,(anonymous_16)
FN:192,(anonymous_17)
FN:209,(anonymous_18)
FN:237,DownloadProvider
FN:244,(anonymous_20)
FN:249,(anonymous_21)
FN:250,(anonymous_22)
FN:251,(anonymous_23)
FN:253,(anonymous_24)
FN:261,(anonymous_25)
FN:265,(anonymous_26)
FN:266,(anonymous_27)
FN:268,(anonymous_28)
FN:270,(anonymous_29)
FN:289,(anonymous_30)
FN:290,(anonymous_31)
FN:292,(anonymous_32)
FN:295,(anonymous_33)
FN:308,(anonymous_34)
FN:317,(anonymous_35)
FN:319,(anonymous_36)
FN:320,(anonymous_37)
FN:327,(anonymous_38)
FN:330,(anonymous_39)
FN:330,(anonymous_40)
FN:334,(anonymous_41)
FN:334,(anonymous_42)
FN:350,(anonymous_43)
FN:352,(anonymous_44)
FN:352,(anonymous_45)
FN:377,(anonymous_46)
FN:384,(anonymous_47)
FN:389,(anonymous_48)
FN:390,(anonymous_49)
FN:400,(anonymous_50)
FN:401,(anonymous_51)
FN:409,(anonymous_52)
FN:411,(anonymous_53)
FN:413,(anonymous_54)
FN:420,(anonymous_55)
FN:431,(anonymous_56)
FN:450,(anonymous_57)
FN:465,(anonymous_58)
FN:466,(anonymous_59)
FN:474,(anonymous_60)
FN:474,(anonymous_61)
FN:476,(anonymous_62)
FN:482,(anonymous_63)
FN:482,(anonymous_64)
FN:487,(anonymous_65)
FNF:66
FNH:0
FNDA:0,useDownloadManager
FNDA:0,patchJobItem
FNDA:0,(anonymous_2)
FNDA:0,(anonymous_3)
FNDA:0,sanitizeFilename
FNDA:0,getFileExtension
FNDA:0,downloadFileAsBlob
FNDA:0,DownloadFloatingUI
FNDA:0,(anonymous_8)
FNDA:0,(anonymous_9)
FNDA:0,(anonymous_10)
FNDA:0,(anonymous_11)
FNDA:0,(anonymous_12)
FNDA:0,(anonymous_13)
FNDA:0,(anonymous_14)
FNDA:0,(anonymous_15)
FNDA:0,(anonymous_16)
FNDA:0,(anonymous_17)
FNDA:0,(anonymous_18)
FNDA:0,DownloadProvider
FNDA:0,(anonymous_20)
FNDA:0,(anonymous_21)
FNDA:0,(anonymous_22)
FNDA:0,(anonymous_23)
FNDA:0,(anonymous_24)
FNDA:0,(anonymous_25)
FNDA:0,(anonymous_26)
FNDA:0,(anonymous_27)
FNDA:0,(anonymous_28)
FNDA:0,(anonymous_29)
FNDA:0,(anonymous_30)
FNDA:0,(anonymous_31)
FNDA:0,(anonymous_32)
FNDA:0,(anonymous_33)
FNDA:0,(anonymous_34)
FNDA:0,(anonymous_35)
FNDA:0,(anonymous_36)
FNDA:0,(anonymous_37)
FNDA:0,(anonymous_38)
FNDA:0,(anonymous_39)
FNDA:0,(anonymous_40)
FNDA:0,(anonymous_41)
FNDA:0,(anonymous_42)
FNDA:0,(anonymous_43)
FNDA:0,(anonymous_44)
FNDA:0,(anonymous_45)
FNDA:0,(anonymous_46)
FNDA:0,(anonymous_47)
FNDA:0,(anonymous_48)
FNDA:0,(anonymous_49)
FNDA:0,(anonymous_50)
FNDA:0,(anonymous_51)
FNDA:0,(anonymous_52)
FNDA:0,(anonymous_53)
FNDA:0,(anonymous_54)
FNDA:0,(anonymous_55)
FNDA:0,(anonymous_56)
FNDA:0,(anonymous_57)
FNDA:0,(anonymous_58)
FNDA:0,(anonymous_59)
FNDA:0,(anonymous_60)
FNDA:0,(anonymous_61)
FNDA:0,(anonymous_62)
FNDA:0,(anonymous_63)
FNDA:0,(anonymous_64)
FNDA:0,(anonymous_65)
DA:7,0
DA:8,0
DA:9,0
DA:56,0
DA:58,0
DA:59,0
DA:60,0
DA:63,0
DA:64,0
DA:65,0
DA:69,0
DA:77,0
DA:78,0
DA:79,0
DA:80,0
DA:81,0
DA:82,0
DA:84,0
DA:85,0
DA:86,0
DA:87,0
DA:88,0
DA:89,0
DA:90,0
DA:99,0
DA:100,0
DA:101,0
DA:102,0
DA:103,0
DA:104,0
DA:105,0
DA:106,0
DA:107,0
DA:109,0
DA:110,0
DA:111,0
DA:112,0
DA:113,0
DA:114,0
DA:115,0
DA:116,0
DA:117,0
DA:119,0
DA:120,0
DA:121,0
DA:123,0
DA:124,0
DA:128,0
DA:129,0
DA:130,0
DA:131,0
DA:132,0
DA:133,0
DA:134,0
DA:135,0
DA:136,0
DA:159,0
DA:170,0
DA:171,0
DA:172,0
DA:173,0
DA:192,0
DA:210,0
DA:238,0
DA:239,0
DA:240,0
DA:241,0
DA:242,0
DA:243,0
DA:244,0
DA:245,0
DA:246,0
DA:247,0
DA:248,0
DA:249,0
DA:250,0
DA:251,0
DA:252,0
DA:253,0
DA:254,0
DA:255,0
DA:256,0
DA:257,0
DA:259,0
DA:261,0
DA:265,0
DA:266,0
DA:267,0
DA:268,0
DA:269,0
DA:270,0
DA:272,0
DA:273,0
DA:274,0
DA:275,0
DA:276,0
DA:277,0
DA:278,0
DA:283,0
DA:286,0
DA:287,0
DA:288,0
DA:289,0
DA:290,0
DA:291,0
DA:292,0
DA:293,0
DA:295,0
DA:299,0
DA:302,0
DA:303,0
DA:305,0
DA:306,0
DA:308,0
DA:309,0
DA:310,0
DA:311,0
DA:312,0
DA:313,0
DA:316,0
DA:317,0
DA:318,0
DA:319,0
DA:320,0
DA:321,0
DA:322,0
DA:324,0
DA:325,0
DA:326,0
DA:328,0
DA:329,0
DA:330,0
DA:331,0
DA:333,0
DA:334,0
DA:335,0
DA:337,0
DA:338,0
DA:339,0
DA:340,0
DA:341,0
DA:342,0
DA:343,0
DA:344,0
DA:345,0
DA:347,0
DA:348,0
DA:350,0
DA:351,0
DA:352,0
DA:353,0
DA:354,0
DA:356,0
DA:360,0
DA:361,0
DA:362,0
DA:363,0
DA:368,0
DA:373,0
DA:374,0
DA:375,0
DA:376,0
DA:377,0
DA:378,0
DA:379,0
DA:380,0
DA:381,0
DA:382,0
DA:383,0
DA:384,0
DA:385,0
DA:387,0
DA:389,0
DA:390,0
DA:391,0
DA:396,0
DA:397,0
DA:399,0
DA:400,0
DA:401,0
DA:403,0
DA:408,0
DA:409,0
DA:411,0
DA:412,0
DA:413,0
DA:414,0
DA:415,0
DA:416,0
DA:420,0
DA:430,0
DA:431,0
DA:440,0
DA:450,0
DA:451,0
DA:452,0
DA:461,0
DA:465,0
DA:466,0
DA:467,0
DA:468,0
DA:469,0
DA:470,0
DA:471,0
DA:474,0
DA:476,0
DA:477,0
DA:478,0
DA:479,0
DA:480,0
DA:482,0
DA:483,0
DA:484,0
DA:486,0
DA:487,0
LF:215
LH:0
BRDA:59,0,0,0
BRDA:59,0,1,0
BRDA:64,1,0,0
BRDA:64,1,1,0
BRDA:65,2,0,0
BRDA:65,2,1,0
BRDA:70,3,0,0
BRDA:70,3,1,0
BRDA:77,4,0,0
BRDA:77,4,1,0
BRDA:78,5,0,0
BRDA:78,5,1,0
BRDA:78,6,0,0
BRDA:78,6,1,0
BRDA:79,7,0,0
BRDA:79,7,1,0
BRDA:79,8,0,0
BRDA:79,8,1,0
BRDA:80,9,0,0
BRDA:80,9,1,0
BRDA:81,10,0,0
BRDA:81,10,1,0
BRDA:82,11,0,0
BRDA:82,11,1,0
BRDA:85,12,0,0
BRDA:85,12,1,0
BRDA:85,13,0,0
BRDA:85,13,1,0
BRDA:86,14,0,0
BRDA:86,14,1,0
BRDA:86,15,0,0
BRDA:86,15,1,0
BRDA:87,16,0,0
BRDA:87,16,1,0
BRDA:88,17,0,0
BRDA:88,17,1,0
BRDA:89,18,0,0
BRDA:89,18,1,0
BRDA:101,19,0,0
BRDA:101,19,1,0
BRDA:103,20,0,0
BRDA:103,20,1,0
BRDA:104,21,0,0
BRDA:104,21,1,0
BRDA:106,22,0,0
BRDA:106,22,1,0
BRDA:114,23,0,0
BRDA:114,23,1,0
BRDA:117,24,0,0
BRDA:117,24,1,0
BRDA:117,25,0,0
BRDA:117,25,1,0
BRDA:120,26,0,0
BRDA:120,26,1,0
BRDA:130,27,0,0
BRDA:130,27,1,0
BRDA:131,28,0,0
BRDA:131,28,1,0
BRDA:134,29,0,0
BRDA:134,29,1,0
BRDA:140,30,0,0
BRDA:140,30,1,0
BRDA:142,31,0,0
BRDA:142,31,1,0
BRDA:146,32,0,0
BRDA:146,32,1,0
BRDA:162,33,0,0
BRDA:162,33,1,0
BRDA:166,34,0,0
BRDA:166,34,1,0
BRDA:170,35,0,0
BRDA:170,35,1,0
BRDA:177,36,0,0
BRDA:177,36,1,0
BRDA:179,37,0,0
BRDA:179,37,1,0
BRDA:181,38,0,0
BRDA:181,38,1,0
BRDA:188,39,0,0
BRDA:188,39,1,0
BRDA:202,40,0,0
BRDA:202,40,1,0
BRDA:204,41,0,0
BRDA:204,41,1,0
BRDA:207,42,0,0
BRDA:207,42,1,0
BRDA:207,42,2,0
BRDA:213,43,0,0
BRDA:213,43,1,0
BRDA:216,44,0,0
BRDA:216,44,1,0
BRDA:226,45,0,0
BRDA:226,45,1,0
BRDA:226,45,2,0
BRDA:243,46,0,0
BRDA:243,46,1,0
BRDA:246,47,0,0
BRDA:246,47,1,0
BRDA:248,48,0,0
BRDA:248,48,1,0
BRDA:252,49,0,0
BRDA:252,49,1,0
BRDA:254,50,0,0
BRDA:254,50,1,0
BRDA:255,51,0,0
BRDA:255,51,1,0
BRDA:272,52,0,0
BRDA:272,52,1,0
BRDA:275,53,0,0
BRDA:275,53,1,0
BRDA:287,54,0,0
BRDA:287,54,1,0
BRDA:291,55,0,0
BRDA:291,55,1,0
BRDA:293,56,0,0
BRDA:293,56,1,0
BRDA:309,57,0,0
BRDA:309,57,1,0
BRDA:311,58,0,0
BRDA:311,58,1,0
BRDA:321,59,0,0
BRDA:321,59,1,0
BRDA:321,60,0,0
BRDA:321,60,1,0
BRDA:322,61,0,0
BRDA:322,61,1,0
BRDA:322,61,2,0
BRDA:324,62,0,0
BRDA:324,62,1,0
BRDA:329,63,0,0
BRDA:329,63,1,0
BRDA:329,64,0,0
BRDA:329,64,1,0
BRDA:330,65,0,0
BRDA:330,65,1,0
BRDA:334,66,0,0
BRDA:334,66,1,0
BRDA:340,67,0,0
BRDA:340,67,1,0
BRDA:342,68,0,0
BRDA:342,68,1,0
BRDA:343,69,0,0
BRDA:343,69,1,0
BRDA:343,70,0,0
BRDA:343,70,1,0
BRDA:351,71,0,0
BRDA:351,71,1,0
BRDA:352,72,0,0
BRDA:352,72,1,0
BRDA:356,73,0,0
BRDA:356,73,1,0
BRDA:373,74,0,0
BRDA:373,74,1,0
BRDA:374,75,0,0
BRDA:374,75,1,0
BRDA:376,76,0,0
BRDA:376,76,1,0
BRDA:391,77,0,0
BRDA:391,77,1,0
BRDA:401,78,0,0
BRDA:401,78,1,0
BRDA:414,79,0,0
BRDA:414,79,1,0
BRDA:433,80,0,0
BRDA:433,80,1,0
BRDA:434,81,0,0
BRDA:434,81,1,0
BRDA:442,82,0,0
BRDA:442,82,1,0
BRDA:466,83,0,0
BRDA:466,83,1,0
BRDA:469,84,0,0
BRDA:469,84,1,0
BRDA:478,85,0,0
BRDA:478,85,1,0
BRF:175
BRH:0
end_of_record
TN:
SF:src/components/error-boundary.tsx
FN:15,getDerivedStateFromError
FN:19,componentDidCatch
FN:30,render
FNF:3
FNH:0
FNDA:0,getDerivedStateFromError
FNDA:0,componentDidCatch
FNDA:0,render
DA:13,0
DA:16,0
DA:20,0
DA:26,0
DA:31,0
DA:32,0
DA:34,0
LF:7
LH:0
BRDA:20,0,0,0
BRDA:20,0,1,0
BRDA:21,1,0,0
BRDA:21,1,1,0
BRDA:21,1,2,0
BRDA:21,1,3,0
BRDA:31,2,0,0
BRDA:31,2,1,0
BRDA:32,3,0,0
BRDA:32,3,1,0
BRF:10
BRH:0
end_of_record
TN:
SF:src/components/lastfm-modal.tsx
FN:14,LastFMModal
FN:17,(anonymous_1)
FN:31,(anonymous_2)
FN:56,(anonymous_3)
FN:71,(anonymous_4)
FNF:5
FNH:0
FNDA:0,LastFMModal
FNDA:0,(anonymous_1)
FNDA:0,(anonymous_2)
FNDA:0,(anonymous_3)
FNDA:0,(anonymous_4)
DA:15,0
DA:16,0
DA:17,0
DA:18,0
DA:19,0
DA:20,0
DA:21,0
DA:22,0
DA:23,0
DA:24,0
DA:26,0
DA:28,0
DA:31,0
DA:32,0
DA:33,0
DA:34,0
DA:35,0
DA:36,0
DA:37,0
DA:39,0
DA:41,0
DA:44,0
DA:57,0
DA:58,0
DA:71,0
LF:25
LH:0
BRDA:23,0,0,0
BRDA:23,0,1,0
BRDA:26,1,0,0
BRDA:26,1,1,0
BRDA:32,2,0,0
BRDA:32,2,1,0
BRDA:39,3,0,0
BRDA:39,3,1,0
BRDA:49,4,0,0
BRDA:49,4,1,0
BRDA:65,5,0,0
BRDA:65,5,1,0
BRDA:69,6,0,0
BRDA:69,6,1,0
BRDA:79,7,0,0
BRDA:79,7,1,0
BRF:16
BRH:0
end_of_record
TN:
SF:src/components/layout.tsx
FN:6,useHeaderSlots
FN:8,(anonymous_1)
FN:23,Layout
FNF:3
FNH:0
FNDA:0,useHeaderSlots
FNDA:0,(anonymous_1)
FNDA:0,Layout
DA:7,0
DA:8,0
DA:9,0
DA:11,0
DA:12,0
DA:13,0
DA:14,0
DA:15,0
DA:24,0
LF:9
LH:0
BRDA:11,0,0,0
BRDA:11,0,1,0
BRDA:14,1,0,0
BRDA:14,1,1,0
BRDA:18,2,0,0
BRDA:18,2,1,0
BRDA:18,3,0,0
BRDA:18,3,1,0
BRF:8
BRH:0
end_of_record
TN:
SF:src/components/lyrics-panel.tsx
FN:11,LyricsPanel
FN:20,(anonymous_1)
FN:26,(anonymous_2)
FN:28,(anonymous_3)
FN:34,(anonymous_4)
FN:39,(anonymous_5)
FN:49,(anonymous_6)
FN:55,(anonymous_7)
FN:58,(anonymous_8)
FN:67,(anonymous_9)
FN:84,(anonymous_10)
FN:131,(anonymous_11)
FN:133,(anonymous_12)
FN:143,(anonymous_13)
FNF:14
FNH:0
FNDA:0,LyricsPanel
FNDA:0,(anonymous_1)
FNDA:0,(anonymous_2)
FNDA:0,(anonymous_3)
FNDA:0,(anonymous_4)
FNDA:0,(anonymous_5)
FNDA:0,(anonymous_6)
FNDA:0,(anonymous_7)
FNDA:0,(anonymous_8)
FNDA:0,(anonymous_9)
FNDA:0,(anonymous_10)
FNDA:0,(anonymous_11)
FNDA:0,(anonymous_12)
FNDA:0,(anonymous_13)
DA:7,0
DA:8,0
DA:9,0
DA:11,0
DA:12,0
DA:13,0
DA:14,0
DA:15,0
DA:16,0
DA:17,0
DA:18,0
DA:20,0
DA:21,0
DA:22,0
DA:23,0
DA:26,0
DA:27,0
DA:28,0
DA:31,0
DA:32,0
DA:34,0
DA:35,0
DA:36,0
DA:39,0
DA:40,0
DA:41,0
DA:42,0
DA:43,0
DA:44,0
DA:45,0
DA:50,0
DA:51,0
DA:52,0
DA:55,0
DA:58,0
DA:59,0
DA:60,0
DA:61,0
DA:63,0
DA:64,0
DA:67,0
DA:68,0
DA:69,0
DA:70,0
DA:71,0
DA:72,0
DA:73,0
DA:74,0
DA:78,0
DA:80,0
DA:81,0
DA:84,0
DA:86,0
DA:88,0
DA:89,0
DA:91,0
DA:132,0
DA:133,0
DA:134,0
DA:135,0
DA:136,0
DA:139,0
DA:143,0
LF:63
LH:0
BRDA:21,0,0,0
BRDA:21,0,1,0
BRDA:21,1,0,0
BRDA:21,1,1,0
BRDA:22,2,0,0
BRDA:22,2,1,0
BRDA:22,3,0,0
BRDA:22,3,1,0
BRDA:27,4,0,0
BRDA:27,4,1,0
BRDA:31,5,0,0
BRDA:31,5,1,0
BRDA:35,6,0,0
BRDA:35,6,1,0
BRDA:35,7,0,0
BRDA:35,7,1,0
BRDA:40,8,0,0
BRDA:40,8,1,0
BRDA:47,9,0,0
BRDA:47,9,1,0
BRDA:50,10,0,0
BRDA:50,10,1,0
BRDA:59,11,0,0
BRDA:59,11,1,0
BRDA:68,12,0,0
BRDA:68,12,1,0
BRDA:68,13,0,0
BRDA:68,13,1,0
BRDA:68,13,2,0
BRDA:78,14,0,0
BRDA:78,14,1,0
BRDA:81,15,0,0
BRDA:81,15,1,0
BRDA:83,16,0,0
BRDA:83,16,1,0
BRDA:86,17,0,0
BRDA:86,17,1,0
BRDA:86,17,2,0
BRDA:101,18,0,0
BRDA:101,18,1,0
BRDA:109,19,0,0
BRDA:109,19,1,0
BRDA:109,19,2,0
BRDA:109,19,3,0
BRDA:114,20,0,0
BRDA:114,20,1,0
BRDA:114,20,2,0
BRDA:114,20,3,0
BRDA:119,21,0,0
BRDA:119,21,1,0
BRDA:119,21,2,0
BRDA:131,22,0,0
BRDA:131,22,1,0
BRDA:131,22,2,0
BRDA:131,22,3,0
BRDA:132,23,0,0
BRDA:132,23,1,0
BRDA:134,24,0,0
BRDA:134,24,1,0
BRDA:134,25,0,0
BRDA:134,25,1,0
BRDA:136,26,0,0
BRDA:136,26,1,0
BRDA:144,27,0,0
BRDA:144,27,1,0
BRDA:146,28,0,0
BRDA:146,28,1,0
BRDA:148,29,0,0
BRDA:148,29,1,0
BRDA:148,30,0,0
BRDA:148,30,1,0
BRDA:148,30,2,0
BRDA:142,31,0,0
BRDA:142,31,1,0
BRF:74
BRH:0
end_of_record
TN:
SF:src/components/modal.tsx
FN:4,(anonymous_0)
FN:11,(anonymous_1)
FN:17,(anonymous_2)
FN:20,(anonymous_3)
FN:22,(anonymous_4)
FNF:5
FNH:0
FNDA:0,(anonymous_0)
FNDA:0,(anonymous_1)
FNDA:0,(anonymous_2)
FNDA:0,(anonymous_3)
FNDA:0,(anonymous_4)
DA:4,0
DA:10,0
DA:11,0
DA:12,0
DA:13,0
DA:14,0
DA:15,0
DA:17,0
DA:18,0
DA:19,0
DA:20,0
DA:21,0
DA:22,0
DA:24,0
LF:14
LH:0
BRDA:13,0,0,0
BRDA:13,0,1,0
BRDA:14,1,0,0
BRDA:14,1,1,0
BRDA:14,2,0,0
BRDA:14,2,1,0
BRDA:15,3,0,0
BRDA:15,3,1,0
BRDA:15,4,0,0
BRDA:15,4,1,0
BRDA:19,5,0,0
BRDA:19,5,1,0
BRF:12
BRH:0
end_of_record
TN:
SF:src/components/settings-modal-context.tsx
FN:10,(anonymous_0)
FN:13,useSettingsModal
FNF:2
FNH:0
FNDA:0,(anonymous_0)
FNDA:0,useSettingsModal
DA:8,0
DA:14,0
LF:2
LH:0
BRF:0
BRH:0
end_of_record
TN:
SF:src/components/youtube-player.tsx
FN:5,extractYouTubeId
FN:12,YouTubePlayer
FN:15,(anonymous_2)
FN:22,(anonymous_3)
FN:23,(anonymous_4)
FN:25,(anonymous_5)
FN:35,(anonymous_6)
FN:39,(anonymous_7)
FN:40,(anonymous_8)
FN:41,(anonymous_9)
FN:44,(anonymous_10)
FN:50,(anonymous_11)
FNF:12
FNH:0
FNDA:0,extractYouTubeId
FNDA:0,YouTubePlayer
FNDA:0,(anonymous_2)
FNDA:0,(anonymous_3)
FNDA:0,(anonymous_4)
FNDA:0,(anonymous_5)
FNDA:0,(anonymous_6)
FNDA:0,(anonymous_7)
FNDA:0,(anonymous_8)
FNDA:0,(anonymous_9)
FNDA:0,(anonymous_10)
FNDA:0,(anonymous_11)
DA:6,0
DA:9,0
DA:13,0
DA:14,0
DA:15,0
DA:19,0
DA:20,0
DA:22,0
DA:23,0
DA:25,0
DA:26,0
DA:27,0
DA:28,0
DA:29,0
DA:35,0
DA:36,0
DA:39,0
DA:40,0
DA:41,0
DA:42,0
DA:43,0
DA:44,0
DA:45,0
DA:46,0
DA:50,0
DA:51,0
DA:52,0
DA:55,0
DA:57,0
LF:29
LH:0
BRDA:9,0,0,0
BRDA:9,0,1,0
BRDA:26,1,0,0
BRDA:26,1,1,0
BRDA:55,2,0,0
BRDA:55,2,1,0
BRF:6
BRH:0
end_of_record
TN:
SF:src/components/home/artist-card.tsx
FN:6,ArtistCard
FN:17,(anonymous_1)
FN:23,(anonymous_2)
FN:53,(anonymous_3)
FN:66,(anonymous_4)
FN:77,(anonymous_5)
FNF:6
FNH:0
FNDA:0,ArtistCard
FNDA:0,(anonymous_1)
FNDA:0,(anonymous_2)
FNDA:0,(anonymous_3)
FNDA:0,(anonymous_4)
FNDA:0,(anonymous_5)
DA:6,0
DA:17,0
DA:18,0
DA:23,0
DA:54,0
DA:55,0
DA:66,0
DA:76,0
DA:78,0
LF:9
LH:0
BRDA:39,0,0,0
BRDA:39,0,1,0
BRDA:46,1,0,0
BRDA:46,1,1,0
BRDA:50,2,0,0
BRDA:50,2,1,0
BRF:6
BRH:0
end_of_record
TN:
SF:src/components/home/footer.tsx
FN:5,(anonymous_0)
FNF:1
FNH:0
FNDA:0,(anonymous_0)
DA:5,0
DA:17,0
LF:2
LH:0
BRDA:81,0,0,0
BRDA:81,0,1,0
BRF:2
BRH:0
end_of_record
TN:
SF:src/components/home/header.tsx
FN:18,(anonymous_0)
FN:24,(anonymous_1)
FN:53,(anonymous_2)
FN:60,(anonymous_3)
FN:67,(anonymous_4)
FN:74,(anonymous_5)
FN:85,(anonymous_6)
FN:96,(anonymous_7)
FN:103,(anonymous_8)
FN:124,(anonymous_9)
FN:143,(anonymous_10)
FN:151,(anonymous_11)
FN:161,(anonymous_12)
FNF:13
FNH:0
FNDA:0,(anonymous_0)
FNDA:0,(anonymous_1)
FNDA:0,(anonymous_2)
FNDA:0,(anonymous_3)
FNDA:0,(anonymous_4)
FNDA:0,(anonymous_5)
FNDA:0,(anonymous_6)
FNDA:0,(anonymous_7)
FNDA:0,(anonymous_8)
FNDA:0,(anonymous_9)
FNDA:0,(anonymous_10)
FNDA:0,(anonymous_11)
FNDA:0,(anonymous_12)
DA:18,0
DA:19,0
DA:24,0
DA:33,0
DA:34,0
DA:53,0
DA:60,0
DA:67,0
DA:74,0
DA:85,0
DA:96,0
DA:97,0
DA:98,0
DA:104,0
DA:105,0
DA:124,0
DA:143,0
DA:145,0
DA:151,0
DA:161,0
LF:20
LH:0
BRDA:33,0,0,0
BRDA:33,0,1,0
BRDA:33,0,2,0
BRDA:33,0,3,0
BRDA:33,0,4,0
BRDA:44,1,0,0
BRDA:44,1,1,0
BRDA:156,2,0,0
BRDA:156,2,1,0
BRF:9
BRH:0
end_of_record
TN:
SF:src/components/home/messages.tsx
FN:4,(anonymous_0)
FN:13,(anonymous_1)
FNF:2
FNH:0
FNDA:0,(anonymous_0)
FNDA:0,(anonymous_1)
DA:4,0
DA:5,0
DA:13,0
DA:14,0
LF:4
LH:0
BRDA:18,0,0,0
BRDA:18,0,1,0
BRF:2
BRH:0
end_of_record
TN:
SF:src/components/home/modals.tsx
FN:5,(anonymous_0)
FN:5,(anonymous_1)
FN:7,MarkdownContent
FN:10,(anonymous_3)
FN:37,(anonymous_4)
FN:59,(anonymous_5)
FN:87,(anonymous_6)
FN:89,(anonymous_7)
FN:90,(anonymous_8)
FN:105,(anonymous_9)
FN:174,(anonymous_10)
FNF:11
FNH:0
FNDA:0,(anonymous_0)
FNDA:0,(anonymous_1)
FNDA:0,MarkdownContent
FNDA:0,(anonymous_3)
FNDA:0,(anonymous_4)
FNDA:0,(anonymous_5)
FNDA:0,(anonymous_6)
FNDA:0,(anonymous_7)
FNDA:0,(anonymous_8)
FNDA:0,(anonymous_9)
FNDA:0,(anonymous_10)
DA:5,0
DA:8,0
DA:11,0
DA:12,0
DA:17,0
DA:18,0
DA:19,0
DA:20,0
DA:26,0
DA:27,0
DA:37,0
DA:39,0
DA:59,0
DA:60,0
DA:87,0
DA:88,0
DA:89,0
DA:90,0
DA:91,0
DA:105,0
DA:117,0
DA:175,0
DA:176,0
LF:23
LH:0
BRDA:11,0,0,0
BRDA:11,0,1,0
BRDA:17,1,0,0
BRDA:17,1,1,0
BRDA:19,2,0,0
BRDA:19,2,1,0
BRDA:26,3,0,0
BRDA:26,3,1,0
BRDA:42,4,0,0
BRDA:42,4,1,0
BRDA:71,5,0,0
BRDA:71,5,1,0
BRDA:99,6,0,0
BRDA:99,6,1,0
BRDA:183,7,0,0
BRDA:183,7,1,0
BRF:16
BRH:0
end_of_record
TN:
SF:src/components/home/skeletons.tsx
FN:4,(anonymous_0)
FN:6,(anonymous_1)
FNF:2
FNH:0
FNDA:0,(anonymous_0)
FNDA:0,(anonymous_1)
DA:4,0
DA:5,0
DA:7,0
LF:3
LH:0
BRF:0
BRH:0
end_of_record
TN:
SF:src/components/view/custom-view-manager.tsx
FN:25,CustomViewManager
FN:42,(anonymous_1)
FN:49,(anonymous_2)
FN:56,(anonymous_3)
FN:59,(anonymous_4)
FN:76,(anonymous_5)
FN:78,(anonymous_6)
FN:84,(anonymous_7)
FN:85,(anonymous_8)
FN:86,(anonymous_9)
FN:95,(anonymous_10)
FN:102,(anonymous_11)
FN:108,(anonymous_12)
FN:112,(anonymous_13)
FN:130,(anonymous_14)
FN:175,(anonymous_15)
FN:178,(anonymous_16)
FN:190,(anonymous_17)
FN:198,(anonymous_18)
FN:223,(anonymous_19)
FN:224,(anonymous_20)
FNF:21
FNH:0
FNDA:0,CustomViewManager
FNDA:0,(anonymous_1)
FNDA:0,(anonymous_2)
FNDA:0,(anonymous_3)
FNDA:0,(anonymous_4)
FNDA:0,(anonymous_5)
FNDA:0,(anonymous_6)
FNDA:0,(anonymous_7)
FNDA:0,(anonymous_8)
FNDA:0,(anonymous_9)
FNDA:0,(anonymous_10)
FNDA:0,(anonymous_11)
FNDA:0,(anonymous_12)
FNDA:0,(anonymous_13)
FNDA:0,(anonymous_14)
FNDA:0,(anonymous_15)
FNDA:0,(anonymous_16)
FNDA:0,(anonymous_17)
FNDA:0,(anonymous_18)
FNDA:0,(anonymous_19)
FNDA:0,(anonymous_20)
DA:35,0
DA:36,0
DA:37,0
DA:38,0
DA:40,0
DA:42,0
DA:43,0
DA:44,0
DA:45,0
DA:46,0
DA:49,0
DA:50,0
DA:51,0
DA:52,0
DA:53,0
DA:56,0
DA:57,0
DA:58,0
DA:59,0
DA:60,0
DA:62,0
DA:63,0
DA:64,0
DA:66,0
DA:67,0
DA:70,0
DA:71,0
DA:73,0
DA:76,0
DA:77,0
DA:78,0
DA:79,0
DA:80,0
DA:84,0
DA:85,0
DA:86,0
DA:90,0
DA:91,0
DA:95,0
DA:102,0
DA:109,0
DA:112,0
DA:130,0
DA:146,0
DA:147,0
DA:162,0
DA:176,0
DA:178,0
DA:190,0
DA:198,0
DA:224,0
LF:51
LH:0
BRDA:57,0,0,0
BRDA:57,0,1,0
BRDA:57,1,0,0
BRDA:57,1,1,0
BRDA:58,2,0,0
BRDA:58,2,1,0
BRDA:60,3,0,0
BRDA:60,3,1,0
BRDA:66,4,0,0
BRDA:66,4,1,0
BRDA:79,5,0,0
BRDA:79,5,1,0
BRDA:86,6,0,0
BRDA:86,6,1,0
BRDA:90,7,0,0
BRDA:90,7,1,0
BRDA:94,8,0,0
BRDA:94,8,1,0
BRDA:114,9,0,0
BRDA:114,9,1,0
BRDA:120,10,0,0
BRDA:120,10,1,0
BRDA:122,11,0,0
BRDA:122,11,1,0
BRDA:136,12,0,0
BRDA:136,12,1,0
BRDA:139,13,0,0
BRDA:139,13,1,0
BRDA:146,14,0,0
BRDA:146,14,1,0
BRDA:165,15,0,0
BRDA:165,15,1,0
BRDA:182,16,0,0
BRDA:182,16,1,0
BRDA:239,17,0,0
BRDA:239,17,1,0
BRF:36
BRH:0
end_of_record
TN:
SF:src/components/view/track-item.tsx
FN:25,TrackMetaBadges
FN:43,PlayButton
FN:51,PauseButton
FN:59,OpenLinkButton
FN:67,TrackDescription
FN:76,TrackItemActions
FN:114,FallbackView
FN:124,(anonymous_7)
FNF:8
FNH:0
FNDA:0,TrackMetaBadges
FNDA:0,PlayButton
FNDA:0,PauseButton
FNDA:0,OpenLinkButton
FNDA:0,TrackDescription
FNDA:0,TrackItemActions
FNDA:0,FallbackView
FNDA:0,(anonymous_7)
DA:28,0
DA:44,0
DA:52,0
DA:60,0
DA:68,0
DA:69,0
DA:80,0
DA:115,0
DA:124,0
LF:9
LH:0
BRDA:30,0,0,0
BRDA:30,0,1,0
BRDA:31,1,0,0
BRDA:31,1,1,0
BRDA:31,1,2,0
BRDA:31,1,3,0
BRDA:32,2,0,0
BRDA:32,2,1,0
BRDA:32,2,2,0
BRDA:32,2,3,0
BRDA:33,3,0,0
BRDA:33,3,1,0
BRDA:33,3,2,0
BRDA:33,3,3,0
BRDA:34,4,0,0
BRDA:34,4,1,0
BRDA:43,5,0,0
BRDA:51,6,0,0
BRDA:59,7,0,0
BRDA:68,8,0,0
BRDA:68,8,1,0
BRDA:83,9,0,0
BRDA:83,9,1,0
BRDA:88,10,0,0
BRDA:88,10,1,0
BRDA:90,11,0,0
BRDA:90,11,1,0
BRDA:92,12,0,0
BRDA:92,12,1,0
BRDA:95,13,0,0
BRDA:95,13,1,0
BRF:31
BRH:0
end_of_record
TN:
SF:src/hooks/use-key-press.ts
FN:2,useKeyPress
FN:4,(anonymous_1)
FN:7,(anonymous_2)
FN:8,(anonymous_3)
FN:12,(anonymous_4)
FNF:5
FNH:0
FNDA:0,useKeyPress
FNDA:0,(anonymous_1)
FNDA:0,(anonymous_2)
FNDA:0,(anonymous_3)
FNDA:0,(anonymous_4)
DA:3,0
DA:4,0
DA:5,0
DA:7,0
DA:8,0
DA:9,0
DA:11,0
DA:12,0
LF:8
LH:0
BRDA:9,0,0,0
BRDA:9,0,1,0
BRF:2
BRH:0
end_of_record
TN:
SF:src/hooks/use-local-storage.ts
FN:2,useLocalStorage
FN:3,(anonymous_1)
FN:11,(anonymous_2)
FNF:3
FNH:0
FNDA:0,useLocalStorage
FNDA:0,(anonymous_1)
FNDA:0,(anonymous_2)
DA:3,0
DA:4,0
DA:5,0
DA:6,0
DA:8,0
DA:11,0
DA:12,0
DA:13,0
DA:14,0
DA:15,0
DA:17,0
DA:20,0
LF:12
LH:0
BRDA:6,0,0,0
BRDA:6,0,1,0
BRDA:13,1,0,0
BRDA:13,1,1,0
BRF:4
BRH:0
end_of_record
TN:
SF:src/hooks/use-page-meta.ts
FN:10,usePageMeta
FN:11,(anonymous_1)
FN:49,(anonymous_2)
FNF:3
FNH:0
FNDA:0,usePageMeta
FNDA:0,(anonymous_1)
FNDA:0,(anonymous_2)
DA:11,0
DA:12,0
DA:13,0
DA:14,0
DA:15,0
DA:17,0
DA:18,0
DA:19,0
DA:20,0
DA:21,0
DA:22,0
DA:23,0
DA:25,0
DA:27,0
DA:28,0
DA:29,0
DA:30,0
DA:31,0
DA:32,0
DA:33,0
DA:34,0
DA:36,0
DA:38,0
DA:39,0
DA:40,0
DA:41,0
DA:42,0
DA:43,0
DA:45,0
DA:49,0
DA:50,0
DA:51,0
DA:52,0
DA:53,0
DA:54,0
DA:56,0
DA:57,0
DA:58,0
DA:59,0
DA:61,0
DA:62,0
DA:63,0
DA:64,0
LF:43
LH:0
BRDA:10,0,0,0
BRDA:13,1,0,0
BRDA:13,1,1,0
BRDA:14,2,0,0
BRDA:14,2,1,0
BRDA:15,3,0,0
BRDA:15,3,1,0
BRDA:17,4,0,0
BRDA:17,4,1,0
BRDA:18,5,0,0
BRDA:18,5,1,0
BRDA:20,6,0,0
BRDA:20,6,1,0
BRDA:27,7,0,0
BRDA:27,7,1,0
BRDA:27,8,0,0
BRDA:27,8,1,0
BRDA:28,9,0,0
BRDA:28,9,1,0
BRDA:29,10,0,0
BRDA:29,10,1,0
BRDA:31,11,0,0
BRDA:31,11,1,0
BRDA:38,12,0,0
BRDA:38,12,1,0
BRDA:40,13,0,0
BRDA:40,13,1,0
BRDA:52,14,0,0
BRDA:52,14,1,0
BRDA:53,15,0,0
BRDA:53,15,1,0
BRDA:57,16,0,0
BRDA:57,16,1,0
BRDA:58,17,0,0
BRDA:58,17,1,0
BRDA:62,18,0,0
BRDA:62,18,1,0
BRDA:63,19,0,0
BRDA:63,19,1,0
BRF:39
BRH:0
end_of_record
TN:
SF:src/hooks/use-settings.tsx
FN:11,useSettings
FN:17,SettingsProvider
FN:20,(anonymous_2)
FN:22,(anonymous_3)
FN:38,(anonymous_4)
FNF:5
FNH:0
FNDA:0,useSettings
FNDA:0,SettingsProvider
FNDA:0,(anonymous_2)
FNDA:0,(anonymous_3)
FNDA:0,(anonymous_4)
DA:9,0
DA:12,0
DA:13,0
DA:14,0
DA:18,0
DA:20,0
DA:22,0
DA:23,0
DA:30,0
DA:31,0
DA:37,0
DA:38,0
LF:12
LH:0
BRDA:13,0,0,0
BRDA:13,0,1,0
BRF:2
BRH:0
end_of_record
TN:
SF:src/lib/api.ts
FN:9,clearETags
FN:14,computeETag
FN:17,(anonymous_2)
FN:21,fetchWithFallback
FN:28,(anonymous_4)
FN:111,buildTabMeta
FN:112,(anonymous_6)
FN:125,adaptV3Track
FN:144,adaptV3Response
FN:190,adaptV3FlatResponse
FNF:10
FNH:4
FNDA:14,clearETags
FNDA:21,computeETag
FNDA:672,(anonymous_2)
FNDA:20,fetchWithFallback
FNDA:0,(anonymous_4)
FNDA:0,buildTabMeta
FNDA:0,(anonymous_6)
FNDA:0,adaptV3Track
FNDA:0,adaptV3Response
FNDA:0,adaptV3FlatResponse
DA:4,1
DA:6,1
DA:7,1
DA:10,14
DA:11,14
DA:15,21
DA:16,21
DA:17,672
DA:18,21
DA:22,20
DA:23,20
DA:25,20
DA:26,20
DA:27,0
DA:28,0
DA:30,0
DA:33,20
DA:35,20
DA:37,20
DA:38,4
DA:39,4
DA:45,16
DA:46,15
DA:47,15
DA:48,15
DA:49,15
DA:52,16
DA:112,0
DA:113,0
DA:114,0
DA:115,0
DA:116,0
DA:117,0
DA:118,0
DA:120,0
DA:121,0
DA:122,0
DA:126,0
DA:127,0
DA:145,0
DA:146,0
DA:147,0
DA:148,0
DA:149,0
DA:150,0
DA:151,0
DA:152,0
DA:153,0
DA:155,0
DA:167,0
DA:169,0
DA:170,0
DA:171,0
DA:172,0
DA:175,0
DA:176,0
DA:177,0
DA:178,0
DA:179,0
DA:181,0
DA:182,0
DA:183,0
DA:187,0
DA:191,0
DA:192,0
DA:193,0
DA:194,0
DA:195,0
DA:196,0
DA:202,0
DA:203,0
DA:204,0
DA:205,0
DA:206,0
DA:208,0
DA:210,0
DA:212,0
DA:213,0
DA:214,0
DA:215,0
DA:218,0
LF:81
LH:24
BRDA:26,0,0,0
BRDA:26,0,1,20
BRDA:27,1,0,0
BRDA:27,1,1,0
BRDA:33,2,0,6
BRDA:33,2,1,14
BRDA:37,3,0,4
BRDA:37,3,1,16
BRDA:37,4,0,20
BRDA:37,4,1,4
BRDA:38,5,0,4
BRDA:38,5,1,0
BRDA:45,6,0,15
BRDA:45,6,1,1
BRDA:113,7,0,0
BRDA:113,7,1,0
BRDA:120,8,0,0
BRDA:120,8,1,0
BRDA:121,9,0,0
BRDA:121,9,1,0
BRDA:126,10,0,0
BRDA:126,10,1,0
BRDA:128,11,0,0
BRDA:128,11,1,0
BRDA:129,12,0,0
BRDA:129,12,1,0
BRDA:131,13,0,0
BRDA:131,13,1,0
BRDA:132,14,0,0
BRDA:132,14,1,0
BRDA:133,15,0,0
BRDA:133,15,1,0
BRDA:140,16,0,0
BRDA:140,16,1,0
BRDA:146,17,0,0
BRDA:146,17,1,0
BRDA:148,18,0,0
BRDA:148,18,1,0
BRDA:151,19,0,0
BRDA:151,19,1,0
BRDA:152,20,0,0
BRDA:152,20,1,0
BRDA:163,21,0,0
BRDA:163,21,1,0
BRDA:169,22,0,0
BRDA:169,22,1,0
BRDA:170,23,0,0
BRDA:170,23,1,0
BRDA:171,24,0,0
BRDA:171,24,1,0
BRDA:172,25,0,0
BRDA:172,25,1,0
BRDA:172,26,0,0
BRDA:172,26,1,0
BRDA:175,27,0,0
BRDA:175,27,1,0
BRDA:178,28,0,0
BRDA:178,28,1,0
BRDA:183,29,0,0
BRDA:183,29,1,0
BRDA:193,30,0,0
BRDA:193,30,1,0
BRDA:194,31,0,0
BRDA:194,31,1,0
BRDA:195,32,0,0
BRDA:195,32,1,0
BRDA:212,33,0,0
BRDA:212,33,1,0
BRDA:213,34,0,0
BRDA:213,34,1,0
BRDA:214,35,0,0
BRDA:214,35,1,0
BRDA:215,36,0,0
BRDA:215,36,1,0
BRDA:215,37,0,0
BRDA:215,37,1,0
BRF:76
BRH:10
end_of_record
TN:
SF:src/lib/artist-utils.ts
FN:2,hashString
FN:10,getImageFilename
FN:13,getSheetViewUrl
FN:35,extractTrackerId
FN:46,artistsEqual
FN:53,getCleanArtistName
FNF:6
FNH:5
FNDA:5,hashString
FNDA:2,getImageFilename
FNDA:0,getSheetViewUrl
FNDA:11,extractTrackerId
FNDA:4,artistsEqual
FNDA:4,getCleanArtistName
DA:3,5
DA:4,5
DA:5,20
DA:6,20
DA:8,5
DA:11,2
DA:14,0
DA:15,0
DA:16,0
DA:17,0
DA:18,0
DA:19,0
DA:20,0
DA:21,0
DA:23,1
DA:36,11
DA:37,8
DA:38,8
DA:39,8
DA:40,7
DA:41,7
DA:42,6
DA:43,5
DA:44,1
DA:47,4
DA:48,3
DA:49,4
DA:51,1
DA:54,4
LF:29
LH:21
BRDA:13,0,0,0
BRDA:14,1,0,0
BRDA:14,1,1,0
BRDA:15,2,0,0
BRDA:15,2,1,0
BRDA:17,3,0,0
BRDA:17,3,1,0
BRDA:19,4,0,0
BRDA:19,4,1,0
BRDA:19,5,0,0
BRDA:19,5,1,0
BRDA:20,6,0,0
BRDA:20,6,1,0
BRDA:20,7,0,0
BRDA:20,7,1,0
BRDA:36,8,0,3
BRDA:36,8,1,8
BRDA:39,9,0,1
BRDA:39,9,1,7
BRDA:41,10,0,1
BRDA:41,10,1,6
BRDA:42,11,0,1
BRDA:42,11,1,5
BRDA:43,12,0,4
BRDA:43,12,1,1
BRDA:47,13,0,1
BRDA:47,13,1,3
BRDA:49,14,0,2
BRDA:49,14,1,2
BRDA:49,15,0,4
BRDA:49,15,1,3
BRF:31
BRH:16
end_of_record
TN:
SF:src/lib/cache.ts
FN:5,getCachedData
FN:14,isCacheExpired
FN:18,setCachedData
FNF:3
FNH:3
FNDA:3,getCachedData
FNDA:3,isCacheExpired
FNDA:3,setCachedData
DA:6,3
DA:7,3
DA:8,3
DA:9,2
DA:11,1
DA:15,3
DA:16,2
DA:19,3
DA:20,3
DA:22,0
LF:10
LH:9
BRDA:8,0,0,1
BRDA:8,0,1,2
BRDA:15,1,0,1
BRDA:15,1,1,2
BRF:4
BRH:4
end_of_record
TN:
SF:src/lib/config.ts
FNF:0
FNH:0
DA:1,0
DA:2,0
DA:3,0
LF:3
LH:0
BRF:0
BRH:0
end_of_record
TN:
SF:src/lib/custom-views.ts
FN:11,getKey
FN:15,getCustomViews
FN:26,saveCustomViews
FN:32,addCustomView
FN:40,deleteCustomView
FN:41,(anonymous_5)
FN:45,mergeTabData
FN:86,(anonymous_7)
FN:107,(anonymous_8)
FN:120,(anonymous_9)
FNF:10
FNH:9
FNDA:12,getKey
FNDA:8,getCustomViews
FNDA:4,saveCustomViews
FNDA:2,addCustomView
FNDA:1,deleteCustomView
FNDA:1,(anonymous_5)
FNDA:4,mergeTabData
FNDA:2,(anonymous_7)
FNDA:0,(anonymous_8)
FNDA:1,(anonymous_9)
DA:9,1
DA:12,12
DA:16,8
DA:17,8
DA:18,8
DA:19,4
DA:20,4
DA:22,0
DA:27,4
DA:28,4
DA:33,2
DA:34,2
DA:35,2
DA:36,2
DA:37,2
DA:41,1
DA:42,1
DA:46,4
DA:58,4
DA:60,4
DA:61,8
DA:62,2
DA:63,2
DA:64,2
DA:65,1
DA:66,1
DA:71,8
DA:72,6
DA:73,2
DA:74,1
DA:76,2
DA:77,2
DA:78,2
DA:79,2
DA:82,2
DA:85,4
DA:86,6
DA:87,2
DA:88,2
DA:91,6
DA:92,1
DA:93,1
DA:94,1
DA:95,1
DA:96,1
DA:97,1
DA:100,1
DA:101,1
DA:102,1
DA:103,1
DA:104,0
DA:105,0
DA:106,0
DA:107,0
DA:108,0
DA:113,3
DA:118,4
DA:119,4
DA:120,4
DA:121,1
DA:122,1
DA:123,1
DA:124,0
DA:125,0
DA:126,0
DA:128,4
DA:129,4
DA:131,4
LF:68
LH:59
BRDA:18,0,0,4
BRDA:18,0,1,4
BRDA:20,1,0,4
BRDA:20,1,1,0
BRDA:47,2,0,4
BRDA:47,2,1,0
BRDA:53,3,0,4
BRDA:53,3,1,4
BRDA:61,4,0,2
BRDA:61,4,1,6
BRDA:64,5,0,1
BRDA:64,5,1,1
BRDA:72,6,0,2
BRDA:72,6,1,4
BRDA:73,7,0,1
BRDA:73,7,1,1
BRDA:76,8,0,2
BRDA:76,8,1,0
BRDA:78,9,0,2
BRDA:78,9,1,1
BRDA:85,10,0,4
BRDA:85,10,1,0
BRDA:88,11,0,2
BRDA:88,11,1,0
BRDA:91,12,0,1
BRDA:91,12,1,3
BRDA:93,13,0,0
BRDA:93,13,1,1
BRDA:94,14,0,1
BRDA:94,14,1,0
BRDA:96,15,0,1
BRDA:96,15,1,0
BRDA:100,16,0,0
BRDA:100,16,1,1
BRDA:100,17,0,1
BRDA:100,17,1,0
BRDA:101,18,0,0
BRDA:101,18,1,1
BRDA:101,19,0,1
BRDA:101,19,1,0
BRDA:102,20,0,0
BRDA:102,20,1,1
BRDA:102,21,0,1
BRDA:102,21,1,0
BRDA:103,22,0,0
BRDA:103,22,1,1
BRDA:104,23,0,0
BRDA:104,23,1,0
BRDA:107,24,0,0
BRDA:107,24,1,0
BRDA:123,25,0,1
BRDA:123,25,1,0
BRDA:123,26,0,1
BRDA:123,26,1,1
BRDA:124,27,0,0
BRDA:124,27,1,0
BRDA:125,28,0,0
BRDA:125,28,1,0
BRF:58
BRH:34
end_of_record
TN:
SF:src/lib/favourites.ts
FN:5,getKey
FN:9,getFavourites
FN:20,isFavourited
FN:24,toggleFavourite
FN:38,clearFavourites
FN:44,getTrackUrls
FN:57,toggleEraFavourite
FN:62,(anonymous_7)
FN:79,isEraFavourited
FN:84,(anonymous_9)
FN:87,getFavouritedTracks
FNF:11
FNH:11
FNDA:61,getKey
FNDA:39,getFavourites
FNDA:3,isFavourited
FNDA:17,toggleFavourite
FNDA:2,clearFavourites
FNDA:8,getTrackUrls
FNDA:4,toggleEraFavourite
FNDA:5,(anonymous_7)
FNDA:4,isEraFavourited
FNDA:5,(anonymous_9)
FNDA:6,getFavouritedTracks
DA:3,1
DA:6,61
DA:10,39
DA:11,39
DA:12,39
DA:13,23
DA:14,23
DA:16,1
DA:21,3
DA:25,17
DA:26,17
DA:27,17
DA:28,15
DA:30,2
DA:32,17
DA:33,17
DA:35,17
DA:39,2
DA:40,2
DA:45,8
DA:46,8
DA:47,6
DA:48,6
DA:49,6
DA:50,12
DA:51,12
DA:54,6
DA:58,4
DA:59,4
DA:60,3
DA:61,3
DA:62,5
DA:63,3
DA:64,1
DA:65,2
DA:66,2
DA:69,2
DA:70,4
DA:73,3
DA:74,3
DA:76,3
DA:80,4
DA:81,4
DA:82,3
DA:83,3
DA:84,5
DA:91,6
DA:92,5
DA:93,5
DA:94,5
DA:95,9
DA:96,8
DA:97,8
DA:98,7
DA:99,11
DA:100,11
DA:101,7
DA:106,5
LF:58
LH:58
BRDA:12,0,0,16
BRDA:12,0,1,23
BRDA:14,1,0,21
BRDA:14,1,1,1
BRDA:27,2,0,15
BRDA:27,2,1,2
BRDA:46,3,0,2
BRDA:46,3,1,6
BRDA:48,4,0,0
BRDA:48,4,1,6
BRDA:50,5,0,12
BRDA:50,5,1,0
BRDA:50,5,2,0
BRDA:51,6,0,12
BRDA:51,6,1,0
BRDA:59,7,0,1
BRDA:59,7,1,3
BRDA:63,8,0,1
BRDA:63,8,1,2
BRDA:66,9,0,2
BRDA:66,9,1,0
BRDA:70,10,0,3
BRDA:70,10,1,1
BRDA:81,11,0,1
BRDA:81,11,1,3
BRDA:91,12,0,1
BRDA:91,12,1,5
BRDA:95,13,0,1
BRDA:95,13,1,8
BRDA:97,14,0,1
BRDA:97,14,1,7
BRDA:99,15,0,11
BRDA:99,15,1,0
BRDA:99,15,2,0
BRDA:100,16,0,7
BRDA:100,16,1,4
BRDA:100,17,0,11
BRDA:100,17,1,11
BRF:38
BRH:31
end_of_record
TN:
SF:src/lib/ffmpeg-metadata.ts
FN:7,getFFmpeg
FN:11,(anonymous_1)
FN:38,embedMetadata
FNF:3
FNH:0
FNDA:0,getFFmpeg
FNDA:0,(anonymous_1)
FNDA:0,embedMetadata
DA:4,0
DA:5,0
DA:8,0
DA:9,0
DA:11,0
DA:12,0
DA:13,0
DA:14,0
DA:18,0
DA:19,0
DA:22,0
DA:23,0
DA:25,0
DA:26,0
DA:42,0
DA:44,0
DA:52,0
DA:53,0
DA:55,0
DA:56,0
DA:58,0
DA:60,0
DA:61,0
DA:62,0
DA:63,0
DA:64,0
DA:66,0
DA:67,0
DA:68,0
DA:69,0
DA:70,0
DA:71,0
DA:72,0
DA:73,0
DA:74,0
DA:75,0
DA:76,0
DA:77,0
DA:78,0
DA:91,0
DA:92,0
DA:95,0
DA:97,0
DA:99,0
DA:100,0
DA:104,0
DA:105,0
DA:106,0
DA:107,0
DA:108,0
DA:111,0
LF:51
LH:0
BRDA:8,0,0,0
BRDA:8,0,1,0
BRDA:9,1,0,0
BRDA:9,1,1,0
BRDA:44,2,0,0
BRDA:44,2,1,0
BRDA:46,3,0,0
BRDA:46,3,1,0
BRDA:48,4,0,0
BRDA:48,4,1,0
BRDA:61,5,0,0
BRDA:61,5,1,0
BRDA:62,6,0,0
BRDA:62,6,1,0
BRDA:63,7,0,0
BRDA:63,7,1,0
BRDA:64,8,0,0
BRDA:64,8,1,0
BRDA:67,9,0,0
BRDA:67,9,1,0
BRDA:70,10,0,0
BRDA:70,10,1,0
BRDA:72,11,0,0
BRDA:72,11,1,0
BRDA:74,12,0,0
BRDA:74,12,1,0
BRDA:75,13,0,0
BRDA:75,13,1,0
BRDA:91,14,0,0
BRDA:91,14,1,0
BRDA:101,15,0,0
BRDA:101,15,1,0
BRDA:106,16,0,0
BRDA:106,16,1,0
BRF:34
BRH:0
end_of_record
TN:
SF:src/lib/home-constants.ts
FN:70,trackEvent
FNF:1
FNH:0
FNDA:0,trackEvent
DA:12,0
DA:13,0
DA:14,0
DA:22,0
DA:23,0
DA:24,0
DA:25,0
DA:51,0
DA:59,0
DA:60,0
DA:67,0
DA:71,0
LF:12
LH:0
BRDA:71,0,0,0
BRDA:71,0,1,0
BRDA:71,1,0,0
BRDA:71,1,1,0
BRF:4
BRH:0
end_of_record
TN:
SF:src/lib/indexeddb-cache.ts
FN:5,openDB
FN:7,(anonymous_1)
FN:9,(anonymous_2)
FN:15,(anonymous_3)
FN:16,(anonymous_4)
FN:20,idbGet
FN:23,(anonymous_6)
FN:27,(anonymous_7)
FN:28,(anonymous_8)
FN:29,(anonymous_9)
FN:33,idbSet
FN:36,(anonymous_11)
FN:40,(anonymous_12)
FN:44,(anonymous_13)
FN:51,idbDelete
FN:54,(anonymous_15)
FN:58,(anonymous_16)
FN:62,(anonymous_17)
FN:69,idbClear
FN:72,(anonymous_19)
FN:76,(anonymous_20)
FN:80,(anonymous_21)
FNF:22
FNH:17
FNDA:46,openDB
FNDA:33,(anonymous_1)
FNDA:1,(anonymous_2)
FNDA:33,(anonymous_3)
FNDA:0,(anonymous_4)
FNDA:11,idbGet
FNDA:10,(anonymous_6)
FNDA:10,(anonymous_7)
FNDA:0,(anonymous_8)
FNDA:10,(anonymous_9)
FNDA:16,idbSet
FNDA:10,(anonymous_11)
FNDA:10,(anonymous_12)
FNDA:0,(anonymous_13)
FNDA:2,idbDelete
FNDA:2,(anonymous_15)
FNDA:2,(anonymous_16)
FNDA:0,(anonymous_17)
FNDA:17,idbClear
FNDA:11,(anonymous_19)
FNDA:11,(anonymous_20)
FNDA:0,(anonymous_21)
DA:1,2
DA:2,2
DA:3,2
DA:6,46
DA:7,33
DA:8,33
DA:9,33
DA:10,1
DA:11,1
DA:12,1
DA:15,33
DA:16,33
DA:21,11
DA:22,11
DA:23,10
DA:24,10
DA:25,10
DA:26,10
DA:27,10
DA:28,10
DA:29,10
DA:34,16
DA:35,16
DA:36,10
DA:37,10
DA:38,10
DA:39,10
DA:40,10
DA:41,10
DA:42,10
DA:44,10
DA:45,0
DA:46,0
DA:52,2
DA:53,2
DA:54,2
DA:55,2
DA:56,2
DA:57,2
DA:58,2
DA:59,2
DA:60,2
DA:62,2
DA:63,0
DA:64,0
DA:70,17
DA:71,17
DA:72,11
DA:73,11
DA:74,11
DA:75,11
DA:76,11
DA:77,11
DA:78,11
DA:80,11
DA:81,0
DA:82,0
LF:57
LH:51
BRDA:6,0,0,13
BRDA:6,0,1,33
BRDA:11,1,0,1
BRDA:11,1,1,0
BRDA:22,2,0,1
BRDA:22,2,1,10
BRDA:27,3,0,10
BRDA:27,3,1,5
BRDA:35,4,0,6
BRDA:35,4,1,10
BRDA:53,5,0,0
BRDA:53,5,1,2
BRDA:71,6,0,6
BRDA:71,6,1,11
BRF:14
BRH:12
end_of_record
TN:
SF:src/lib/lyrics.ts
FN:18,cleanName
FN:22,stripAllParentheticals
FN:26,extractAlternateNames
FN:55,buildGetUrl
FN:60,(anonymous_4)
FN:63,fetchTrack
FN:76,parseSyncedTimestamps
FN:91,lyricsScore
FN:97,fetchLyrics
FN:115,(anonymous_9)
FN:119,(anonymous_10)
FN:123,(anonymous_11)
FN:124,(anonymous_12)
FN:132,(anonymous_13)
FN:171,findCurrentLineIndex
FNF:15
FNH:2
FNDA:0,cleanName
FNDA:0,stripAllParentheticals
FNDA:0,extractAlternateNames
FNDA:0,buildGetUrl
FNDA:0,(anonymous_4)
FNDA:0,fetchTrack
FNDA:5,parseSyncedTimestamps
FNDA:0,lyricsScore
FNDA:0,fetchLyrics
FNDA:0,(anonymous_9)
FNDA:0,(anonymous_10)
FNDA:0,(anonymous_11)
FNDA:0,(anonymous_12)
FNDA:0,(anonymous_13)
FNDA:5,findCurrentLineIndex
DA:3,1
DA:15,1
DA:16,1
DA:19,0
DA:23,0
DA:27,0
DA:28,0
DA:30,0
DA:31,0
DA:32,0
DA:33,0
DA:34,0
DA:38,0
DA:39,0
DA:40,0
DA:42,0
DA:56,0
DA:60,0
DA:64,0
DA:65,0
DA:66,0
DA:67,0
DA:68,0
DA:69,0
DA:70,0
DA:72,0
DA:77,5
DA:78,5
DA:80,5
DA:81,7
DA:82,7
DA:83,7
DA:84,7
DA:85,7
DA:86,7
DA:88,5
DA:92,0
DA:93,0
DA:94,0
DA:102,0
DA:103,0
DA:105,0
DA:106,0
DA:107,0
DA:109,0
DA:110,0
DA:111,0
DA:112,0
DA:113,0
DA:114,0
DA:115,0
DA:117,0
DA:118,0
DA:119,0
DA:122,0
DA:123,0
DA:124,0
DA:126,0
DA:127,0
DA:128,0
DA:131,0
DA:133,0
DA:134,0
DA:135,0
DA:137,0
DA:149,0
DA:150,0
DA:151,0
DA:152,0
DA:153,0
DA:154,0
DA:155,0
DA:156,0
DA:160,0
DA:161,0
DA:163,0
DA:164,0
DA:165,0
DA:175,5
DA:176,11
DA:178,2
LF:81
LH:16
BRDA:32,0,0,0
BRDA:32,0,1,0
BRDA:34,1,0,0
BRDA:34,1,1,0
BRDA:35,2,0,0
BRDA:35,2,1,0
BRDA:35,2,2,0
BRDA:35,2,3,0
BRDA:35,2,4,0
BRDA:35,2,5,0
BRDA:35,2,6,0
BRDA:35,2,7,0
BRDA:35,2,8,0
BRDA:39,3,0,0
BRDA:39,3,1,0
BRDA:39,4,0,0
BRDA:39,4,1,0
BRDA:67,5,0,0
BRDA:67,5,1,0
BRDA:69,6,0,0
BRDA:69,6,1,0
BRDA:86,7,0,7
BRDA:86,7,1,0
BRDA:92,8,0,0
BRDA:92,8,1,0
BRDA:92,9,0,0
BRDA:92,9,1,0
BRDA:93,10,0,0
BRDA:93,10,1,0
BRDA:103,11,0,0
BRDA:103,11,1,0
BRDA:105,12,0,0
BRDA:105,12,1,0
BRDA:113,13,0,0
BRDA:113,13,1,0
BRDA:123,14,0,0
BRDA:123,14,1,0
BRDA:126,15,0,0
BRDA:126,15,1,0
BRDA:134,16,0,0
BRDA:134,16,1,0
BRDA:152,17,0,0
BRDA:152,17,1,0
BRDA:154,18,0,0
BRDA:154,18,1,0
BRDA:163,19,0,0
BRDA:163,19,1,0
BRDA:163,20,0,0
BRDA:163,20,1,0
BRDA:163,20,2,0
BRDA:176,21,0,3
BRDA:176,21,1,8
BRF:52
BRH:3
end_of_record
TN:
SF:src/lib/resolve-url.ts
FN:10,normalizePillowsUrl
FN:13,extractKrakenId
FN:17,extractImgurId
FN:23,extractSoundcloudPath
FN:27,extractQobuzId
FN:32,isNetworkSource
FN:35,getTrackSource
FN:49,resolvePlayableUrl
FN:63,(anonymous_8)
FN:128,transformUrlForOpening
FNF:10
FNH:4
FNDA:23,normalizePillowsUrl
FNDA:0,extractKrakenId
FNDA:0,extractImgurId
FNDA:0,extractSoundcloudPath
FNDA:0,extractQobuzId
FNDA:8,isNetworkSource
FNDA:15,getTrackSource
FNDA:1,resolvePlayableUrl
FNDA:0,(anonymous_8)
FNDA:0,transformUrlForOpening
DA:2,3
DA:3,3
DA:4,3
DA:5,3
DA:11,23
DA:14,0
DA:15,0
DA:18,0
DA:19,0
DA:20,0
DA:21,0
DA:24,0
DA:25,0
DA:28,0
DA:29,0
DA:31,3
DA:33,8
DA:36,15
DA:37,15
DA:38,13
DA:39,12
DA:40,10
DA:41,9
DA:42,6
DA:43,5
DA:44,4
DA:45,3
DA:46,2
DA:47,1
DA:50,1
DA:51,1
DA:52,1
DA:53,1
DA:55,0
DA:56,0
DA:59,1
DA:60,1
DA:61,0
DA:62,0
DA:64,0
DA:65,0
DA:66,0
DA:67,0
DA:68,0
DA:71,0
DA:73,0
DA:76,1
DA:77,1
DA:78,0
DA:81,0
DA:83,0
DA:85,0
DA:86,0
DA:87,0
DA:88,0
DA:89,0
DA:90,0
DA:93,0
DA:94,0
DA:95,0
DA:96,0
DA:97,0
DA:98,0
DA:99,0
DA:100,0
DA:103,0
DA:104,0
DA:107,0
DA:108,0
DA:111,0
DA:112,0
DA:113,0
DA:114,0
DA:115,0
DA:116,0
DA:119,0
DA:121,0
DA:124,0
DA:125,0
DA:129,0
DA:130,0
DA:131,0
DA:133,0
LF:83
LH:27
BRDA:15,0,0,0
BRDA:15,0,1,0
BRDA:19,1,0,0
BRDA:19,1,1,0
BRDA:21,2,0,0
BRDA:21,2,1,0
BRDA:25,3,0,0
BRDA:25,3,1,0
BRDA:29,4,0,0
BRDA:29,4,1,0
BRDA:37,5,0,2
BRDA:37,5,1,13
BRDA:38,6,0,1
BRDA:38,6,1,12
BRDA:39,7,0,2
BRDA:39,7,1,10
BRDA:40,8,0,1
BRDA:40,8,1,9
BRDA:41,9,0,3
BRDA:41,9,1,6
BRDA:42,10,0,1
BRDA:42,10,1,5
BRDA:43,11,0,1
BRDA:43,11,1,4
BRDA:44,12,0,1
BRDA:44,12,1,3
BRDA:45,13,0,1
BRDA:45,13,1,2
BRDA:46,14,0,1
BRDA:46,14,1,1
BRDA:53,15,0,0
BRDA:53,15,1,1
BRDA:53,15,2,0
BRDA:53,15,3,0
BRDA:53,15,4,0
BRDA:53,15,5,0
BRDA:53,15,6,0
BRDA:53,15,7,0
BRDA:53,15,8,0
BRDA:53,15,9,0
BRDA:53,15,10,0
BRDA:56,16,0,0
BRDA:56,16,1,0
BRDA:60,17,0,0
BRDA:60,17,1,1
BRDA:65,18,0,0
BRDA:65,18,1,0
BRDA:67,19,0,0
BRDA:67,19,1,0
BRDA:77,20,0,1
BRDA:77,20,1,0
BRDA:86,21,0,0
BRDA:86,21,1,0
BRDA:88,22,0,0
BRDA:88,22,1,0
BRDA:90,23,0,0
BRDA:90,23,1,0
BRDA:94,24,0,0
BRDA:94,24,1,0
BRDA:96,25,0,0
BRDA:96,25,1,0
BRDA:98,26,0,0
BRDA:98,26,1,0
BRDA:98,26,2,0
BRDA:98,26,3,0
BRDA:99,27,0,0
BRDA:99,27,1,0
BRDA:100,28,0,0
BRDA:100,28,1,0
BRDA:104,29,0,0
BRDA:104,29,1,0
BRDA:108,30,0,0
BRDA:108,30,1,0
BRDA:112,31,0,0
BRDA:112,31,1,0
BRDA:114,32,0,0
BRDA:114,32,1,0
BRDA:116,33,0,0
BRDA:116,33,1,0
BRDA:129,34,0,0
BRDA:129,34,1,0
BRDA:131,35,0,0
BRDA:131,35,1,0
BRF:83
BRH:23
end_of_record
TN:
SF:src/lib/settings.ts
FN:53,loadSettings
FN:69,saveSettings
FNF:2
FNH:2
FNDA:3,loadSettings
FNDA:1,saveSettings
DA:26,1
DA:51,1
DA:54,3
DA:55,3
DA:56,3
DA:57,2
DA:58,2
DA:65,1
DA:70,1
DA:71,1
LF:10
LH:10
BRDA:56,0,0,1
BRDA:56,0,1,2
BRF:2
BRH:2
end_of_record
TN:
SF:src/lib/track-utils.ts
FN:14,generateTrackId
FN:22,isUrl
FN:26,getTrackUrl
FN:32,getTrackDescription
FN:39,isValidTrackerId
FN:46,encodeTrackForUrl
FN:49,decodeTrackFromUrl
FN:58,getGoogleSheetsUrl
FN:62,getSourceDisplayName
FNF:9
FNH:8
FNDA:5,generateTrackId
FNDA:10,isUrl
FNDA:5,getTrackUrl
FNDA:4,getTrackDescription
FNDA:8,isValidTrackerId
FNDA:2,encodeTrackForUrl
FNDA:2,decodeTrackFromUrl
FNDA:0,getGoogleSheetsUrl
FNDA:4,getSourceDisplayName
DA:3,2
DA:4,2
DA:15,5
DA:16,5
DA:17,110
DA:18,110
DA:20,5
DA:23,10
DA:24,7
DA:27,5
DA:28,3
DA:29,2
DA:30,1
DA:33,4
DA:37,2
DA:40,8
DA:41,7
DA:42,7
DA:43,4
DA:44,3
DA:47,2
DA:50,2
DA:51,2
DA:52,2
DA:53,2
DA:55,1
DA:59,0
DA:60,0
DA:63,4
DA:76,4
LF:30
LH:28
BRDA:23,0,0,3
BRDA:23,0,1,7
BRDA:23,1,0,10
BRDA:23,1,1,7
BRDA:24,2,0,7
BRDA:24,2,1,6
BRDA:27,3,0,2
BRDA:27,3,1,3
BRDA:27,4,0,5
BRDA:27,4,1,2
BRDA:28,5,0,1
BRDA:28,5,1,2
BRDA:28,6,0,3
BRDA:28,6,1,1
BRDA:29,7,0,1
BRDA:29,7,1,1
BRDA:29,8,0,2
BRDA:29,8,1,1
BRDA:33,9,0,4
BRDA:33,9,1,3
BRDA:33,9,2,2
BRDA:33,9,3,1
BRDA:40,10,0,1
BRDA:40,10,1,7
BRDA:40,11,0,8
BRDA:40,11,1,7
BRDA:42,12,0,3
BRDA:42,12,1,4
BRDA:43,13,0,1
BRDA:43,13,1,3
BRDA:44,14,0,3
BRDA:44,14,1,2
BRDA:58,15,0,0
BRDA:59,16,0,0
BRDA:59,16,1,0
BRF:35
BRH:32
end_of_record
TN:
SF:src/lib/tracker-cache.ts
FN:16,key
FN:20,loadFromIDB
FN:40,persistToIDB
FN:45,(anonymous_3)
FN:48,getCache
FN:63,setCache
FN:80,clearCache
FN:86,(anonymous_7)
FNF:8
FNH:6
FNDA:12,key
FNDA:3,loadFromIDB
FNDA:6,persistToIDB
FNDA:0,(anonymous_3)
FNDA:6,getCache
FNDA:5,setCache
FNDA:6,clearCache
FNDA:0,(anonymous_7)
DA:4,1
DA:12,1
DA:13,1
DA:14,1
DA:17,12
DA:21,3
DA:22,1
DA:23,1
DA:24,1
DA:25,0
DA:26,0
DA:27,0
DA:32,1
DA:33,1
DA:34,0
DA:36,1
DA:37,1
DA:41,6
DA:42,6
DA:43,5
DA:45,6
DA:49,6
DA:50,6
DA:51,6
DA:52,3
DA:53,3
DA:55,3
DA:56,0
DA:57,0
DA:58,0
DA:60,3
DA:69,5
DA:70,5
DA:71,5
DA:72,5
DA:73,5
DA:74,5
DA:75,0
DA:77,5
DA:81,6
DA:82,1
DA:84,5
DA:86,6
LF:43
LH:35
BRDA:17,0,0,2
BRDA:17,0,1,10
BRDA:21,1,0,2
BRDA:21,1,1,1
BRDA:24,2,0,0
BRDA:24,2,1,1
BRDA:26,3,0,0
BRDA:26,3,1,0
BRDA:51,4,0,3
BRDA:51,4,1,3
BRDA:55,5,0,0
BRDA:55,5,1,3
BRDA:71,6,0,5
BRDA:71,6,1,4
BRDA:74,7,0,0
BRDA:74,7,1,5
BRDA:81,8,0,1
BRDA:81,8,1,5
BRF:18
BRH:13
end_of_record
TN:
SF:src/pages/Donate.tsx
FN:8,Donate
FN:12,(anonymous_1)
FN:19,(anonymous_2)
FN:39,(anonymous_3)
FN:44,(anonymous_4)
FN:48,(anonymous_5)
FNF:6
FNH:0
FNDA:0,Donate
FNDA:0,(anonymous_1)
FNDA:0,(anonymous_2)
FNDA:0,(anonymous_3)
FNDA:0,(anonymous_4)
FNDA:0,(anonymous_5)
DA:9,0
DA:10,0
DA:11,0
DA:12,0
DA:14,0
DA:19,0
DA:39,0
DA:44,0
DA:48,0
LF:9
LH:0
BRDA:34,0,0,0
BRDA:34,0,1,0
BRF:2
BRH:0
end_of_record
TN:
SF:src/pages/Home.tsx
FN:39,parseCSVRow
FN:57,ArtistGallery
FN:67,(anonymous_2)
FN:73,(anonymous_3)
FN:89,(anonymous_4)
FN:94,(anonymous_5)
FN:98,(anonymous_6)
FN:102,(anonymous_7)
FN:106,(anonymous_8)
FN:108,(anonymous_9)
FN:118,(anonymous_10)
FN:129,(anonymous_11)
FN:139,(anonymous_12)
FN:141,(anonymous_13)
FN:142,(anonymous_14)
FN:145,(anonymous_15)
FN:158,(anonymous_16)
FN:160,(anonymous_17)
FN:220,(anonymous_18)
FN:228,(anonymous_19)
FN:230,(anonymous_20)
FN:234,(anonymous_21)
FN:237,(anonymous_22)
FN:241,(anonymous_23)
FN:243,(anonymous_24)
FN:252,(anonymous_25)
FN:256,(anonymous_26)
FN:258,(anonymous_27)
FN:260,(anonymous_28)
FN:272,(anonymous_29)
FN:277,(anonymous_30)
FN:297,(anonymous_31)
FN:308,(anonymous_32)
FN:309,(anonymous_33)
FN:313,(anonymous_34)
FN:317,(anonymous_35)
FNF:36
FNH:0
FNDA:0,parseCSVRow
FNDA:0,ArtistGallery
FNDA:0,(anonymous_2)
FNDA:0,(anonymous_3)
FNDA:0,(anonymous_4)
FNDA:0,(anonymous_5)
FNDA:0,(anonymous_6)
FNDA:0,(anonymous_7)
FNDA:0,(anonymous_8)
FNDA:0,(anonymous_9)
FNDA:0,(anonymous_10)
FNDA:0,(anonymous_11)
FNDA:0,(anonymous_12)
FNDA:0,(anonymous_13)
FNDA:0,(anonymous_14)
FNDA:0,(anonymous_15)
FNDA:0,(anonymous_16)
FNDA:0,(anonymous_17)
FNDA:0,(anonymous_18)
FNDA:0,(anonymous_19)
FNDA:0,(anonymous_20)
FNDA:0,(anonymous_21)
FNDA:0,(anonymous_22)
FNDA:0,(anonymous_23)
FNDA:0,(anonymous_24)
FNDA:0,(anonymous_25)
FNDA:0,(anonymous_26)
FNDA:0,(anonymous_27)
FNDA:0,(anonymous_28)
FNDA:0,(anonymous_29)
FNDA:0,(anonymous_30)
FNDA:0,(anonymous_31)
FNDA:0,(anonymous_32)
FNDA:0,(anonymous_33)
FNDA:0,(anonymous_34)
FNDA:0,(anonymous_35)
DA:40,0
DA:41,0
DA:42,0
DA:43,0
DA:44,0
DA:45,0
DA:46,0
DA:47,0
DA:48,0
DA:49,0
DA:51,0
DA:54,0
DA:55,0
DA:58,0
DA:59,0
DA:60,0
DA:61,0
DA:62,0
DA:63,0
DA:64,0
DA:65,0
DA:66,0
DA:67,0
DA:68,0
DA:69,0
DA:71,0
DA:73,0
DA:74,0
DA:75,0
DA:76,0
DA:78,0
DA:79,0
DA:80,0
DA:84,0
DA:85,0
DA:86,0
DA:87,0
DA:89,0
DA:90,0
DA:91,0
DA:94,0
DA:95,0
DA:96,0
DA:98,0
DA:99,0
DA:100,0
DA:102,0
DA:103,0
DA:104,0
DA:106,0
DA:107,0
DA:108,0
DA:109,0
DA:110,0
DA:116,0
DA:117,0
DA:118,0
DA:119,0
DA:120,0
DA:122,0
DA:123,0
DA:124,0
DA:125,0
DA:126,0
DA:127,0
DA:128,0
DA:129,0
DA:130,0
DA:133,0
DA:136,0
DA:138,0
DA:139,0
DA:141,0
DA:142,0
DA:143,0
DA:144,0
DA:145,0
DA:146,0
DA:147,0
DA:148,0
DA:149,0
DA:151,0
DA:152,0
DA:153,0
DA:154,0
DA:155,0
DA:158,0
DA:159,0
DA:160,0
DA:161,0
DA:162,0
DA:163,0
DA:164,0
DA:165,0
DA:166,0
DA:168,0
DA:170,0
DA:171,0
DA:172,0
DA:173,0
DA:174,0
DA:175,0
DA:176,0
DA:177,0
DA:178,0
DA:179,0
DA:180,0
DA:181,0
DA:182,0
DA:183,0
DA:184,0
DA:185,0
DA:186,0
DA:187,0
DA:188,0
DA:189,0
DA:190,0
DA:191,0
DA:192,0
DA:193,0
DA:194,0
DA:195,0
DA:196,0
DA:197,0
DA:206,0
DA:207,0
DA:208,0
DA:210,0
DA:212,0
DA:213,0
DA:214,0
DA:215,0
DA:216,0
DA:220,0
DA:221,0
DA:222,0
DA:223,0
DA:226,0
DA:227,0
DA:228,0
DA:230,0
DA:231,0
DA:232,0
DA:234,0
DA:236,0
DA:237,0
DA:241,0
DA:243,0
DA:244,0
DA:252,0
DA:253,0
DA:256,0
DA:257,0
DA:258,0
DA:260,0
DA:262,0
DA:263,0
DA:264,0
DA:265,0
DA:267,0
DA:272,0
DA:273,0
DA:274,0
DA:275,0
DA:277,0
DA:278,0
DA:279,0
DA:280,0
DA:281,0
DA:282,0
DA:283,0
DA:284,0
DA:287,0
DA:288,0
DA:289,0
DA:290,0
DA:291,0
DA:292,0
DA:293,0
DA:295,0
DA:296,0
DA:297,0
DA:298,0
DA:300,0
DA:301,0
DA:302,0
DA:303,0
DA:308,0
DA:309,0
DA:310,0
DA:311,0
DA:313,0
DA:314,0
DA:315,0
DA:317,0
DA:318,0
DA:319,0
DA:320,0
DA:322,0
DA:323,0
DA:324,0
DA:340,0
LF:202
LH:0
BRDA:45,0,0,0
BRDA:45,0,1,0
BRDA:46,1,0,0
BRDA:46,1,1,0
BRDA:46,2,0,0
BRDA:46,2,1,0
BRDA:48,3,0,0
BRDA:48,3,1,0
BRDA:48,4,0,0
BRDA:48,4,1,0
BRDA:68,5,0,0
BRDA:68,5,1,0
BRDA:69,6,0,0
BRDA:69,6,1,0
BRDA:76,7,0,0
BRDA:76,7,1,0
BRDA:90,8,0,0
BRDA:90,8,1,0
BRDA:103,9,0,0
BRDA:103,9,1,0
BRDA:103,10,0,0
BRDA:103,10,1,0
BRDA:116,11,0,0
BRDA:116,11,1,0
BRDA:118,12,0,0
BRDA:118,12,1,0
BRDA:122,13,0,0
BRDA:122,13,1,0
BRDA:125,14,0,0
BRDA:125,14,1,0
BRDA:129,15,0,0
BRDA:129,15,1,0
BRDA:133,16,0,0
BRDA:133,16,1,0
BRDA:133,17,0,0
BRDA:133,17,1,0
BRDA:143,18,0,0
BRDA:143,18,1,0
BRDA:144,19,0,0
BRDA:144,19,1,0
BRDA:146,20,0,0
BRDA:146,20,1,0
BRDA:146,21,0,0
BRDA:146,21,1,0
BRDA:147,22,0,0
BRDA:147,22,1,0
BRDA:148,23,0,0
BRDA:148,23,1,0
BRDA:153,24,0,0
BRDA:153,24,1,0
BRDA:154,25,0,0
BRDA:154,25,1,0
BRDA:154,26,0,0
BRDA:154,26,1,0
BRDA:154,26,2,0
BRDA:163,27,0,0
BRDA:163,27,1,0
BRDA:170,28,0,0
BRDA:170,28,1,0
BRDA:170,29,0,0
BRDA:170,29,1,0
BRDA:173,30,0,0
BRDA:173,30,1,0
BRDA:186,31,0,0
BRDA:186,31,1,0
BRDA:190,32,0,0
BRDA:190,32,1,0
BRDA:190,33,0,0
BRDA:190,33,1,0
BRDA:194,34,0,0
BRDA:194,34,1,0
BRDA:196,35,0,0
BRDA:196,35,1,0
BRDA:196,36,0,0
BRDA:196,36,1,0
BRDA:206,37,0,0
BRDA:206,37,1,0
BRDA:206,38,0,0
BRDA:206,38,1,0
BRDA:212,39,0,0
BRDA:212,39,1,0
BRDA:212,40,0,0
BRDA:212,40,1,0
BRDA:214,41,0,0
BRDA:214,41,1,0
BRDA:223,42,0,0
BRDA:223,42,1,0
BRDA:231,43,0,0
BRDA:231,43,1,0
BRDA:231,44,0,0
BRDA:231,44,1,0
BRDA:231,44,2,0
BRDA:244,45,0,0
BRDA:244,45,1,0
BRDA:244,45,2,0
BRDA:244,45,3,0
BRDA:248,46,0,0
BRDA:248,46,1,0
BRDA:257,47,0,0
BRDA:257,47,1,0
BRDA:264,48,0,0
BRDA:264,48,1,0
BRDA:274,49,0,0
BRDA:274,49,1,0
BRDA:278,50,0,0
BRDA:278,50,1,0
BRDA:278,51,0,0
BRDA:278,51,1,0
BRDA:278,51,2,0
BRDA:282,52,0,0
BRDA:282,52,1,0
BRDA:288,53,0,0
BRDA:288,53,1,0
BRDA:289,54,0,0
BRDA:289,54,1,0
BRDA:296,55,0,0
BRDA:296,55,1,0
BRDA:300,56,0,0
BRDA:300,56,1,0
BRDA:318,57,0,0
BRDA:318,57,1,0
BRDA:322,58,0,0
BRDA:322,58,1,0
BRDA:341,59,0,0
BRDA:341,59,1,0
BRDA:356,60,0,0
BRDA:356,60,1,0
BRDA:360,61,0,0
BRDA:360,61,1,0
BRDA:360,62,0,0
BRDA:360,62,1,0
BRDA:365,63,0,0
BRDA:365,63,1,0
BRF:133
BRH:0
end_of_record
TN:
SF:src/pages/Settings.tsx
FN:19,SettingRow
FN:31,Section
FN:45,SettingsModal
FN:88,(anonymous_3)
FN:94,(anonymous_4)
FN:105,(anonymous_5)
FN:121,(anonymous_6)
FN:127,(anonymous_7)
FN:133,(anonymous_8)
FN:142,(anonymous_9)
FN:148,(anonymous_10)
FN:159,(anonymous_11)
FN:165,(anonymous_12)
FN:174,(anonymous_13)
FN:180,(anonymous_14)
FN:189,(anonymous_15)
FN:196,(anonymous_16)
FNF:17
FNH:0
FNDA:0,SettingRow
FNDA:0,Section
FNDA:0,SettingsModal
FNDA:0,(anonymous_3)
FNDA:0,(anonymous_4)
FNDA:0,(anonymous_5)
FNDA:0,(anonymous_6)
FNDA:0,(anonymous_7)
FNDA:0,(anonymous_8)
FNDA:0,(anonymous_9)
FNDA:0,(anonymous_10)
FNDA:0,(anonymous_11)
FNDA:0,(anonymous_12)
FNDA:0,(anonymous_13)
FNDA:0,(anonymous_14)
FNDA:0,(anonymous_15)
FNDA:0,(anonymous_16)
DA:20,0
DA:32,0
DA:46,0
DA:48,0
DA:88,0
DA:94,0
DA:105,0
DA:121,0
DA:127,0
DA:133,0
DA:142,0
DA:148,0
DA:159,0
DA:165,0
DA:174,0
DA:180,0
DA:189,0
DA:196,0
LF:18
LH:0
BRDA:24,0,0,0
BRDA:24,0,1,0
BRF:2
BRH:0
end_of_record
TN:
SF:src/pages/View.tsx
FN:91,forEachEraTrack
FN:102,mergeAndCache
FN:111,TrackerViewContent
FN:121,(anonymous_3)
FN:157,(anonymous_4)
FN:158,(anonymous_5)
FN:164,(anonymous_6)
FN:170,(anonymous_7)
FN:171,(anonymous_8)
FN:173,(anonymous_9)
FN:181,(anonymous_10)
FN:187,(anonymous_11)
FN:189,(anonymous_12)
FN:200,(anonymous_13)
FN:207,(anonymous_14)
FN:223,(anonymous_15)
FN:239,(anonymous_16)
FN:242,(anonymous_17)
FN:248,(anonymous_18)
FN:251,(anonymous_19)
FN:258,(anonymous_20)
FN:260,(anonymous_21)
FN:278,(anonymous_22)
FN:295,(anonymous_23)
FN:297,(anonymous_24)
FN:298,(anonymous_25)
FN:301,(anonymous_26)
FN:305,(anonymous_27)
FN:315,(anonymous_28)
FN:339,(anonymous_29)
FN:349,(anonymous_30)
FN:357,(anonymous_31)
FN:369,(anonymous_32)
FN:405,(anonymous_33)
FN:447,(anonymous_34)
FN:452,(anonymous_35)
FN:464,(anonymous_36)
FN:476,(anonymous_37)
FN:499,(anonymous_38)
FN:507,(anonymous_39)
FN:519,(anonymous_40)
FN:550,(anonymous_41)
FN:563,(anonymous_42)
FN:581,(anonymous_43)
FN:606,(anonymous_44)
FN:607,(anonymous_45)
FN:614,(anonymous_46)
FN:633,(anonymous_47)
FN:641,(anonymous_48)
FN:650,(anonymous_49)
FN:656,(anonymous_50)
FN:672,(anonymous_51)
FN:692,(anonymous_52)
FN:706,(anonymous_53)
FN:710,(anonymous_54)
FN:715,(anonymous_55)
FN:757,(anonymous_56)
FN:775,(anonymous_57)
FN:782,(anonymous_58)
FN:786,(anonymous_59)
FN:788,(anonymous_60)
FN:801,(anonymous_61)
FN:812,(anonymous_62)
FN:821,(anonymous_63)
FN:825,(anonymous_64)
FN:839,(anonymous_65)
FN:840,(anonymous_66)
FN:857,(anonymous_67)
FN:871,(anonymous_68)
FN:877,(anonymous_69)
FN:880,(anonymous_70)
FN:883,(anonymous_71)
FN:886,(anonymous_72)
FN:889,(anonymous_73)
FN:915,(anonymous_74)
FN:916,(anonymous_75)
FN:924,(anonymous_76)
FN:945,(anonymous_77)
FN:955,(anonymous_78)
FN:970,(anonymous_79)
FN:988,(anonymous_80)
FN:991,(anonymous_81)
FN:1002,(anonymous_82)
FN:1010,(anonymous_83)
FN:1046,(anonymous_84)
FN:1083,(anonymous_85)
FN:1093,(anonymous_86)
FN:1152,(anonymous_87)
FN:1163,(anonymous_88)
FN:1167,(anonymous_89)
FN:1189,(anonymous_90)
FN:1227,(anonymous_91)
FN:1227,(anonymous_92)
FN:1236,(anonymous_93)
FN:1236,(anonymous_94)
FN:1241,(anonymous_95)
FN:1245,(anonymous_96)
FN:1246,(anonymous_97)
FN:1249,(anonymous_98)
FN:1262,(anonymous_99)
FN:1262,(anonymous_100)
FN:1267,(anonymous_101)
FN:1271,(anonymous_102)
FN:1272,(anonymous_103)
FN:1275,(anonymous_104)
FN:1339,(anonymous_105)
FN:1341,(anonymous_106)
FN:1356,(anonymous_107)
FN:1367,(anonymous_108)
FN:1368,(anonymous_109)
FN:1369,(anonymous_110)
FN:1384,(anonymous_111)
FN:1384,(anonymous_112)
FN:1384,(anonymous_113)
FN:1387,(anonymous_114)
FN:1388,(anonymous_115)
FN:1389,(anonymous_116)
FN:1391,(anonymous_117)
FN:1394,(anonymous_118)
FN:1432,(anonymous_119)
FN:1496,(anonymous_120)
FN:1509,(anonymous_121)
FN:1510,(anonymous_122)
FN:1511,(anonymous_123)
FN:1532,(anonymous_124)
FN:1532,(anonymous_125)
FN:1532,(anonymous_126)
FN:1535,(anonymous_127)
FN:1536,(anonymous_128)
FN:1537,(anonymous_129)
FN:1538,(anonymous_130)
FN:1540,(anonymous_131)
FN:1545,(anonymous_132)
FN:1550,(anonymous_133)
FN:1569,(anonymous_134)
FN:1645,FlatTrackList
FN:1649,(anonymous_136)
FN:1650,(anonymous_137)
FN:1656,(anonymous_138)
FN:1663,(anonymous_139)
FN:1674,(anonymous_140)
FN:1675,(anonymous_141)
FN:1676,(anonymous_142)
FN:1697,(anonymous_143)
FN:1697,(anonymous_144)
FN:1697,(anonymous_145)
FN:1700,(anonymous_146)
FN:1701,(anonymous_147)
FN:1702,(anonymous_148)
FN:1703,(anonymous_149)
FN:1705,(anonymous_150)
FN:1710,(anonymous_151)
FN:1715,(anonymous_152)
FN:1741,TrackRow
FN:1780,(anonymous_154)
FN:1782,(anonymous_155)
FN:1785,(anonymous_156)
FN:1813,(anonymous_157)
FN:1813,(anonymous_158)
FN:1815,(anonymous_159)
FN:1818,(anonymous_160)
FN:1825,(anonymous_161)
FN:1829,(anonymous_162)
FN:1834,(anonymous_163)
FN:1842,(anonymous_164)
FN:1847,(anonymous_165)
FN:1858,EraCategoryHeader
FN:1870,(anonymous_167)
FN:1927,EraCard
FN:1952,(anonymous_169)
FN:1974,(anonymous_170)
FN:2012,(anonymous_171)
FN:2035,(anonymous_172)
FN:2040,(anonymous_173)
FN:2065,(anonymous_174)
FN:2073,(anonymous_175)
FN:2079,(anonymous_176)
FN:2082,(anonymous_177)
FN:2111,TrackerViewWithProvider
FN:2118,TrackerViewPage
FNF:180
FNH:0
FNDA:0,forEachEraTrack
FNDA:0,mergeAndCache
FNDA:0,TrackerViewContent
FNDA:0,(anonymous_3)
FNDA:0,(anonymous_4)
FNDA:0,(anonymous_5)
FNDA:0,(anonymous_6)
FNDA:0,(anonymous_7)
FNDA:0,(anonymous_8)
FNDA:0,(anonymous_9)
FNDA:0,(anonymous_10)
FNDA:0,(anonymous_11)
FNDA:0,(anonymous_12)
FNDA:0,(anonymous_13)
FNDA:0,(anonymous_14)
FNDA:0,(anonymous_15)
FNDA:0,(anonymous_16)
FNDA:0,(anonymous_17)
FNDA:0,(anonymous_18)
FNDA:0,(anonymous_19)
FNDA:0,(anonymous_20)
FNDA:0,(anonymous_21)
FNDA:0,(anonymous_22)
FNDA:0,(anonymous_23)
FNDA:0,(anonymous_24)
FNDA:0,(anonymous_25)
FNDA:0,(anonymous_26)
FNDA:0,(anonymous_27)
FNDA:0,(anonymous_28)
FNDA:0,(anonymous_29)
FNDA:0,(anonymous_30)
FNDA:0,(anonymous_31)
FNDA:0,(anonymous_32)
FNDA:0,(anonymous_33)
FNDA:0,(anonymous_34)
FNDA:0,(anonymous_35)
FNDA:0,(anonymous_36)
FNDA:0,(anonymous_37)
FNDA:0,(anonymous_38)
FNDA:0,(anonymous_39)
FNDA:0,(anonymous_40)
FNDA:0,(anonymous_41)
FNDA:0,(anonymous_42)
FNDA:0,(anonymous_43)
FNDA:0,(anonymous_44)
FNDA:0,(anonymous_45)
FNDA:0,(anonymous_46)
FNDA:0,(anonymous_47)
FNDA:0,(anonymous_48)
FNDA:0,(anonymous_49)
FNDA:0,(anonymous_50)
FNDA:0,(anonymous_51)
FNDA:0,(anonymous_52)
FNDA:0,(anonymous_53)
FNDA:0,(anonymous_54)
FNDA:0,(anonymous_55)
FNDA:0,(anonymous_56)
FNDA:0,(anonymous_57)
FNDA:0,(anonymous_58)
FNDA:0,(anonymous_59)
FNDA:0,(anonymous_60)
FNDA:0,(anonymous_61)
FNDA:0,(anonymous_62)
FNDA:0,(anonymous_63)
FNDA:0,(anonymous_64)
FNDA:0,(anonymous_65)
FNDA:0,(anonymous_66)
FNDA:0,(anonymous_67)
FNDA:0,(anonymous_68)
FNDA:0,(anonymous_69)
FNDA:0,(anonymous_70)
FNDA:0,(anonymous_71)
FNDA:0,(anonymous_72)
FNDA:0,(anonymous_73)
FNDA:0,(anonymous_74)
FNDA:0,(anonymous_75)
FNDA:0,(anonymous_76)
FNDA:0,(anonymous_77)
FNDA:0,(anonymous_78)
FNDA:0,(anonymous_79)
FNDA:0,(anonymous_80)
FNDA:0,(anonymous_81)
FNDA:0,(anonymous_82)
FNDA:0,(anonymous_83)
FNDA:0,(anonymous_84)
FNDA:0,(anonymous_85)
FNDA:0,(anonymous_86)
FNDA:0,(anonymous_87)
FNDA:0,(anonymous_88)
FNDA:0,(anonymous_89)
FNDA:0,(anonymous_90)
FNDA:0,(anonymous_91)
FNDA:0,(anonymous_92)
FNDA:0,(anonymous_93)
FNDA:0,(anonymous_94)
FNDA:0,(anonymous_95)
FNDA:0,(anonymous_96)
FNDA:0,(anonymous_97)
FNDA:0,(anonymous_98)
FNDA:0,(anonymous_99)
FNDA:0,(anonymous_100)
FNDA:0,(anonymous_101)
FNDA:0,(anonymous_102)
FNDA:0,(anonymous_103)
FNDA:0,(anonymous_104)
FNDA:0,(anonymous_105)
FNDA:0,(anonymous_106)
FNDA:0,(anonymous_107)
FNDA:0,(anonymous_108)
FNDA:0,(anonymous_109)
FNDA:0,(anonymous_110)
FNDA:0,(anonymous_111)
FNDA:0,(anonymous_112)
FNDA:0,(anonymous_113)
FNDA:0,(anonymous_114)
FNDA:0,(anonymous_115)
FNDA:0,(anonymous_116)
FNDA:0,(anonymous_117)
FNDA:0,(anonymous_118)
FNDA:0,(anonymous_119)
FNDA:0,(anonymous_120)
FNDA:0,(anonymous_121)
FNDA:0,(anonymous_122)
FNDA:0,(anonymous_123)
FNDA:0,(anonymous_124)
FNDA:0,(anonymous_125)
FNDA:0,(anonymous_126)
FNDA:0,(anonymous_127)
FNDA:0,(anonymous_128)
FNDA:0,(anonymous_129)
FNDA:0,(anonymous_130)
FNDA:0,(anonymous_131)
FNDA:0,(anonymous_132)
FNDA:0,(anonymous_133)
FNDA:0,(anonymous_134)
FNDA:0,FlatTrackList
FNDA:0,(anonymous_136)
FNDA:0,(anonymous_137)
FNDA:0,(anonymous_138)
FNDA:0,(anonymous_139)
FNDA:0,(anonymous_140)
FNDA:0,(anonymous_141)
FNDA:0,(anonymous_142)
FNDA:0,(anonymous_143)
FNDA:0,(anonymous_144)
FNDA:0,(anonymous_145)
FNDA:0,(anonymous_146)
FNDA:0,(anonymous_147)
FNDA:0,(anonymous_148)
FNDA:0,(anonymous_149)
FNDA:0,(anonymous_150)
FNDA:0,(anonymous_151)
FNDA:0,(anonymous_152)
FNDA:0,TrackRow
FNDA:0,(anonymous_154)
FNDA:0,(anonymous_155)
FNDA:0,(anonymous_156)
FNDA:0,(anonymous_157)
FNDA:0,(anonymous_158)
FNDA:0,(anonymous_159)
FNDA:0,(anonymous_160)
FNDA:0,(anonymous_161)
FNDA:0,(anonymous_162)
FNDA:0,(anonymous_163)
FNDA:0,(anonymous_164)
FNDA:0,(anonymous_165)
FNDA:0,EraCategoryHeader
FNDA:0,(anonymous_167)
FNDA:0,EraCard
FNDA:0,(anonymous_169)
FNDA:0,(anonymous_170)
FNDA:0,(anonymous_171)
FNDA:0,(anonymous_172)
FNDA:0,(anonymous_173)
FNDA:0,(anonymous_174)
FNDA:0,(anonymous_175)
FNDA:0,(anonymous_176)
FNDA:0,(anonymous_177)
FNDA:0,TrackerViewWithProvider
FNDA:0,TrackerViewPage
DA:88,0
DA:89,0
DA:90,0
DA:92,0
DA:93,0
DA:94,0
DA:95,0
DA:96,0
DA:97,0
DA:108,0
DA:109,0
DA:112,0
DA:113,0
DA:114,0
DA:115,0
DA:116,0
DA:117,0
DA:118,0
DA:119,0
DA:120,0
DA:121,0
DA:122,0
DA:123,0
DA:124,0
DA:125,0
DA:126,0
DA:127,0
DA:128,0
DA:129,0
DA:130,0
DA:131,0
DA:132,0
DA:133,0
DA:134,0
DA:135,0
DA:136,0
DA:137,0
DA:138,0
DA:139,0
DA:140,0
DA:141,0
DA:142,0
DA:143,0
DA:149,0
DA:150,0
DA:151,0
DA:156,0
DA:157,0
DA:158,0
DA:159,0
DA:160,0
DA:161,0
DA:162,0
DA:163,0
DA:164,0
DA:165,0
DA:166,0
DA:167,0
DA:168,0
DA:170,0
DA:171,0
DA:172,0
DA:173,0
DA:175,0
DA:176,0
DA:177,0
DA:181,0
DA:182,0
DA:183,0
DA:184,0
DA:185,0
DA:187,0
DA:188,0
DA:189,0
DA:190,0
DA:191,0
DA:192,0
DA:193,0
DA:194,0
DA:195,0
DA:196,0
DA:197,0
DA:198,0
DA:199,0
DA:200,0
DA:201,0
DA:202,0
DA:203,0
DA:204,0
DA:205,0
DA:207,0
DA:209,0
DA:210,0
DA:211,0
DA:212,0
DA:213,0
DA:215,0
DA:217,0
DA:219,0
DA:221,0
DA:223,0
DA:224,0
DA:225,0
DA:226,0
DA:227,0
DA:228,0
DA:229,0
DA:230,0
DA:231,0
DA:232,0
DA:233,0
DA:237,0
DA:239,0
DA:241,0
DA:243,0
DA:248,0
DA:249,0
DA:250,0
DA:252,0
DA:253,0
DA:254,0
DA:255,0
DA:256,0
DA:258,0
DA:260,0
DA:261,0
DA:278,0
DA:279,0
DA:280,0
DA:281,0
DA:282,0
DA:283,0
DA:284,0
DA:286,0
DA:287,0
DA:288,0
DA:289,0
DA:290,0
DA:291,0
DA:295,0
DA:296,0
DA:297,0
DA:298,0
DA:301,0
DA:302,0
DA:303,0
DA:304,0
DA:305,0
DA:306,0
DA:307,0
DA:308,0
DA:309,0
DA:310,0
DA:315,0
DA:316,0
DA:317,0
DA:318,0
DA:319,0
DA:320,0
DA:321,0
DA:323,0
DA:324,0
DA:326,0
DA:327,0
DA:328,0
DA:329,0
DA:330,0
DA:331,0
DA:332,0
DA:334,0
DA:339,0
DA:340,0
DA:341,0
DA:342,0
DA:343,0
DA:344,0
DA:345,0
DA:346,0
DA:347,0
DA:348,0
DA:349,0
DA:350,0
DA:351,0
DA:352,0
DA:353,0
DA:354,0
DA:355,0
DA:356,0
DA:357,0
DA:358,0
DA:359,0
DA:360,0
DA:362,0
DA:365,0
DA:366,0
DA:368,0
DA:370,0
DA:371,0
DA:372,0
DA:373,0
DA:374,0
DA:375,0
DA:376,0
DA:377,0
DA:379,0
DA:380,0
DA:381,0
DA:382,0
DA:383,0
DA:384,0
DA:385,0
DA:386,0
DA:387,0
DA:388,0
DA:389,0
DA:391,0
DA:393,0
DA:394,0
DA:395,0
DA:396,0
DA:397,0
DA:398,0
DA:399,0
DA:401,0
DA:402,0
DA:403,0
DA:404,0
DA:405,0
DA:406,0
DA:407,0
DA:408,0
DA:409,0
DA:410,0
DA:412,0
DA:415,0
DA:416,0
DA:417,0
DA:418,0
DA:419,0
DA:420,0
DA:421,0
DA:422,0
DA:423,0
DA:424,0
DA:425,0
DA:426,0
DA:427,0
DA:428,0
DA:429,0
DA:431,0
DA:433,0
DA:435,0
DA:436,0
DA:437,0
DA:438,0
DA:439,0
DA:440,0
DA:441,0
DA:442,0
DA:443,0
DA:444,0
DA:445,0
DA:446,0
DA:447,0
DA:448,0
DA:449,0
DA:451,0
DA:452,0
DA:456,0
DA:457,0
DA:458,0
DA:463,0
DA:464,0
DA:465,0
DA:466,0
DA:467,0
DA:468,0
DA:470,0
DA:471,0
DA:473,0
DA:476,0
DA:477,0
DA:478,0
DA:479,0
DA:481,0
DA:482,0
DA:483,0
DA:485,0
DA:486,0
DA:488,0
DA:489,0
DA:491,0
DA:492,0
DA:493,0
DA:494,0
DA:496,0
DA:497,0
DA:499,0
DA:500,0
DA:501,0
DA:502,0
DA:503,0
DA:504,0
DA:505,0
DA:507,0
DA:509,0
DA:510,0
DA:511,0
DA:512,0
DA:513,0
DA:514,0
DA:515,0
DA:519,0
DA:521,0
DA:522,0
DA:523,0
DA:524,0
DA:525,0
DA:526,0
DA:528,0
DA:529,0
DA:530,0
DA:531,0
DA:533,0
DA:534,0
DA:535,0
DA:536,0
DA:537,0
DA:540,0
DA:541,0
DA:542,0
DA:543,0
DA:544,0
DA:545,0
DA:549,0
DA:551,0
DA:552,0
DA:553,0
DA:554,0
DA:555,0
DA:556,0
DA:557,0
DA:558,0
DA:559,0
DA:560,0
DA:561,0
DA:562,0
DA:564,0
DA:565,0
DA:566,0
DA:567,0
DA:568,0
DA:569,0
DA:570,0
DA:571,0
DA:572,0
DA:573,0
DA:574,0
DA:575,0
DA:576,0
DA:577,0
DA:580,0
DA:581,0
DA:582,0
DA:583,0
DA:584,0
DA:585,0
DA:586,0
DA:588,0
DA:589,0
DA:590,0
DA:591,0
DA:592,0
DA:593,0
DA:594,0
DA:595,0
DA:596,0
DA:598,0
DA:599,0
DA:600,0
DA:601,0
DA:606,0
DA:607,0
DA:608,0
DA:609,0
DA:610,0
DA:611,0
DA:614,0
DA:615,0
DA:616,0
DA:617,0
DA:619,0
DA:620,0
DA:621,0
DA:623,0
DA:624,0
DA:625,0
DA:627,0
DA:628,0
DA:629,0
DA:630,0
DA:633,0
DA:635,0
DA:636,0
DA:637,0
DA:641,0
DA:643,0
DA:644,0
DA:645,0
DA:646,0
DA:650,0
DA:651,0
DA:652,0
DA:653,0
DA:655,0
DA:657,0
DA:658,0
DA:659,0
DA:660,0
DA:661,0
DA:663,0
DA:664,0
DA:665,0
DA:666,0
DA:668,0
DA:669,0
DA:670,0
DA:671,0
DA:672,0
DA:673,0
DA:674,0
DA:675,0
DA:691,0
DA:693,0
DA:694,0
DA:695,0
DA:696,0
DA:697,0
DA:698,0
DA:700,0
DA:701,0
DA:702,0
DA:706,0
DA:707,0
DA:710,0
DA:711,0
DA:714,0
DA:716,0
DA:717,0
DA:718,0
DA:719,0
DA:720,0
DA:721,0
DA:722,0
DA:724,0
DA:726,0
DA:727,0
DA:728,0
DA:729,0
DA:730,0
DA:732,0
DA:735,0
DA:737,0
DA:738,0
DA:739,0
DA:740,0
DA:741,0
DA:742,0
DA:743,0
DA:747,0
DA:748,0
DA:749,0
DA:750,0
DA:751,0
DA:752,0
DA:753,0
DA:754,0
DA:755,0
DA:756,0
DA:757,0
DA:758,0
DA:760,0
DA:761,0
DA:764,0
DA:765,0
DA:766,0
DA:767,0
DA:768,0
DA:769,0
DA:770,0
DA:771,0
DA:775,0
DA:777,0
DA:778,0
DA:782,0
DA:783,0
DA:785,0
DA:787,0
DA:788,0
DA:789,0
DA:790,0
DA:791,0
DA:792,0
DA:793,0
DA:794,0
DA:795,0
DA:796,0
DA:800,0
DA:801,0
DA:802,0
DA:803,0
DA:806,0
DA:808,0
DA:809,0
DA:810,0
DA:812,0
DA:813,0
DA:814,0
DA:815,0
DA:816,0
DA:817,0
DA:818,0
DA:819,0
DA:820,0
DA:821,0
DA:823,0
DA:824,0
DA:825,0
DA:826,0
DA:827,0
DA:828,0
DA:830,0
DA:832,0
DA:833,0
DA:834,0
DA:835,0
DA:836,0
DA:838,0
DA:839,0
DA:840,0
DA:841,0
DA:842,0
DA:843,0
DA:845,0
DA:846,0
DA:847,0
DA:857,0
DA:858,0
DA:859,0
DA:860,0
DA:861,0
DA:862,0
DA:863,0
DA:864,0
DA:865,0
DA:866,0
DA:867,0
DA:868,0
DA:869,0
DA:871,0
DA:872,0
DA:873,0
DA:874,0
DA:875,0
DA:877,0
DA:878,0
DA:879,0
DA:880,0
DA:881,0
DA:883,0
DA:884,0
DA:885,0
DA:886,0
DA:887,0
DA:889,0
DA:890,0
DA:891,0
DA:892,0
DA:893,0
DA:894,0
DA:895,0
DA:896,0
DA:897,0
DA:898,0
DA:899,0
DA:900,0
DA:906,0
DA:908,0
DA:915,0
DA:916,0
DA:924,0
DA:945,0
DA:955,0
DA:970,0
DA:978,0
DA:980,0
DA:988,0
DA:991,0
DA:1002,0
DA:1010,0
DA:1046,0
DA:1084,0
DA:1094,0
DA:1152,0
DA:1164,0
DA:1167,0
DA:1189,0
DA:1227,0
DA:1236,0
DA:1242,0
DA:1246,0
DA:1249,0
DA:1262,0
DA:1268,0
DA:1272,0
DA:1275,0
DA:1340,0
DA:1341,0
DA:1342,0
DA:1357,0
DA:1358,0
DA:1367,0
DA:1368,0
DA:1369,0
DA:1384,0
DA:1387,0
DA:1388,0
DA:1389,0
DA:1391,0
DA:1394,0
DA:1433,0
DA:1497,0
DA:1498,0
DA:1499,0
DA:1500,0
DA:1509,0
DA:1510,0
DA:1511,0
DA:1532,0
DA:1535,0
DA:1536,0
DA:1537,0
DA:1538,0
DA:1540,0
DA:1545,0
DA:1550,0
DA:1570,0
DA:1646,0
DA:1647,0
DA:1649,0
DA:1650,0
DA:1653,0
DA:1657,0
DA:1658,0
DA:1659,0
DA:1660,0
DA:1664,0
DA:1665,0
DA:1674,0
DA:1675,0
DA:1676,0
DA:1697,0
DA:1700,0
DA:1701,0
DA:1702,0
DA:1703,0
DA:1705,0
DA:1710,0
DA:1715,0
DA:1765,0
DA:1766,0
DA:1780,0
DA:1782,0
DA:1785,0
DA:1813,0
DA:1815,0
DA:1818,0
DA:1825,0
DA:1829,0
DA:1834,0
DA:1842,0
DA:1847,0
DA:1869,0
DA:1870,0
DA:1871,0
DA:1872,0
DA:1874,0
DA:1949,0
DA:1953,0
DA:1954,0
DA:1957,0
DA:1974,0
DA:2012,0
DA:2035,0
DA:2040,0
DA:2066,0
DA:2074,0
DA:2079,0
DA:2083,0
DA:2112,0
DA:2119,0
LF:701
LH:0
BRDA:93,0,0,0
BRDA:93,0,1,0
BRDA:95,1,0,0
BRDA:95,1,1,0
BRDA:97,2,0,0
BRDA:97,2,1,0
BRDA:108,3,0,0
BRDA:108,3,1,0
BRDA:111,4,0,0
BRDA:119,5,0,0
BRDA:119,5,1,0
BRDA:119,5,2,0
BRDA:162,6,0,0
BRDA:162,6,1,0
BRDA:162,7,0,0
BRDA:162,7,1,0
BRDA:162,7,2,0
BRDA:162,8,0,0
BRDA:162,8,1,0
BRDA:163,9,0,0
BRDA:163,9,1,0
BRDA:166,10,0,0
BRDA:166,10,1,0
BRDA:167,11,0,0
BRDA:167,11,1,0
BRDA:170,12,0,0
BRDA:170,12,1,0
BRDA:171,13,0,0
BRDA:171,13,1,0
BRDA:172,14,0,0
BRDA:172,14,1,0
BRDA:172,15,0,0
BRDA:172,15,1,0
BRDA:175,16,0,0
BRDA:175,16,1,0
BRDA:176,17,0,0
BRDA:176,17,1,0
BRDA:176,18,0,0
BRDA:176,18,1,0
BRDA:182,19,0,0
BRDA:182,19,1,0
BRDA:190,20,0,0
BRDA:190,20,1,0
BRDA:191,21,0,0
BRDA:191,21,1,0
BRDA:195,22,0,0
BRDA:195,22,1,0
BRDA:198,23,0,0
BRDA:198,23,1,0
BRDA:202,24,0,0
BRDA:202,24,1,0
BRDA:203,25,0,0
BRDA:203,25,1,0
BRDA:204,26,0,0
BRDA:204,26,1,0
BRDA:204,27,0,0
BRDA:204,27,1,0
BRDA:204,27,2,0
BRDA:205,28,0,0
BRDA:205,28,1,0
BRDA:206,29,0,0
BRDA:206,29,1,0
BRDA:207,30,0,0
BRDA:207,30,1,0
BRDA:210,31,0,0
BRDA:210,31,1,0
BRDA:210,32,0,0
BRDA:210,32,1,0
BRDA:211,33,0,0
BRDA:211,33,1,0
BRDA:212,34,0,0
BRDA:212,34,1,0
BRDA:212,35,0,0
BRDA:212,35,1,0
BRDA:212,36,0,0
BRDA:212,36,1,0
BRDA:213,37,0,0
BRDA:213,37,1,0
BRDA:217,38,0,0
BRDA:217,38,1,0
BRDA:219,39,0,0
BRDA:219,39,1,0
BRDA:224,40,0,0
BRDA:224,40,1,0
BRDA:227,41,0,0
BRDA:227,41,1,0
BRDA:229,42,0,0
BRDA:229,42,1,0
BRDA:232,43,0,0
BRDA:232,43,1,0
BRDA:233,44,0,0
BRDA:233,44,1,0
BRDA:233,45,0,0
BRDA:233,45,1,0
BRDA:241,46,0,0
BRDA:241,46,1,0
BRDA:241,47,0,0
BRDA:241,47,1,0
BRDA:243,48,0,0
BRDA:243,48,1,0
BRDA:249,49,0,0
BRDA:249,49,1,0
BRDA:249,50,0,0
BRDA:249,50,1,0
BRDA:253,51,0,0
BRDA:253,51,1,0
BRDA:254,52,0,0
BRDA:254,52,1,0
BRDA:255,53,0,0
BRDA:255,53,1,0
BRDA:263,54,0,0
BRDA:263,54,1,0
BRDA:264,55,0,0
BRDA:264,55,1,0
BRDA:268,56,0,0
BRDA:268,56,1,0
BRDA:268,57,0,0
BRDA:268,57,1,0
BRDA:271,58,0,0
BRDA:271,58,1,0
BRDA:282,59,0,0
BRDA:282,59,1,0
BRDA:286,60,0,0
BRDA:286,60,1,0
BRDA:287,61,0,0
BRDA:287,61,1,0
BRDA:289,62,0,0
BRDA:289,62,1,0
BRDA:296,63,0,0
BRDA:296,63,1,0
BRDA:296,64,0,0
BRDA:296,64,1,0
BRDA:302,65,0,0
BRDA:302,65,1,0
BRDA:302,66,0,0
BRDA:302,66,1,0
BRDA:302,66,2,0
BRDA:307,67,0,0
BRDA:307,67,1,0
BRDA:309,68,0,0
BRDA:309,68,1,0
BRDA:318,69,0,0
BRDA:318,69,1,0
BRDA:321,70,0,0
BRDA:321,70,1,0
BRDA:321,71,0,0
BRDA:321,71,1,0
BRDA:327,72,0,0
BRDA:327,72,1,0
BRDA:329,73,0,0
BRDA:329,73,1,0
BRDA:332,74,0,0
BRDA:332,74,1,0
BRDA:340,75,0,0
BRDA:340,75,1,0
BRDA:354,76,0,0
BRDA:354,76,1,0
BRDA:354,77,0,0
BRDA:354,77,1,0
BRDA:371,78,0,0
BRDA:371,78,1,0
BRDA:381,79,0,0
BRDA:381,79,1,0
BRDA:381,80,0,0
BRDA:381,80,1,0
BRDA:381,81,0,0
BRDA:381,81,1,0
BRDA:382,82,0,0
BRDA:382,82,1,0
BRDA:384,83,0,0
BRDA:384,83,1,0
BRDA:387,84,0,0
BRDA:387,84,1,0
BRDA:388,85,0,0
BRDA:388,85,1,0
BRDA:388,85,2,0
BRDA:393,86,0,0
BRDA:393,86,1,0
BRDA:394,87,0,0
BRDA:394,87,1,0
BRDA:395,88,0,0
BRDA:395,88,1,0
BRDA:403,89,0,0
BRDA:403,89,1,0
BRDA:403,90,0,0
BRDA:403,90,1,0
BRDA:404,91,0,0
BRDA:404,91,1,0
BRDA:406,92,0,0
BRDA:406,92,1,0
BRDA:407,93,0,0
BRDA:407,93,1,0
BRDA:416,94,0,0
BRDA:416,94,1,0
BRDA:416,95,0,0
BRDA:416,95,1,0
BRDA:417,96,0,0
BRDA:417,96,1,0
BRDA:417,97,0,0
BRDA:417,97,1,0
BRDA:419,98,0,0
BRDA:419,98,1,0
BRDA:420,99,0,0
BRDA:420,99,1,0
BRDA:422,100,0,0
BRDA:422,100,1,0
BRDA:423,101,0,0
BRDA:423,101,1,0
BRDA:423,101,2,0
BRDA:423,101,3,0
BRDA:424,102,0,0
BRDA:424,102,1,0
BRDA:424,102,2,0
BRDA:424,102,3,0
BRDA:425,103,0,0
BRDA:425,103,1,0
BRDA:425,104,0,0
BRDA:425,104,1,0
BRDA:426,105,0,0
BRDA:426,105,1,0
BRDA:435,106,0,0
BRDA:435,106,1,0
BRDA:437,107,0,0
BRDA:437,107,1,0
BRDA:438,108,0,0
BRDA:438,108,1,0
BRDA:439,109,0,0
BRDA:439,109,1,0
BRDA:440,110,0,0
BRDA:440,110,1,0
BRDA:445,111,0,0
BRDA:445,111,1,0
BRDA:449,112,0,0
BRDA:449,112,1,0
BRDA:449,113,0,0
BRDA:449,113,1,0
BRDA:451,114,0,0
BRDA:451,114,1,0
BRDA:456,115,0,0
BRDA:456,115,1,0
BRDA:465,116,0,0
BRDA:465,116,1,0
BRDA:466,117,0,0
BRDA:466,117,1,0
BRDA:470,118,0,0
BRDA:470,118,1,0
BRDA:477,119,0,0
BRDA:477,119,1,0
BRDA:482,120,0,0
BRDA:482,120,1,0
BRDA:492,121,0,0
BRDA:492,121,1,0
BRDA:496,122,0,0
BRDA:496,122,1,0
BRDA:500,123,0,0
BRDA:500,123,1,0
BRDA:501,124,0,0
BRDA:501,124,1,0
BRDA:501,125,0,0
BRDA:501,125,1,0
BRDA:501,125,2,0
BRDA:501,126,0,0
BRDA:501,126,1,0
BRDA:502,127,0,0
BRDA:502,127,1,0
BRDA:509,128,0,0
BRDA:509,128,1,0
BRDA:510,129,0,0
BRDA:510,129,1,0
BRDA:510,130,0,0
BRDA:510,130,1,0
BRDA:510,130,2,0
BRDA:510,131,0,0
BRDA:510,131,1,0
BRDA:511,132,0,0
BRDA:511,132,1,0
BRDA:521,133,0,0
BRDA:521,133,1,0
BRDA:521,134,0,0
BRDA:521,134,1,0
BRDA:522,135,0,0
BRDA:522,135,1,0
BRDA:523,136,0,0
BRDA:523,136,1,0
BRDA:528,137,0,0
BRDA:528,137,1,0
BRDA:534,138,0,0
BRDA:534,138,1,0
BRDA:537,139,0,0
BRDA:537,139,1,0
BRDA:540,140,0,0
BRDA:540,140,1,0
BRDA:551,141,0,0
BRDA:551,141,1,0
BRDA:564,142,0,0
BRDA:564,142,1,0
BRDA:565,143,0,0
BRDA:565,143,1,0
BRDA:566,144,0,0
BRDA:566,144,1,0
BRDA:567,145,0,0
BRDA:567,145,1,0
BRDA:568,146,0,0
BRDA:568,146,1,0
BRDA:570,147,0,0
BRDA:570,147,1,0
BRDA:572,148,0,0
BRDA:572,148,1,0
BRDA:572,148,2,0
BRDA:572,148,3,0
BRDA:573,149,0,0
BRDA:573,149,1,0
BRDA:573,149,2,0
BRDA:573,149,3,0
BRDA:574,150,0,0
BRDA:574,150,1,0
BRDA:574,151,0,0
BRDA:574,151,1,0
BRDA:575,152,0,0
BRDA:575,152,1,0
BRDA:576,153,0,0
BRDA:576,153,1,0
BRDA:580,154,0,0
BRDA:580,154,1,0
BRDA:582,155,0,0
BRDA:582,155,1,0
BRDA:594,156,0,0
BRDA:594,156,1,0
BRDA:594,157,0,0
BRDA:594,157,1,0
BRDA:595,158,0,0
BRDA:595,158,1,0
BRDA:595,159,0,0
BRDA:595,159,1,0
BRDA:596,160,0,0
BRDA:596,160,1,0
BRDA:596,161,0,0
BRDA:596,161,1,0
BRDA:598,162,0,0
BRDA:598,162,1,0
BRDA:609,163,0,0
BRDA:609,163,1,0
BRDA:615,164,0,0
BRDA:615,164,1,0
BRDA:619,165,0,0
BRDA:619,165,1,0
BRDA:624,166,0,0
BRDA:624,166,1,0
BRDA:637,167,0,0
BRDA:637,167,1,0
BRDA:645,168,0,0
BRDA:645,168,1,0
BRDA:646,169,0,0
BRDA:646,169,1,0
BRDA:646,170,0,0
BRDA:646,170,1,0
BRDA:646,171,0,0
BRDA:646,171,1,0
BRDA:658,172,0,0
BRDA:658,172,1,0
BRDA:659,173,0,0
BRDA:659,173,1,0
BRDA:664,174,0,0
BRDA:664,174,1,0
BRDA:671,175,0,0
BRDA:671,175,1,0
BRDA:673,176,0,0
BRDA:673,176,1,0
BRDA:694,177,0,0
BRDA:694,177,1,0
BRDA:696,178,0,0
BRDA:696,178,1,0
BRDA:702,179,0,0
BRDA:702,179,1,0
BRDA:717,180,0,0
BRDA:717,180,1,0
BRDA:719,181,0,0
BRDA:719,181,1,0
BRDA:720,182,0,0
BRDA:720,182,1,0
BRDA:726,183,0,0
BRDA:726,183,1,0
BRDA:729,184,0,0
BRDA:729,184,1,0
BRDA:730,185,0,0
BRDA:730,185,1,0
BRDA:730,186,0,0
BRDA:730,186,1,0
BRDA:732,187,0,0
BRDA:732,187,1,0
BRDA:735,188,0,0
BRDA:735,188,1,0
BRDA:737,189,0,0
BRDA:737,189,1,0
BRDA:744,190,0,0
BRDA:744,190,1,0
BRDA:745,191,0,0
BRDA:745,191,1,0
BRDA:778,192,0,0
BRDA:778,192,1,0
BRDA:783,193,0,0
BRDA:783,193,1,0
BRDA:787,194,0,0
BRDA:787,194,1,0
BRDA:788,195,0,0
BRDA:788,195,1,0
BRDA:790,196,0,0
BRDA:790,196,1,0
BRDA:790,197,0,0
BRDA:790,197,1,0
BRDA:793,198,0,0
BRDA:793,198,1,0
BRDA:796,199,0,0
BRDA:796,199,1,0
BRDA:800,200,0,0
BRDA:800,200,1,0
BRDA:803,201,0,0
BRDA:803,201,1,0
BRDA:808,202,0,0
BRDA:808,202,1,0
BRDA:827,203,0,0
BRDA:827,203,1,0
BRDA:827,204,0,0
BRDA:827,204,1,0
BRDA:833,205,0,0
BRDA:833,205,1,0
BRDA:835,206,0,0
BRDA:835,206,1,0
BRDA:841,207,0,0
BRDA:841,207,1,0
BRDA:845,208,0,0
BRDA:845,208,1,0
BRDA:846,209,0,0
BRDA:846,209,1,0
BRDA:846,210,0,0
BRDA:846,210,1,0
BRDA:849,211,0,0
BRDA:849,211,1,0
BRDA:850,212,0,0
BRDA:850,212,1,0
BRDA:859,213,0,0
BRDA:859,213,1,0
BRDA:861,214,0,0
BRDA:861,214,1,0
BRDA:862,215,0,0
BRDA:862,215,1,0
BRDA:863,216,0,0
BRDA:863,216,1,0
BRDA:863,216,2,0
BRDA:864,217,0,0
BRDA:864,217,1,0
BRDA:867,218,0,0
BRDA:867,218,1,0
BRDA:868,219,0,0
BRDA:868,219,1,0
BRDA:872,220,0,0
BRDA:872,220,1,0
BRDA:878,221,0,0
BRDA:878,221,1,0
BRDA:880,222,0,0
BRDA:880,222,1,0
BRDA:880,223,0,0
BRDA:880,223,1,0
BRDA:884,224,0,0
BRDA:884,224,1,0
BRDA:886,225,0,0
BRDA:886,225,1,0
BRDA:892,226,0,0
BRDA:892,226,1,0
BRDA:894,227,0,0
BRDA:894,227,1,0
BRDA:896,228,0,0
BRDA:896,228,1,0
BRDA:900,229,0,0
BRDA:900,229,1,0
BRDA:900,230,0,0
BRDA:900,230,1,0
BRDA:916,231,0,0
BRDA:916,231,1,0
BRDA:919,232,0,0
BRDA:919,232,1,0
BRDA:931,233,0,0
BRDA:931,233,1,0
BRDA:941,234,0,0
BRDA:941,234,1,0
BRDA:957,235,0,0
BRDA:957,235,1,0
BRDA:978,236,0,0
BRDA:978,236,1,0
BRDA:988,237,0,0
BRDA:988,237,1,0
BRDA:996,238,0,0
BRDA:996,238,1,0
BRDA:1005,239,0,0
BRDA:1005,239,1,0
BRDA:1022,240,0,0
BRDA:1022,240,1,0
BRDA:1025,241,0,0
BRDA:1025,241,1,0
BRDA:1062,242,0,0
BRDA:1062,242,1,0
BRDA:1070,243,0,0
BRDA:1070,243,1,0
BRDA:1101,244,0,0
BRDA:1101,244,1,0
BRDA:1108,245,0,0
BRDA:1108,245,1,0
BRDA:1108,245,2,0
BRDA:1108,245,3,0
BRDA:1108,245,4,0
BRDA:1108,245,5,0
BRDA:1108,245,6,0
BRDA:1113,246,0,0
BRDA:1113,246,1,0
BRDA:1116,247,0,0
BRDA:1116,247,1,0
BRDA:1132,248,0,0
BRDA:1132,248,1,0
BRDA:1132,248,2,0
BRDA:1148,249,0,0
BRDA:1148,249,1,0
BRDA:1148,249,2,0
BRDA:1161,250,0,0
BRDA:1161,250,1,0
BRDA:1169,251,0,0
BRDA:1169,251,1,0
BRDA:1174,252,0,0
BRDA:1174,252,1,0
BRDA:1174,253,0,0
BRDA:1174,253,1,0
BRDA:1175,254,0,0
BRDA:1175,254,1,0
BRDA:1181,255,0,0
BRDA:1181,255,1,0
BRDA:1195,256,0,0
BRDA:1195,256,1,0
BRDA:1202,257,0,0
BRDA:1202,257,1,0
BRDA:1205,258,0,0
BRDA:1205,258,1,0
BRDA:1248,259,0,0
BRDA:1248,259,1,0
BRDA:1274,260,0,0
BRDA:1274,260,1,0
BRDA:1290,261,0,0
BRDA:1290,261,1,0
BRDA:1301,262,0,0
BRDA:1301,262,1,0
BRDA:1314,263,0,0
BRDA:1314,263,1,0
BRDA:1327,264,0,0
BRDA:1327,264,1,0
BRDA:1335,265,0,0
BRDA:1335,265,1,0
BRDA:1337,266,0,0
BRDA:1337,266,1,0
BRDA:1340,267,0,0
BRDA:1340,267,1,0
BRDA:1343,268,0,0
BRDA:1343,268,1,0
BRDA:1354,269,0,0
BRDA:1354,269,1,0
BRDA:1361,270,0,0
BRDA:1361,270,1,0
BRDA:1362,271,0,0
BRDA:1362,271,1,0
BRDA:1362,272,0,0
BRDA:1362,272,1,0
BRDA:1365,273,0,0
BRDA:1365,273,1,0
BRDA:1366,274,0,0
BRDA:1366,274,1,0
BRDA:1369,275,0,0
BRDA:1369,275,1,0
BRDA:1373,276,0,0
BRDA:1373,276,1,0
BRDA:1376,277,0,0
BRDA:1376,277,1,0
BRDA:1381,278,0,0
BRDA:1381,278,1,0
BRDA:1384,279,0,0
BRDA:1384,279,1,0
BRDA:1384,280,0,0
BRDA:1384,280,1,0
BRDA:1385,281,0,0
BRDA:1385,281,1,0
BRDA:1360,282,0,0
BRDA:1360,282,1,0
BRDA:1412,283,0,0
BRDA:1412,283,1,0
BRDA:1430,284,0,0
BRDA:1430,284,1,0
BRDA:1430,284,2,0
BRDA:1430,284,3,0
BRDA:1460,285,0,0
BRDA:1460,285,1,0
BRDA:1460,286,0,0
BRDA:1460,286,1,0
BRDA:1470,287,0,0
BRDA:1470,287,1,0
BRDA:1470,288,0,0
BRDA:1470,288,1,0
BRDA:1478,289,0,0
BRDA:1478,289,1,0
BRDA:1497,290,0,0
BRDA:1497,290,1,0
BRDA:1499,291,0,0
BRDA:1499,291,1,0
BRDA:1503,292,0,0
BRDA:1503,292,1,0
BRDA:1504,293,0,0
BRDA:1504,293,1,0
BRDA:1504,294,0,0
BRDA:1504,294,1,0
BRDA:1507,295,0,0
BRDA:1507,295,1,0
BRDA:1508,296,0,0
BRDA:1508,296,1,0
BRDA:1511,297,0,0
BRDA:1511,297,1,0
BRDA:1515,298,0,0
BRDA:1515,298,1,0
BRDA:1518,299,0,0
BRDA:1518,299,1,0
BRDA:1522,300,0,0
BRDA:1522,300,1,0
BRDA:1523,301,0,0
BRDA:1523,301,1,0
BRDA:1529,302,0,0
BRDA:1529,302,1,0
BRDA:1532,303,0,0
BRDA:1532,303,1,0
BRDA:1532,304,0,0
BRDA:1532,304,1,0
BRDA:1532,305,0,0
BRDA:1532,305,1,0
BRDA:1533,306,0,0
BRDA:1533,306,1,0
BRDA:1544,307,0,0
BRDA:1544,307,1,0
BRDA:1546,308,0,0
BRDA:1546,308,1,0
BRDA:1547,309,0,0
BRDA:1547,309,1,0
BRDA:1560,310,0,0
BRDA:1560,310,1,0
BRDA:1560,311,0,0
BRDA:1560,311,1,0
BRDA:1607,312,0,0
BRDA:1607,312,1,0
BRDA:1659,313,0,0
BRDA:1659,313,1,0
BRDA:1665,314,0,0
BRDA:1665,314,1,0
BRDA:1669,315,0,0
BRDA:1669,315,1,0
BRDA:1669,316,0,0
BRDA:1669,316,1,0
BRDA:1672,317,0,0
BRDA:1672,317,1,0
BRDA:1673,318,0,0
BRDA:1673,318,1,0
BRDA:1676,319,0,0
BRDA:1676,319,1,0
BRDA:1680,320,0,0
BRDA:1680,320,1,0
BRDA:1683,321,0,0
BRDA:1683,321,1,0
BRDA:1687,322,0,0
BRDA:1687,322,1,0
BRDA:1688,323,0,0
BRDA:1688,323,1,0
BRDA:1694,324,0,0
BRDA:1694,324,1,0
BRDA:1697,325,0,0
BRDA:1697,325,1,0
BRDA:1697,326,0,0
BRDA:1697,326,1,0
BRDA:1697,327,0,0
BRDA:1697,327,1,0
BRDA:1698,328,0,0
BRDA:1698,328,1,0
BRDA:1709,329,0,0
BRDA:1709,329,1,0
BRDA:1711,330,0,0
BRDA:1711,330,1,0
BRDA:1712,331,0,0
BRDA:1712,331,1,0
BRDA:1768,332,0,0
BRDA:1768,332,1,0
BRDA:1770,333,0,0
BRDA:1770,333,1,0
BRDA:1772,334,0,0
BRDA:1772,334,1,0
BRDA:1778,335,0,0
BRDA:1778,335,1,0
BRDA:1779,336,0,0
BRDA:1779,336,1,0
BRDA:1785,337,0,0
BRDA:1785,337,1,0
BRDA:1788,338,0,0
BRDA:1788,338,1,0
BRDA:1790,339,0,0
BRDA:1790,339,1,0
BRDA:1794,340,0,0
BRDA:1794,340,1,0
BRDA:1794,340,2,0
BRDA:1794,340,3,0
BRDA:1797,341,0,0
BRDA:1797,341,1,0
BRDA:1797,341,2,0
BRDA:1797,341,3,0
BRDA:1800,342,0,0
BRDA:1800,342,1,0
BRDA:1813,343,0,0
BRDA:1813,343,1,0
BRDA:1814,344,0,0
BRDA:1814,344,1,0
BRDA:1815,345,0,0
BRDA:1815,345,1,0
BRDA:1817,346,0,0
BRDA:1817,346,1,0
BRDA:1818,347,0,0
BRDA:1818,347,1,0
BRDA:1823,348,0,0
BRDA:1823,348,1,0
BRDA:1841,349,0,0
BRDA:1841,349,1,0
BRDA:1843,350,0,0
BRDA:1843,350,1,0
BRDA:1844,351,0,0
BRDA:1844,351,1,0
BRDA:1869,352,0,0
BRDA:1869,352,1,0
BRDA:1872,353,0,0
BRDA:1872,353,1,0
BRDA:1877,354,0,0
BRDA:1877,354,1,0
BRDA:1949,355,0,0
BRDA:1949,355,1,0
BRDA:1954,356,0,0
BRDA:1954,356,1,0
BRDA:1962,357,0,0
BRDA:1962,357,1,0
BRDA:1976,358,0,0
BRDA:1976,358,1,0
BRDA:1982,359,0,0
BRDA:1982,359,1,0
BRDA:1993,360,0,0
BRDA:1993,360,1,0
BRDA:2002,361,0,0
BRDA:2002,361,1,0
BRDA:2008,362,0,0
BRDA:2008,362,1,0
BRDA:2011,363,0,0
BRDA:2011,363,1,0
BRDA:2012,364,0,0
BRDA:2012,364,1,0
BRDA:2013,365,0,0
BRDA:2013,365,1,0
BRDA:2017,366,0,0
BRDA:2017,366,1,0
BRDA:2020,367,0,0
BRDA:2020,367,1,0
BRDA:2036,368,0,0
BRDA:2036,368,1,0
BRDA:2037,369,0,0
BRDA:2037,369,1,0
BRDA:2049,370,0,0
BRDA:2049,370,1,0
BRDA:2058,371,0,0
BRDA:2058,371,1,0
BRDA:2063,372,0,0
BRDA:2063,372,1,0
BRDA:2063,372,2,0
BRDA:2067,373,0,0
BRDA:2067,373,1,0
BRDA:2072,374,0,0
BRDA:2072,374,1,0
BRDA:2084,375,0,0
BRDA:2084,375,1,0
BRDA:2111,376,0,0
BRDA:2118,377,0,0
BRF:783
BRH:0
end_of_record
